#
# A fatal error has been detected by the Java Runtime Environment:
#
#  SIGSEGV (0xb) at pc=0x00007ff80bd8675d, pid=38903, tid=122451
#
# JRE version: OpenJDK Runtime Environment Temurin-17.0.4.1+1 (17.0.4.1+1) (build 17.0.4.1+1)
# Java VM: OpenJDK 64-Bit Server VM Temurin-17.0.4.1+1 (17.0.4.1+1, mixed mode, sharing, tiered, compressed oops, compressed class ptrs, g1 gc, bsd-amd64)
# Problematic frame:
# C  [libobjc.A.dylib+0x675d]  objc_msgSend+0x1d
#
# No core dump will be written. Core dumps have been disabled. To enable core dumping, try "ulimit -c unlimited" before starting Java again
#
# If you would like to submit a bug report, please visit:
#   https://github.com/adoptium/adoptium-support/issues
# The crash happened outside the Java Virtual Machine in native code.
# See problematic frame for where to report the bug.
#

---------------  S U M M A R Y ------------

Command Line: -ea -agentlib:jdwp=transport=dt_socket,address=127.0.0.1:65072 -Dfile.encoding=UTF-8 bluej.runtime.ExecServer UTF-8

Host: "MacBookAir10,1" x86_64 (EMULATED) 2400 MHz, 8 cores, 8G, Darwin 22.5.0, macOS 10.16 (22F66)
Time: Wed May 31 08:33:49 2023 PDT elapsed time: 5.843380 seconds (0d 0h 0m 5s)

---------------  T H R E A D  ---------------

Current thread (0x00007f9cd9846800):  JavaThread "LWJGL Application" [_thread_in_native, id=122451, stack(0x000000030b6da000,0x000000030b7da000)]

Stack: [0x000000030b6da000,0x000000030b7da000],  sp=0x000000030b7d9148,  free space=1020k
Native frames: (J=compiled Java code, j=interpreted, Vv=VM code, C=native code)
C  [libobjc.A.dylib+0x675d]  objc_msgSend+0x1d
C  [AppleMetalOpenGLRenderer+0x2c73d]  GLDContextRec::addRenderPassResources()+0x23
C  [AppleMetalOpenGLRenderer+0x2ca06]  GLDContextRec::beginRenderPass()+0x25a
C  [AppleMetalOpenGLRenderer+0x42277]  gldBeginPrimitiveBuffer(GLDContextRec*, unsigned int, int*)+0xfe
C  [GLEngine+0x10ae30]  gleBeginPrimitiveTCLFunc+0x48
C  [GLEngine+0xcf421]  glDrawElements_IMM_Exec+0x358
J 877  org.lwjgl.opengl.GL11.nglDrawElements(IIIJJ)V (0 bytes) @ 0x000000011e14dd10 [0x000000011e14dc40+0x00000000000000d0]
J 878 c1 org.lwjgl.opengl.GL11.glDrawElements(ILjava/nio/ShortBuffer;)V (38 bytes) @ 0x0000000116d47b74 [0x0000000116d473e0+0x0000000000000794]
J 833 c1 com.badlogic.gdx.backends.lwjgl.LwjglGL20.glDrawElements(IIILjava/nio/Buffer;)V (124 bytes) @ 0x0000000116d38db4 [0x0000000116d37fa0+0x0000000000000e14]
J 829 c1 com.badlogic.gdx.graphics.Mesh.render(Lcom/badlogic/gdx/graphics/glutils/ShaderProgram;IIIZ)V (182 bytes) @ 0x0000000116d35844 [0x0000000116d351a0+0x00000000000006a4]
J 870 c1 com.badlogic.gdx.graphics.Mesh.render(Lcom/badlogic/gdx/graphics/glutils/ShaderProgram;III)V (14 bytes) @ 0x0000000116d465ec [0x0000000116d46540+0x00000000000000ac]
J 825 c1 com.badlogic.gdx.graphics.g2d.SpriteBatch.flush()V (185 bytes) @ 0x0000000116d3364c [0x0000000116d328a0+0x0000000000000dac]
J 946 c1 com.badlogic.gdx.graphics.g2d.SpriteBatch.draw(Lcom/badlogic/gdx/graphics/Texture;FFFFFFFFFIIIIZZ)V (672 bytes) @ 0x0000000116d68c04 [0x0000000116d68a40+0x00000000000001c4]
j  TankGame.drawredTank(Lcom/badlogic/gdx/graphics/Texture;Lcom/badlogic/gdx/math/Polygon;)V+78
j  TankGame.render()V+82
j  com.badlogic.gdx.backends.lwjgl.LwjglApplication.mainLoop()V+684
j  com.badlogic.gdx.backends.lwjgl.LwjglApplication$1.run()V+27
v  ~StubRoutines::call_stub
V  [libjvm.dylib+0x51bc86]  JavaCalls::call_helper(JavaValue*, methodHandle const&, JavaCallArguments*, JavaThread*)+0x2b6
V  [libjvm.dylib+0x51ace7]  JavaCalls::call_virtual(JavaValue*, Klass*, Symbol*, Symbol*, JavaCallArguments*, JavaThread*)+0x147
V  [libjvm.dylib+0x51adb3]  JavaCalls::call_virtual(JavaValue*, Handle, Klass*, Symbol*, Symbol*, JavaThread*)+0x63
V  [libjvm.dylib+0x5c6774]  thread_entry(JavaThread*, JavaThread*)+0xb4
V  [libjvm.dylib+0xaa3acf]  JavaThread::thread_main_inner()+0x14f
V  [libjvm.dylib+0xaa1e4a]  Thread::call_run()+0x11a
V  [libjvm.dylib+0x8ae6db]  thread_native_entry(Thread*)+0x14b
C  [libsystem_pthread.dylib+0x61d3]  _pthread_start+0x7d
C  [libsystem_pthread.dylib+0x1bd3]  thread_start+0xf

Java frames: (J=compiled Java code, j=interpreted, Vv=VM code)
J 877  org.lwjgl.opengl.GL11.nglDrawElements(IIIJJ)V (0 bytes) @ 0x000000011e14dc96 [0x000000011e14dc40+0x0000000000000056]
J 878 c1 org.lwjgl.opengl.GL11.glDrawElements(ILjava/nio/ShortBuffer;)V (38 bytes) @ 0x0000000116d47b74 [0x0000000116d473e0+0x0000000000000794]
J 833 c1 com.badlogic.gdx.backends.lwjgl.LwjglGL20.glDrawElements(IIILjava/nio/Buffer;)V (124 bytes) @ 0x0000000116d38db4 [0x0000000116d37fa0+0x0000000000000e14]
J 829 c1 com.badlogic.gdx.graphics.Mesh.render(Lcom/badlogic/gdx/graphics/glutils/ShaderProgram;IIIZ)V (182 bytes) @ 0x0000000116d35844 [0x0000000116d351a0+0x00000000000006a4]
J 870 c1 com.badlogic.gdx.graphics.Mesh.render(Lcom/badlogic/gdx/graphics/glutils/ShaderProgram;III)V (14 bytes) @ 0x0000000116d465ec [0x0000000116d46540+0x00000000000000ac]
J 825 c1 com.badlogic.gdx.graphics.g2d.SpriteBatch.flush()V (185 bytes) @ 0x0000000116d3364c [0x0000000116d328a0+0x0000000000000dac]
J 946 c1 com.badlogic.gdx.graphics.g2d.SpriteBatch.draw(Lcom/badlogic/gdx/graphics/Texture;FFFFFFFFFIIIIZZ)V (672 bytes) @ 0x0000000116d68c04 [0x0000000116d68a40+0x00000000000001c4]
j  TankGame.drawredTank(Lcom/badlogic/gdx/graphics/Texture;Lcom/badlogic/gdx/math/Polygon;)V+78
j  TankGame.render()V+82
j  com.badlogic.gdx.backends.lwjgl.LwjglApplication.mainLoop()V+684
j  com.badlogic.gdx.backends.lwjgl.LwjglApplication$1.run()V+27
v  ~StubRoutines::call_stub

siginfo: si_signo: 11 (SIGSEGV), si_code: 1 (SEGV_MAPERR), si_addr: 0x0000108afbbd85c8

Register to memory mapping:

RAX=0x00007f9ce98455a8 points into unknown readable memory: 0x0000000100000000 | 00 00 00 00 01 00 00 00
RBX=0x0 is NULL
RCX=0x0 is NULL
RDX=0x000000000001de53 is an unknown value
RSP=0x000000030b7d9148 is pointing into the stack for thread: 0x00007f9cd9846800
RBP=0x000000030b7d9190 is pointing into the stack for thread: 0x00007f9cd9846800
RSI=0x00007ff82b866e89 points into unknown readable memory: 73 61 6d 70 6c 65 43
RDI=0x00006000026985b0 points into unknown readable memory: 0x0000108afbbd85b0 | b0 85 bd fb 8a 10 00 00
R8 =0x0 is NULL
R9 =0x0000000000000002 is an unknown value
R10=0x0000108afbbd85b0 is an unknown value
R11=0x00007ff82b866e89 points into unknown readable memory: 73 61 6d 70 6c 65 43
R12=0x00007f9ce1048000 points into unknown readable memory: 0x0000000132386730 | 30 67 38 32 01 00 00 00
R13=0x00007f9ce98453bc points into unknown readable memory: 52 de 01 00
R14=0x00007f9ce9845380 points into unknown readable memory: 0x0000000132386970 | 70 69 38 32 01 00 00 00
R15=0x00006000028986c0 points into unknown readable memory: 0x0000108afb5d86c0 | c0 86 5d fb 8a 10 00 00


Registers:
RAX=0x00007f9ce98455a8, RBX=0x0000000000000000, RCX=0x0000000000000000, RDX=0x000000000001de53
RSP=0x000000030b7d9148, RBP=0x000000030b7d9190, RSI=0x00007ff82b866e89, RDI=0x00006000026985b0
R8 =0x0000000000000000, R9 =0x0000000000000002, R10=0x0000108afbbd85b0, R11=0x00007ff82b866e89
R12=0x00007f9ce1048000, R13=0x00007f9ce98453bc, R14=0x00007f9ce9845380, R15=0x00006000028986c0
RIP=0x00007ff80bd8675d, EFLAGS=0x0000000000000247, ERR=0x0000000000000004
  TRAPNO=0x000000000000000e

Top of Stack: (sp=0x000000030b7d9148)
0x000000030b7d9148:   0000000132335d27 0000000002f9cab0
0x000000030b7d9158:   00007ff80bda264d 0000600002f9cab0
0x000000030b7d9168:   000000000000aa68 00007f9ce1048000
0x000000030b7d9178:   00007f9ce8a84000 00007f9ce1048000
0x000000030b7d9188:   00007ff80bd86740 000000030b7d91c0
0x000000030b7d9198:   000000013234073d 00007f9ce1048000
0x000000030b7d91a8:   00007f9ce1048000 00007ff82b835bfe
0x000000030b7d91b8:   00007ff80bd86740 000000030b7d91f0
0x000000030b7d91c8:   0000000132340a06 0000000000000000
0x000000030b7d91d8:   000000000000000c 000000030b7d9234
0x000000030b7d91e8:   0000000000000014 000000030b7d9220
0x000000030b7d91f8:   0000000132356277 00007f9ce1038000
0x000000030b7d9208:   00007f9ce1038000 000000030b7d9234
0x000000030b7d9218:   0000000000000014 000000030b7d9250
0x000000030b7d9228:   00007ffa241a0e30 0000000c00000004
0x000000030b7d9238:   0000000000000006 0000000000000004
0x000000030b7d9248:   00007f9cd9846801 000000030b7d92b0
0x000000030b7d9258:   00007ffa24165421 0000000000010002
0x000000030b7d9268:   00007f9ce8a84440 0000000000000004
0x000000030b7d9278:   0000000000000006 0000000600000004
0x000000030b7d9288:   0000000000002306 0000000000000000
0x000000030b7d9298:   00000000000005ba 000000030b7d92f8
0x000000030b7d92a8:   00007f9cd9846800 000000030b7d9310
0x000000030b7d92b8:   000000011e14dd10 00007ffa2408c5c0
0x000000030b7d92c8:   0000000000000000 0000000000000000
0x000000030b7d92d8:   00000015025d8000 00000007875a23f0
0x000000030b7d92e8:   0000001502920000 000000030b7d9990
0x000000030b7d92f8:   0000000787640770 000000030b7d9990
0x000000030b7d9308:   0000000116d0ef5c 000000030b7d9990
0x000000030b7d9318:   0000000116d47b74 0000000000000000
0x000000030b7d9328:   0000000000000001 000000030b7d9990
0x000000030b7d9338:   0000000116cb5744 0000000000000001 

Instructions: (pc=0x00007ff80bd8675d)
0x00007ff80bd8665d:   f5 f9 3f ff 25 aa dc f9 3f f6 41 1e 01 74 ca 48
0x00007ff80bd8666d:   89 f8 c3 48 8b 05 91 0f a7 43 ff e0 90 90 90 90
0x00007ff80bd8667d:   90 90 90 31 c0 31 d2 0f 57 c0 0f 57 c9 c3 90 d9
0x00007ff80bd8668d:   ee 31 c0 31 d2 0f 57 c0 0f 57 c9 c3 0f 1f 00 d9
0x00007ff80bd8669d:   ee d9 ee 31 c0 31 d2 0f 57 c0 0f 57 c9 c3 90 48
0x00007ff80bd866ad:   89 f8 c3 49 89 fa 49 89 f3 45 23 5a 18 49 c1 e3
0x00007ff80bd866bd:   04 4d 03 5a 10 49 3b 33 75 0e 49 8b 43 08 48 83
0x00007ff80bd866cd:   f8 00 74 03 4c 31 d0 c3 49 83 3b 01 76 17 49 83
0x00007ff80bd866dd:   c3 10 49 3b 33 75 f1 49 8b 43 08 48 83 f8 00 74
0x00007ff80bd866ed:   03 4c 31 d0 c3 72 25 4d 8b 5b 08 eb 0a 49 83 3b
0x00007ff80bd866fd:   01 76 17 49 83 c3 10 49 3b 33 75 f1 49 8b 43 08
0x00007ff80bd8670d:   48 83 f8 00 74 03 4c 31 d0 c3 eb 00 31 c0 c3 66
0x00007ff80bd8671d:   2e 0f 1f 84 00 00 00 00 00 66 2e 0f 1f 84 00 00
0x00007ff80bd8672d:   00 00 00 66 2e 0f 1f 84 00 00 00 00 00 66 0f 1f
0x00007ff80bd8673d:   44 00 00 48 85 ff 2e 74 72 40 f6 c7 01 2e 75 76
0x00007ff80bd8674d:   49 ba f8 ff ff ff ff 7f 00 00 4c 23 17 49 89 f3
0x00007ff80bd8675d:   45 23 5a 18 49 c1 e3 04 4d 03 5a 10 49 3b 33 75
0x00007ff80bd8676d:   0a 4d 8b 5b 08 4d 31 d3 41 ff e3 49 83 3b 01 76
0x00007ff80bd8677d:   13 49 83 c3 10 49 3b 33 75 f1 4d 8b 5b 08 4d 31
0x00007ff80bd8678d:   d3 41 ff e3 72 70 4d 8b 5b 08 eb 0a 49 83 3b 01
0x00007ff80bd8679d:   76 13 49 83 c3 10 49 3b 33 75 f1 4d 8b 5b 08 4d
0x00007ff80bd867ad:   31 d3 41 ff e3 eb 4f 0f 1f 40 00 31 c0 31 d2 0f
0x00007ff80bd867bd:   57 c0 0f 57 c9 c3 41 89 fb 41 83 e3 0f 4c 8d 15
0x00007ff80bd867cd:   2f f2 a6 43 4f 8b 14 da 4c 8d 1d fc f0 a6 43 4d
0x00007ff80bd867dd:   39 d3 0f 85 75 ff ff ff 41 89 fb 41 c1 eb 04 41
0x00007ff80bd867ed:   81 e3 ff 00 00 00 4c 8d 15 86 f2 a6 43 4f 8b 14
0x00007ff80bd867fd:   da e9 57 ff ff ff e9 88 0a 00 00 66 2e 0f 1f 84
0x00007ff80bd8680d:   00 00 00 00 00 66 2e 0f 1f 84 00 00 00 00 00 66
0x00007ff80bd8681d:   2e 0f 1f 84 00 00 00 00 00 66 2e 0f 1f 84 00 00
0x00007ff80bd8682d:   00 00 00 66 2e 0f 1f 84 00 00 00 00 00 66 0f 1f
0x00007ff80bd8683d:   44 00 00 48 85 ff 2e 74 6a 40 f6 c7 01 2e 75 6b
0x00007ff80bd8684d:   49 ba f8 ff ff ff ff 7f 00 00 4c 23 17 49 89 f3 


Stack slot to memory mapping:
stack at sp + 0 slots: 0x0000000132335d27: _ZN13GLDTextureRec18getTextureResourceEjb+0x12f in /System/Library/Extensions/AppleMetalOpenGLRenderer.bundle/Contents/MacOS/AppleMetalOpenGLRenderer at 0x0000000132314000
stack at sp + 1 slots: 0x0000000002f9cab0 is an unknown value
stack at sp + 2 slots: 0x00007ff80bda264d: lookUpImpOrNilTryCache+0x52 in /usr/lib/libobjc.A.dylib at 0x00007ff80bd80000
stack at sp + 3 slots: 0x0000600002f9cab0 points into unknown readable memory: 0x011dfffa4ecb20c1 | c1 20 cb 4e fa ff 1d 01
stack at sp + 4 slots: 0x000000000000aa68 is an unknown value
stack at sp + 5 slots: 0x00007f9ce1048000 points into unknown readable memory: 0x0000000132386730 | 30 67 38 32 01 00 00 00
stack at sp + 6 slots: 0x00007f9ce8a84000 points into unknown readable memory: 0x0000000000000000 | 00 00 00 00 00 00 00 00
stack at sp + 7 slots: 0x00007f9ce1048000 points into unknown readable memory: 0x0000000132386730 | 30 67 38 32 01 00 00 00


---------------  P R O C E S S  ---------------

Threads class SMR info:
_java_thread_list=0x0000600001dfd900, length=19, elements={
0x00007f9ce900f000, 0x00007f9ce88af200, 0x00007f9ce9029e00, 0x00007f9ce902a400,
0x00007f9ce902aa00, 0x00007f9ce902b000, 0x00007f9ce902b600, 0x00007f9ce902bc00,
0x00007f9cd8808800, 0x00007f9cd881a200, 0x00007f9ce9057200, 0x00007f9cd881a800,
0x00007f9cd881d400, 0x00007f9ce902d600, 0x00007f9cd890d600, 0x00007f9cca008800,
0x00007f9cd8941c00, 0x00007f9cd9846800, 0x00007f9ce8817e00
}

Java Threads: ( => current thread )
  0x00007f9ce900f000 JavaThread "Reference Handler" daemon [_thread_blocked, id=31815, stack(0x0000000309fe4000,0x000000030a0e4000)]
  0x00007f9ce88af200 JavaThread "Finalizer" daemon [_thread_blocked, id=22275, stack(0x000000030a0e7000,0x000000030a1e7000)]
  0x00007f9ce9029e00 JavaThread "Signal Dispatcher" daemon [_thread_blocked, id=28419, stack(0x000000030a2fb000,0x000000030a3fb000)]
  0x00007f9ce902a400 JavaThread "Service Thread" daemon [_thread_blocked, id=28163, stack(0x000000030a3fe000,0x000000030a4fe000)]
  0x00007f9ce902aa00 JavaThread "Monitor Deflation Thread" daemon [_thread_blocked, id=27907, stack(0x000000030a501000,0x000000030a601000)]
  0x00007f9ce902b000 JavaThread "C2 CompilerThread0" daemon [_thread_blocked, id=27651, stack(0x000000030a604000,0x000000030a704000)]
  0x00007f9ce902b600 JavaThread "C1 CompilerThread0" daemon [_thread_blocked, id=27139, stack(0x000000030a707000,0x000000030a807000)]
  0x00007f9ce902bc00 JavaThread "Sweeper thread" daemon [_thread_blocked, id=26883, stack(0x000000030a80a000,0x000000030a90a000)]
  0x00007f9cd8808800 JavaThread "JDWP Transport Listener: dt_socket" daemon [_thread_blocked, id=25751, stack(0x000000030a90d000,0x000000030aa0d000)]
  0x00007f9cd881a200 JavaThread "JDWP Event Helper Thread" daemon [_thread_blocked, id=26627, stack(0x000000030aa10000,0x000000030ab10000)]
  0x00007f9ce9057200 JavaThread "JDWP Command Reader" daemon [_thread_in_native, id=32771, stack(0x000000030ab13000,0x000000030ac13000)]
  0x00007f9cd881a800 JavaThread "Notification Thread" daemon [_thread_blocked, id=33283, stack(0x000000030ac16000,0x000000030ad16000)]
  0x00007f9cd881d400 JavaThread "Common-Cleaner" daemon [_thread_blocked, id=34571, stack(0x000000030ae1c000,0x000000030af1c000)]
  0x00007f9ce902d600 JavaThread "AppKit Thread" daemon [_thread_in_native, id=259, stack(0x000000030904c000,0x000000030984c000)]
  0x00007f9cd890d600 JavaThread "BlueJ worker thread" [_thread_blocked, id=67587, stack(0x000000030b451000,0x000000030b551000)]
  0x00007f9cca008800 JavaThread "DestroyJavaVM" [_thread_blocked, id=11011, stack(0x00000003098cf000,0x00000003099cf000)]
  0x00007f9cd8941c00 JavaThread "AWT-Shutdown" [_thread_blocked, id=123651, stack(0x000000030b5d7000,0x000000030b6d7000)]
=>0x00007f9cd9846800 JavaThread "LWJGL Application" [_thread_in_native, id=122451, stack(0x000000030b6da000,0x000000030b7da000)]
  0x00007f9ce8817e00 JavaThread "main" [_thread_blocked, id=93187, stack(0x000000030b7dd000,0x000000030b8dd000)]

Other Threads:
  0x00007f9ce870e620 VMThread "VM Thread" [stack: 0x0000000309ee1000,0x0000000309fe1000] [id=32259]
  0x00007f9cd87067a0 WatcherThread [stack: 0x000000030ad19000,0x000000030ae19000] [id=33795]
  0x00007f9ce8708370 GCTaskThread "GC Thread#0" [stack: 0x00000003099d2000,0x0000000309ad2000] [id=21507]
  0x00007f9ce8708a10 ConcurrentGCThread "G1 Main Marker" [stack: 0x0000000309ad5000,0x0000000309bd5000] [id=21251]
  0x00007f9ce8709290 ConcurrentGCThread "G1 Conc#0" [stack: 0x0000000309bd8000,0x0000000309cd8000] [id=20483]
  0x00007f9ce870baf0 ConcurrentGCThread "G1 Refine#0" [stack: 0x0000000309cdb000,0x0000000309ddb000] [id=19715]
  0x00007f9ce9804640 ConcurrentGCThread "G1 Service" [stack: 0x0000000309dde000,0x0000000309ede000] [id=17411]

Threads with active compile tasks:

VM state: not at safepoint (normal execution)

VM Mutex/Monitor currently owned by a thread: None

Heap address: 0x0000000780000000, size: 2048 MB, Compressed Oops mode: Zero based, Oop shift amount: 3

CDS archive(s) mapped at: [0x0000000800000000-0x0000000800bd4000-0x0000000800bd4000), size 12402688, SharedBaseAddress: 0x0000000800000000, ArchiveRelocationMode: 0.
Compressed class space mapped at: 0x0000000800c00000-0x0000000840c00000, reserved size: 1073741824
Narrow klass base: 0x0000000800000000, Narrow klass shift: 0, Narrow klass range: 0x100000000

GC Precious Log:
 CPUs: 8 total, 8 available
 Memory: 8192M
 Large Page Support: Disabled
 NUMA Support: Disabled
 Compressed Oops: Enabled (Zero based)
 Heap Region Size: 1M
 Heap Min Capacity: 8M
 Heap Initial Capacity: 128M
 Heap Max Capacity: 2G
 Pre-touch: Disabled
 Parallel Workers: 8
 Concurrent Workers: 2
 Concurrent Refinement Workers: 8
 Periodic GC: Disabled

Heap:
 garbage-first heap   total 133120K, used 14292K [0x0000000780000000, 0x0000000800000000)
  region size 1024K, 13 young (13312K), 0 survivors (0K)
 Metaspace       used 5192K, committed 5312K, reserved 1056768K
  class space    used 415K, committed 448K, reserved 1048576K

Heap Regions: E=young(eden), S=young(survivor), O=old, HS=humongous(starts), HC=humongous(continues), CS=collection set, F=free, OA=open archive, CA=closed archive, TAMS=top-at-mark-start (previous, next)
|   0|0x0000000780000000, 0x0000000780100000, 0x0000000780100000|100%|HS|  |TAMS 0x0000000780000000, 0x0000000780000000| Complete 
|   1|0x0000000780100000, 0x0000000780100000, 0x0000000780200000|  0%| F|  |TAMS 0x0000000780100000, 0x0000000780100000| Untracked 
|   2|0x0000000780200000, 0x0000000780200000, 0x0000000780300000|  0%| F|  |TAMS 0x0000000780200000, 0x0000000780200000| Untracked 
|   3|0x0000000780300000, 0x0000000780300000, 0x0000000780400000|  0%| F|  |TAMS 0x0000000780300000, 0x0000000780300000| Untracked 
|   4|0x0000000780400000, 0x0000000780400000, 0x0000000780500000|  0%| F|  |TAMS 0x0000000780400000, 0x0000000780400000| Untracked 
|   5|0x0000000780500000, 0x0000000780500000, 0x0000000780600000|  0%| F|  |TAMS 0x0000000780500000, 0x0000000780500000| Untracked 
|   6|0x0000000780600000, 0x0000000780600000, 0x0000000780700000|  0%| F|  |TAMS 0x0000000780600000, 0x0000000780600000| Untracked 
|   7|0x0000000780700000, 0x0000000780700000, 0x0000000780800000|  0%| F|  |TAMS 0x0000000780700000, 0x0000000780700000| Untracked 
|   8|0x0000000780800000, 0x0000000780800000, 0x0000000780900000|  0%| F|  |TAMS 0x0000000780800000, 0x0000000780800000| Untracked 
|   9|0x0000000780900000, 0x0000000780900000, 0x0000000780a00000|  0%| F|  |TAMS 0x0000000780900000, 0x0000000780900000| Untracked 
|  10|0x0000000780a00000, 0x0000000780a00000, 0x0000000780b00000|  0%| F|  |TAMS 0x0000000780a00000, 0x0000000780a00000| Untracked 
|  11|0x0000000780b00000, 0x0000000780b00000, 0x0000000780c00000|  0%| F|  |TAMS 0x0000000780b00000, 0x0000000780b00000| Untracked 
|  12|0x0000000780c00000, 0x0000000780c00000, 0x0000000780d00000|  0%| F|  |TAMS 0x0000000780c00000, 0x0000000780c00000| Untracked 
|  13|0x0000000780d00000, 0x0000000780d00000, 0x0000000780e00000|  0%| F|  |TAMS 0x0000000780d00000, 0x0000000780d00000| Untracked 
|  14|0x0000000780e00000, 0x0000000780e00000, 0x0000000780f00000|  0%| F|  |TAMS 0x0000000780e00000, 0x0000000780e00000| Untracked 
|  15|0x0000000780f00000, 0x0000000780f00000, 0x0000000781000000|  0%| F|  |TAMS 0x0000000780f00000, 0x0000000780f00000| Untracked 
|  16|0x0000000781000000, 0x0000000781000000, 0x0000000781100000|  0%| F|  |TAMS 0x0000000781000000, 0x0000000781000000| Untracked 
|  17|0x0000000781100000, 0x0000000781100000, 0x0000000781200000|  0%| F|  |TAMS 0x0000000781100000, 0x0000000781100000| Untracked 
|  18|0x0000000781200000, 0x0000000781200000, 0x0000000781300000|  0%| F|  |TAMS 0x0000000781200000, 0x0000000781200000| Untracked 
|  19|0x0000000781300000, 0x0000000781300000, 0x0000000781400000|  0%| F|  |TAMS 0x0000000781300000, 0x0000000781300000| Untracked 
|  20|0x0000000781400000, 0x0000000781400000, 0x0000000781500000|  0%| F|  |TAMS 0x0000000781400000, 0x0000000781400000| Untracked 
|  21|0x0000000781500000, 0x0000000781500000, 0x0000000781600000|  0%| F|  |TAMS 0x0000000781500000, 0x0000000781500000| Untracked 
|  22|0x0000000781600000, 0x0000000781600000, 0x0000000781700000|  0%| F|  |TAMS 0x0000000781600000, 0x0000000781600000| Untracked 
|  23|0x0000000781700000, 0x0000000781700000, 0x0000000781800000|  0%| F|  |TAMS 0x0000000781700000, 0x0000000781700000| Untracked 
|  24|0x0000000781800000, 0x0000000781800000, 0x0000000781900000|  0%| F|  |TAMS 0x0000000781800000, 0x0000000781800000| Untracked 
|  25|0x0000000781900000, 0x0000000781900000, 0x0000000781a00000|  0%| F|  |TAMS 0x0000000781900000, 0x0000000781900000| Untracked 
|  26|0x0000000781a00000, 0x0000000781a00000, 0x0000000781b00000|  0%| F|  |TAMS 0x0000000781a00000, 0x0000000781a00000| Untracked 
|  27|0x0000000781b00000, 0x0000000781b00000, 0x0000000781c00000|  0%| F|  |TAMS 0x0000000781b00000, 0x0000000781b00000| Untracked 
|  28|0x0000000781c00000, 0x0000000781c00000, 0x0000000781d00000|  0%| F|  |TAMS 0x0000000781c00000, 0x0000000781c00000| Untracked 
|  29|0x0000000781d00000, 0x0000000781d00000, 0x0000000781e00000|  0%| F|  |TAMS 0x0000000781d00000, 0x0000000781d00000| Untracked 
|  30|0x0000000781e00000, 0x0000000781e00000, 0x0000000781f00000|  0%| F|  |TAMS 0x0000000781e00000, 0x0000000781e00000| Untracked 
|  31|0x0000000781f00000, 0x0000000781f00000, 0x0000000782000000|  0%| F|  |TAMS 0x0000000781f00000, 0x0000000781f00000| Untracked 
|  32|0x0000000782000000, 0x0000000782000000, 0x0000000782100000|  0%| F|  |TAMS 0x0000000782000000, 0x0000000782000000| Untracked 
|  33|0x0000000782100000, 0x0000000782100000, 0x0000000782200000|  0%| F|  |TAMS 0x0000000782100000, 0x0000000782100000| Untracked 
|  34|0x0000000782200000, 0x0000000782200000, 0x0000000782300000|  0%| F|  |TAMS 0x0000000782200000, 0x0000000782200000| Untracked 
|  35|0x0000000782300000, 0x0000000782300000, 0x0000000782400000|  0%| F|  |TAMS 0x0000000782300000, 0x0000000782300000| Untracked 
|  36|0x0000000782400000, 0x0000000782400000, 0x0000000782500000|  0%| F|  |TAMS 0x0000000782400000, 0x0000000782400000| Untracked 
|  37|0x0000000782500000, 0x0000000782500000, 0x0000000782600000|  0%| F|  |TAMS 0x0000000782500000, 0x0000000782500000| Untracked 
|  38|0x0000000782600000, 0x0000000782600000, 0x0000000782700000|  0%| F|  |TAMS 0x0000000782600000, 0x0000000782600000| Untracked 
|  39|0x0000000782700000, 0x0000000782700000, 0x0000000782800000|  0%| F|  |TAMS 0x0000000782700000, 0x0000000782700000| Untracked 
|  40|0x0000000782800000, 0x0000000782800000, 0x0000000782900000|  0%| F|  |TAMS 0x0000000782800000, 0x0000000782800000| Untracked 
|  41|0x0000000782900000, 0x0000000782900000, 0x0000000782a00000|  0%| F|  |TAMS 0x0000000782900000, 0x0000000782900000| Untracked 
|  42|0x0000000782a00000, 0x0000000782a00000, 0x0000000782b00000|  0%| F|  |TAMS 0x0000000782a00000, 0x0000000782a00000| Untracked 
|  43|0x0000000782b00000, 0x0000000782b00000, 0x0000000782c00000|  0%| F|  |TAMS 0x0000000782b00000, 0x0000000782b00000| Untracked 
|  44|0x0000000782c00000, 0x0000000782c00000, 0x0000000782d00000|  0%| F|  |TAMS 0x0000000782c00000, 0x0000000782c00000| Untracked 
|  45|0x0000000782d00000, 0x0000000782d00000, 0x0000000782e00000|  0%| F|  |TAMS 0x0000000782d00000, 0x0000000782d00000| Untracked 
|  46|0x0000000782e00000, 0x0000000782e00000, 0x0000000782f00000|  0%| F|  |TAMS 0x0000000782e00000, 0x0000000782e00000| Untracked 
|  47|0x0000000782f00000, 0x0000000782f00000, 0x0000000783000000|  0%| F|  |TAMS 0x0000000782f00000, 0x0000000782f00000| Untracked 
|  48|0x0000000783000000, 0x0000000783000000, 0x0000000783100000|  0%| F|  |TAMS 0x0000000783000000, 0x0000000783000000| Untracked 
|  49|0x0000000783100000, 0x0000000783100000, 0x0000000783200000|  0%| F|  |TAMS 0x0000000783100000, 0x0000000783100000| Untracked 
|  50|0x0000000783200000, 0x0000000783200000, 0x0000000783300000|  0%| F|  |TAMS 0x0000000783200000, 0x0000000783200000| Untracked 
|  51|0x0000000783300000, 0x0000000783300000, 0x0000000783400000|  0%| F|  |TAMS 0x0000000783300000, 0x0000000783300000| Untracked 
|  52|0x0000000783400000, 0x0000000783400000, 0x0000000783500000|  0%| F|  |TAMS 0x0000000783400000, 0x0000000783400000| Untracked 
|  53|0x0000000783500000, 0x0000000783500000, 0x0000000783600000|  0%| F|  |TAMS 0x0000000783500000, 0x0000000783500000| Untracked 
|  54|0x0000000783600000, 0x0000000783600000, 0x0000000783700000|  0%| F|  |TAMS 0x0000000783600000, 0x0000000783600000| Untracked 
|  55|0x0000000783700000, 0x0000000783700000, 0x0000000783800000|  0%| F|  |TAMS 0x0000000783700000, 0x0000000783700000| Untracked 
|  56|0x0000000783800000, 0x0000000783800000, 0x0000000783900000|  0%| F|  |TAMS 0x0000000783800000, 0x0000000783800000| Untracked 
|  57|0x0000000783900000, 0x0000000783900000, 0x0000000783a00000|  0%| F|  |TAMS 0x0000000783900000, 0x0000000783900000| Untracked 
|  58|0x0000000783a00000, 0x0000000783a00000, 0x0000000783b00000|  0%| F|  |TAMS 0x0000000783a00000, 0x0000000783a00000| Untracked 
|  59|0x0000000783b00000, 0x0000000783b00000, 0x0000000783c00000|  0%| F|  |TAMS 0x0000000783b00000, 0x0000000783b00000| Untracked 
|  60|0x0000000783c00000, 0x0000000783c00000, 0x0000000783d00000|  0%| F|  |TAMS 0x0000000783c00000, 0x0000000783c00000| Untracked 
|  61|0x0000000783d00000, 0x0000000783d00000, 0x0000000783e00000|  0%| F|  |TAMS 0x0000000783d00000, 0x0000000783d00000| Untracked 
|  62|0x0000000783e00000, 0x0000000783e00000, 0x0000000783f00000|  0%| F|  |TAMS 0x0000000783e00000, 0x0000000783e00000| Untracked 
|  63|0x0000000783f00000, 0x0000000783f00000, 0x0000000784000000|  0%| F|  |TAMS 0x0000000783f00000, 0x0000000783f00000| Untracked 
|  64|0x0000000784000000, 0x0000000784000000, 0x0000000784100000|  0%| F|  |TAMS 0x0000000784000000, 0x0000000784000000| Untracked 
|  65|0x0000000784100000, 0x0000000784100000, 0x0000000784200000|  0%| F|  |TAMS 0x0000000784100000, 0x0000000784100000| Untracked 
|  66|0x0000000784200000, 0x0000000784200000, 0x0000000784300000|  0%| F|  |TAMS 0x0000000784200000, 0x0000000784200000| Untracked 
|  67|0x0000000784300000, 0x0000000784300000, 0x0000000784400000|  0%| F|  |TAMS 0x0000000784300000, 0x0000000784300000| Untracked 
|  68|0x0000000784400000, 0x0000000784400000, 0x0000000784500000|  0%| F|  |TAMS 0x0000000784400000, 0x0000000784400000| Untracked 
|  69|0x0000000784500000, 0x0000000784500000, 0x0000000784600000|  0%| F|  |TAMS 0x0000000784500000, 0x0000000784500000| Untracked 
|  70|0x0000000784600000, 0x0000000784600000, 0x0000000784700000|  0%| F|  |TAMS 0x0000000784600000, 0x0000000784600000| Untracked 
|  71|0x0000000784700000, 0x0000000784700000, 0x0000000784800000|  0%| F|  |TAMS 0x0000000784700000, 0x0000000784700000| Untracked 
|  72|0x0000000784800000, 0x0000000784800000, 0x0000000784900000|  0%| F|  |TAMS 0x0000000784800000, 0x0000000784800000| Untracked 
|  73|0x0000000784900000, 0x0000000784900000, 0x0000000784a00000|  0%| F|  |TAMS 0x0000000784900000, 0x0000000784900000| Untracked 
|  74|0x0000000784a00000, 0x0000000784a00000, 0x0000000784b00000|  0%| F|  |TAMS 0x0000000784a00000, 0x0000000784a00000| Untracked 
|  75|0x0000000784b00000, 0x0000000784b00000, 0x0000000784c00000|  0%| F|  |TAMS 0x0000000784b00000, 0x0000000784b00000| Untracked 
|  76|0x0000000784c00000, 0x0000000784c00000, 0x0000000784d00000|  0%| F|  |TAMS 0x0000000784c00000, 0x0000000784c00000| Untracked 
|  77|0x0000000784d00000, 0x0000000784d00000, 0x0000000784e00000|  0%| F|  |TAMS 0x0000000784d00000, 0x0000000784d00000| Untracked 
|  78|0x0000000784e00000, 0x0000000784e00000, 0x0000000784f00000|  0%| F|  |TAMS 0x0000000784e00000, 0x0000000784e00000| Untracked 
|  79|0x0000000784f00000, 0x0000000784f00000, 0x0000000785000000|  0%| F|  |TAMS 0x0000000784f00000, 0x0000000784f00000| Untracked 
|  80|0x0000000785000000, 0x0000000785000000, 0x0000000785100000|  0%| F|  |TAMS 0x0000000785000000, 0x0000000785000000| Untracked 
|  81|0x0000000785100000, 0x0000000785100000, 0x0000000785200000|  0%| F|  |TAMS 0x0000000785100000, 0x0000000785100000| Untracked 
|  82|0x0000000785200000, 0x0000000785200000, 0x0000000785300000|  0%| F|  |TAMS 0x0000000785200000, 0x0000000785200000| Untracked 
|  83|0x0000000785300000, 0x0000000785300000, 0x0000000785400000|  0%| F|  |TAMS 0x0000000785300000, 0x0000000785300000| Untracked 
|  84|0x0000000785400000, 0x0000000785400000, 0x0000000785500000|  0%| F|  |TAMS 0x0000000785400000, 0x0000000785400000| Untracked 
|  85|0x0000000785500000, 0x0000000785500000, 0x0000000785600000|  0%| F|  |TAMS 0x0000000785500000, 0x0000000785500000| Untracked 
|  86|0x0000000785600000, 0x0000000785600000, 0x0000000785700000|  0%| F|  |TAMS 0x0000000785600000, 0x0000000785600000| Untracked 
|  87|0x0000000785700000, 0x0000000785700000, 0x0000000785800000|  0%| F|  |TAMS 0x0000000785700000, 0x0000000785700000| Untracked 
|  88|0x0000000785800000, 0x0000000785800000, 0x0000000785900000|  0%| F|  |TAMS 0x0000000785800000, 0x0000000785800000| Untracked 
|  89|0x0000000785900000, 0x0000000785900000, 0x0000000785a00000|  0%| F|  |TAMS 0x0000000785900000, 0x0000000785900000| Untracked 
|  90|0x0000000785a00000, 0x0000000785a00000, 0x0000000785b00000|  0%| F|  |TAMS 0x0000000785a00000, 0x0000000785a00000| Untracked 
|  91|0x0000000785b00000, 0x0000000785b00000, 0x0000000785c00000|  0%| F|  |TAMS 0x0000000785b00000, 0x0000000785b00000| Untracked 
|  92|0x0000000785c00000, 0x0000000785c00000, 0x0000000785d00000|  0%| F|  |TAMS 0x0000000785c00000, 0x0000000785c00000| Untracked 
|  93|0x0000000785d00000, 0x0000000785d00000, 0x0000000785e00000|  0%| F|  |TAMS 0x0000000785d00000, 0x0000000785d00000| Untracked 
|  94|0x0000000785e00000, 0x0000000785e00000, 0x0000000785f00000|  0%| F|  |TAMS 0x0000000785e00000, 0x0000000785e00000| Untracked 
|  95|0x0000000785f00000, 0x0000000785f00000, 0x0000000786000000|  0%| F|  |TAMS 0x0000000785f00000, 0x0000000785f00000| Untracked 
|  96|0x0000000786000000, 0x0000000786000000, 0x0000000786100000|  0%| F|  |TAMS 0x0000000786000000, 0x0000000786000000| Untracked 
|  97|0x0000000786100000, 0x0000000786100000, 0x0000000786200000|  0%| F|  |TAMS 0x0000000786100000, 0x0000000786100000| Untracked 
|  98|0x0000000786200000, 0x0000000786200000, 0x0000000786300000|  0%| F|  |TAMS 0x0000000786200000, 0x0000000786200000| Untracked 
|  99|0x0000000786300000, 0x0000000786300000, 0x0000000786400000|  0%| F|  |TAMS 0x0000000786300000, 0x0000000786300000| Untracked 
| 100|0x0000000786400000, 0x0000000786400000, 0x0000000786500000|  0%| F|  |TAMS 0x0000000786400000, 0x0000000786400000| Untracked 
| 101|0x0000000786500000, 0x0000000786500000, 0x0000000786600000|  0%| F|  |TAMS 0x0000000786500000, 0x0000000786500000| Untracked 
| 102|0x0000000786600000, 0x0000000786600000, 0x0000000786700000|  0%| F|  |TAMS 0x0000000786600000, 0x0000000786600000| Untracked 
| 103|0x0000000786700000, 0x0000000786700000, 0x0000000786800000|  0%| F|  |TAMS 0x0000000786700000, 0x0000000786700000| Untracked 
| 104|0x0000000786800000, 0x0000000786800000, 0x0000000786900000|  0%| F|  |TAMS 0x0000000786800000, 0x0000000786800000| Untracked 
| 105|0x0000000786900000, 0x0000000786900000, 0x0000000786a00000|  0%| F|  |TAMS 0x0000000786900000, 0x0000000786900000| Untracked 
| 106|0x0000000786a00000, 0x0000000786a00000, 0x0000000786b00000|  0%| F|  |TAMS 0x0000000786a00000, 0x0000000786a00000| Untracked 
| 107|0x0000000786b00000, 0x0000000786b00000, 0x0000000786c00000|  0%| F|  |TAMS 0x0000000786b00000, 0x0000000786b00000| Untracked 
| 108|0x0000000786c00000, 0x0000000786c00000, 0x0000000786d00000|  0%| F|  |TAMS 0x0000000786c00000, 0x0000000786c00000| Untracked 
| 109|0x0000000786d00000, 0x0000000786d00000, 0x0000000786e00000|  0%| F|  |TAMS 0x0000000786d00000, 0x0000000786d00000| Untracked 
| 110|0x0000000786e00000, 0x0000000786e00000, 0x0000000786f00000|  0%| F|  |TAMS 0x0000000786e00000, 0x0000000786e00000| Untracked 
| 111|0x0000000786f00000, 0x0000000786f00000, 0x0000000787000000|  0%| F|  |TAMS 0x0000000786f00000, 0x0000000786f00000| Untracked 
| 112|0x0000000787000000, 0x0000000787000000, 0x0000000787100000|  0%| F|  |TAMS 0x0000000787000000, 0x0000000787000000| Untracked 
| 113|0x0000000787100000, 0x0000000787100000, 0x0000000787200000|  0%| F|  |TAMS 0x0000000787100000, 0x0000000787100000| Untracked 
| 114|0x0000000787200000, 0x0000000787200000, 0x0000000787300000|  0%| F|  |TAMS 0x0000000787200000, 0x0000000787200000| Untracked 
| 115|0x0000000787300000, 0x00000007873ec0d8, 0x0000000787400000| 92%| E|  |TAMS 0x0000000787300000, 0x0000000787300000| Complete 
| 116|0x0000000787400000, 0x0000000787500000, 0x0000000787500000|100%| E|CS|TAMS 0x0000000787400000, 0x0000000787400000| Complete 
| 117|0x0000000787500000, 0x0000000787600000, 0x0000000787600000|100%| E|CS|TAMS 0x0000000787500000, 0x0000000787500000| Complete 
| 118|0x0000000787600000, 0x0000000787700000, 0x0000000787700000|100%| E|CS|TAMS 0x0000000787600000, 0x0000000787600000| Complete 
| 119|0x0000000787700000, 0x0000000787800000, 0x0000000787800000|100%| E|CS|TAMS 0x0000000787700000, 0x0000000787700000| Complete 
| 120|0x0000000787800000, 0x0000000787900000, 0x0000000787900000|100%| E|CS|TAMS 0x0000000787800000, 0x0000000787800000| Complete 
| 121|0x0000000787900000, 0x0000000787a00000, 0x0000000787a00000|100%| E|CS|TAMS 0x0000000787900000, 0x0000000787900000| Complete 
| 122|0x0000000787a00000, 0x0000000787b00000, 0x0000000787b00000|100%| E|CS|TAMS 0x0000000787a00000, 0x0000000787a00000| Complete 
| 123|0x0000000787b00000, 0x0000000787c00000, 0x0000000787c00000|100%| E|CS|TAMS 0x0000000787b00000, 0x0000000787b00000| Complete 
| 124|0x0000000787c00000, 0x0000000787d00000, 0x0000000787d00000|100%| E|CS|TAMS 0x0000000787c00000, 0x0000000787c00000| Complete 
| 125|0x0000000787d00000, 0x0000000787e00000, 0x0000000787e00000|100%| E|CS|TAMS 0x0000000787d00000, 0x0000000787d00000| Complete 
| 126|0x0000000787e00000, 0x0000000787f00000, 0x0000000787f00000|100%| E|CS|TAMS 0x0000000787e00000, 0x0000000787e00000| Complete 
| 127|0x0000000787f00000, 0x0000000788000000, 0x0000000788000000|100%| E|CS|TAMS 0x0000000787f00000, 0x0000000787f00000| Complete 
|2046|0x00000007ffe00000, 0x00000007ffe76000, 0x00000007fff00000| 46%|OA|  |TAMS 0x00000007ffe00000, 0x00000007ffe00000| Untracked 
|2047|0x00000007fff00000, 0x00000007fff7f000, 0x0000000800000000| 49%|CA|  |TAMS 0x00000007fff00000, 0x00000007fff00000| Untracked 

Card table byte_map: [0x000000010b7a8000,0x000000010bba8000] _byte_map_base: 0x0000000107ba8000

Marking Bits (Prev, Next): (CMBitMap*) 0x00007f9ce8834810, (CMBitMap*) 0x00007f9ce8834850
 Prev Bits: [0x0000000125648000, 0x0000000127648000)
 Next Bits: [0x0000000127648000, 0x0000000129648000)

Polling page: 0x00000001029f3000

Metaspace:

Usage:
  Non-class:      4.66 MB used.
      Class:    415.78 KB used.
       Both:      5.07 MB used.

Virtual space:
  Non-class space:        8.00 MB reserved,       4.75 MB ( 59%) committed,  1 nodes.
      Class space:        1.00 GB reserved,     448.00 KB ( <1%) committed,  1 nodes.
             Both:        1.01 GB reserved,       5.19 MB ( <1%) committed. 

Chunk freelists:
   Non-Class:  1.73 MB
       Class:  3.56 MB
        Both:  5.30 MB

MaxMetaspaceSize: unlimited
CompressedClassSpaceSize: 1.00 GB
Initial GC threshold: 21.00 MB
Current GC threshold: 21.00 MB
CDS: on
MetaspaceReclaimPolicy: balanced
 - commit_granule_bytes: 65536.
 - commit_granule_words: 8192.
 - virtual_space_node_default_size: 1048576.
 - enlarge_chunks_in_place: 1.
 - new_chunks_are_fully_committed: 0.
 - uncommit_free_chunks: 1.
 - use_allocation_guard: 0.
 - handle_deallocations: 1.


Internal statistics:

num_allocs_failed_limit: 0.
num_arena_births: 52.
num_arena_deaths: 0.
num_vsnodes_births: 2.
num_vsnodes_deaths: 0.
num_space_committed: 81.
num_space_uncommitted: 0.
num_chunks_returned_to_freelist: 0.
num_chunks_taken_from_freelist: 157.
num_chunk_merges: 0.
num_chunk_splits: 111.
num_chunks_enlarged: 77.
num_purges: 0.
num_inconsistent_stats: 0.

CodeHeap 'non-profiled nmethods': size=120028Kb used=258Kb max_used=258Kb free=119769Kb
 bounds [0x000000011e111000, 0x000000011e381000, 0x0000000125648000]
CodeHeap 'profiled nmethods': size=120028Kb used=1605Kb max_used=1605Kb free=118422Kb
 bounds [0x0000000116bda000, 0x0000000116e4a000, 0x000000011e111000]
CodeHeap 'non-nmethods': size=5704Kb used=1286Kb max_used=1302Kb free=4417Kb
 bounds [0x0000000116648000, 0x00000001168b8000, 0x0000000116bda000]
 total_blobs=1502 nmethods=949 adapters=468
 compilation: enabled
              stopped_count=0, restarted_count=0
 full_count=0

Compilation events (20 events):
Event: 5.788 Thread 0x00007f9ce902b600  940  s    3       org.lwjgl.opengl.EventQueue::copyEvents (77 bytes)
Event: 5.788 Thread 0x00007f9ce902b600 nmethod 940 0x0000000116d65c10 code [0x0000000116d65e40, 0x0000000116d666c0]
Event: 5.788 Thread 0x00007f9ce902b600  941       1       org.lwjgl.opengl.MacOSXDisplay::isVisible (2 bytes)
Event: 5.788 Thread 0x00007f9ce902b600 nmethod 941 0x000000011e151890 code [0x000000011e151a20, 0x000000011e151af0]
Event: 5.810 Thread 0x00007f9ce902b600  942       3       com.badlogic.gdx.math.Matrix4::mul (13 bytes)
Event: 5.811 Thread 0x00007f9ce902b600 nmethod 942 0x0000000116d66910 code [0x0000000116d66ac0, 0x0000000116d66c20]
Event: 5.812 Thread 0x00007f9ce902b600  943       3       com.badlogic.gdx.graphics.g2d.SpriteBatch::setProjectionMatrix (32 bytes)
Event: 5.813 Thread 0x00007f9ce902b600 nmethod 943 0x0000000116d66d10 code [0x0000000116d66ee0, 0x0000000116d671c0]
Event: 5.813 Thread 0x00007f9ce902b600  944       3       com.badlogic.gdx.graphics.glutils.ShaderProgram::fetchUniformLocation (9 bytes)
Event: 5.813 Thread 0x00007f9ce902b600 nmethod 944 0x0000000116d67310 code [0x0000000116d674c0, 0x0000000116d67620]
Event: 5.813 Thread 0x00007f9ce902b600  945       3       com.badlogic.gdx.graphics.glutils.ShaderProgram::fetchUniformLocation (90 bytes)
Event: 5.813 Thread 0x00007f9ce902b600 nmethod 945 0x0000000116d67710 code [0x0000000116d679a0, 0x0000000116d68330]
Event: 5.813 Thread 0x00007f9ce902b600  946       3       com.badlogic.gdx.graphics.g2d.SpriteBatch::draw (672 bytes)
Event: 5.814 Thread 0x00007f9ce902b600 nmethod 946 0x0000000116d68790 code [0x0000000116d68a40, 0x0000000116d69880]
Event: 5.814 Thread 0x00007f9ce902b600  949       3       java.lang.ThreadLocal::get (38 bytes)
Event: 5.815 Thread 0x00007f9ce902b600 nmethod 949 0x0000000116d6a290 code [0x0000000116d6a460, 0x0000000116d6a7d0]
Event: 5.815 Thread 0x00007f9ce902b600  947       3       com.badlogic.gdx.backends.lwjgl.LwjglInput::getX (10 bytes)
Event: 5.815 Thread 0x00007f9ce902b600 nmethod 947 0x0000000116d6a990 code [0x0000000116d6ab80, 0x0000000116d6af40]
Event: 5.815 Thread 0x00007f9ce902b600  948       3       com.badlogic.gdx.backends.lwjgl.LwjglGL20::glDepthMask (5 bytes)
Event: 5.815 Thread 0x00007f9ce902b600 nmethod 948 0x0000000116d6b110 code [0x0000000116d6b2c0, 0x0000000116d6b400]

GC Heap History (0 events):
No events

Deoptimization events (6 events):
Event: 3.166 Thread 0x00007f9cca015c00 DEOPT PACKING pc=0x0000000116be596a sp=0x000000030b01de40
Event: 3.166 Thread 0x00007f9cca015c00 DEOPT UNPACKING pc=0x000000011669a810 sp=0x000000030b01d280 mode 0
Event: 3.188 Thread 0x00007f9cca015c00 DEOPT PACKING pc=0x0000000116bdbe5b sp=0x000000030b01a290
Event: 3.188 Thread 0x00007f9cca015c00 DEOPT UNPACKING pc=0x000000011669a810 sp=0x000000030b019728 mode 0
Event: 3.688 Thread 0x00007f9cd9846800 DEOPT PACKING pc=0x0000000116ca69f4 sp=0x000000030b7d9070
Event: 3.688 Thread 0x00007f9cd9846800 DEOPT UNPACKING pc=0x000000011669a810 sp=0x000000030b7d8540 mode 1

Classes unloaded (0 events):
No events

Classes redefined (0 events):
No events

Internal exceptions (8 events):
Event: 0.462 Thread 0x00007f9ce8817e00 Exception <a 'java/lang/ClassNotFoundException'{0x0000000787e3ea30}: sun/awt/resources/spi/awtProvider> (0x0000000787e3ea30) 
thrown [src/hotspot/share/classfile/systemDictionary.cpp, line 256]
Event: 0.502 Thread 0x00007f9ce8817e00 Exception <a 'java/io/FileNotFoundException'{0x0000000787e930e8}> (0x0000000787e930e8) 
thrown [src/hotspot/share/prims/jni.cpp, line 516]
Event: 0.513 Thread 0x00007f9ce8817e00 Exception <a 'java/io/FileNotFoundException'{0x0000000787ec00e8}> (0x0000000787ec00e8) 
thrown [src/hotspot/share/prims/jni.cpp, line 516]
Event: 0.513 Thread 0x00007f9ce8817e00 Exception <a 'java/lang/NoSuchMethodError'{0x0000000787ec1558}: 'java.lang.Object java.lang.invoke.DirectMethodHandle$Holder.invokeStaticInit(java.lang.Object)'> (0x0000000787ec1558) 
thrown [src/hotspot/share/interpreter/linkResolver.cpp, line 759]
Event: 0.521 Thread 0x00007f9ce8817e00 Exception <a 'java/lang/ClassNotFoundException'{0x0000000787ecb1a0}: sun/awt/resources/spi/awtosxProvider> (0x0000000787ecb1a0) 
thrown [src/hotspot/share/classfile/systemDictionary.cpp, line 256]
Event: 3.184 Thread 0x00007f9cca015c00 Exception <a 'java/lang/NoSuchMethodError'{0x0000000787a2f2e8}: 'void java.lang.invoke.DirectMethodHandle$Holder.invokeStatic(java.lang.Object, java.lang.Object)'> (0x0000000787a2f2e8) 
thrown [src/hotspot/share/interpreter/linkResolver.cpp, line 759]
Event: 3.285 Thread 0x00007f9cca015c00 Exception <a 'java/lang/NoSuchMethodError'{0x00000007879b0238}: 'java.lang.Object java.lang.invoke.DirectMethodHandle$Holder.invokeInterface(java.lang.Object, java.lang.Object)'> (0x00000007879b0238) 
thrown [src/hotspot/share/interpreter/linkResolver.cpp, line 759]
Event: 3.287 Thread 0x00007f9cca015c00 Exception <a 'java/lang/IncompatibleClassChangeError'{0x00000007879b3b68}: Found class java.lang.Object, but interface was expected> (0x00000007879b3b68) 
thrown [src/hotspot/share/interpreter/linkResolver.cpp, line 826]

VM Operations (18 events):
Event: 0.368 Executing VM operation: ChangeBreakpoints
Event: 0.368 Executing VM operation: ChangeBreakpoints done
Event: 0.450 Executing VM operation: ChangeBreakpoints
Event: 0.450 Executing VM operation: ChangeBreakpoints done
Event: 0.450 Executing VM operation: ChangeBreakpoints
Event: 0.450 Executing VM operation: ChangeBreakpoints done
Event: 0.450 Executing VM operation: ChangeBreakpoints
Event: 0.450 Executing VM operation: ChangeBreakpoints done
Event: 1.456 Executing VM operation: Cleanup
Event: 1.456 Executing VM operation: Cleanup done
Event: 3.217 Executing VM operation: HandshakeAllThreads
Event: 3.217 Executing VM operation: HandshakeAllThreads done
Event: 3.217 Executing VM operation: Cleanup
Event: 3.217 Executing VM operation: Cleanup done
Event: 4.218 Executing VM operation: Cleanup
Event: 4.218 Executing VM operation: Cleanup done
Event: 5.223 Executing VM operation: Cleanup
Event: 5.224 Executing VM operation: Cleanup done

Events (20 events):
Event: 3.527 loading class java/nio/DirectDoubleBufferU
Event: 3.527 loading class java/nio/DirectDoubleBufferU done
Event: 3.591 loading class java/lang/NoSuchFieldError
Event: 3.591 loading class java/lang/NoSuchFieldError done
Event: 3.594 loading class java/nio/DirectShortBufferU
Event: 3.594 loading class java/nio/DirectShortBufferU done
Event: 3.608 loading class java/io/Reader
Event: 3.608 loading class java/io/Reader done
Event: 3.608 loading class java/io/InputStreamReader
Event: 3.608 loading class java/io/InputStreamReader done
Event: 3.612 loading class java/io/BufferedReader
Event: 3.612 loading class java/io/BufferedReader done
Event: 3.615 loading class sun/nio/cs/StreamDecoder
Event: 3.615 loading class sun/nio/cs/StreamDecoder done
Event: 3.690 loading class java/util/NoSuchElementException
Event: 3.690 loading class java/util/NoSuchElementException done
Event: 3.699 loading class java/lang/InstantiationException
Event: 3.699 loading class java/lang/InstantiationException done
Event: 3.699 loading class java/lang/SecurityException
Event: 3.699 loading class java/lang/SecurityException done


Dynamic libraries:
0x000000010af73000 	/Applications/BlueJ.app/Contents/JDK/Home/lib/libjli.dylib
0x00007ff81852e000 	/usr/lib/libz.1.dylib
0x00007ff81861d000 	/usr/lib/libSystem.B.dylib
0x00007ff818617000 	/usr/lib/system/libcache.dylib
0x00007ff8185ce000 	/usr/lib/system/libcommonCrypto.dylib
0x00007ff8185fb000 	/usr/lib/system/libcompiler_rt.dylib
0x00007ff8185ed000 	/usr/lib/system/libcopyfile.dylib
0x00007ff80beb3000 	/usr/lib/system/libcorecrypto.dylib
0x00007ff80bf77000 	/usr/lib/system/libdispatch.dylib
0x00007ff80c121000 	/usr/lib/system/libdyld.dylib
0x00007ff81860d000 	/usr/lib/system/libkeymgr.dylib
0x00007ff8185ad000 	/usr/lib/system/libmacho.dylib
0x00007ff817ab6000 	/usr/lib/system/libquarantine.dylib
0x00007ff81860b000 	/usr/lib/system/libremovefile.dylib
0x00007ff810cb7000 	/usr/lib/system/libsystem_asl.dylib
0x00007ff80be54000 	/usr/lib/system/libsystem_blocks.dylib
0x00007ff80bfc2000 	/usr/lib/system/libsystem_c.dylib
0x00007ff818603000 	/usr/lib/system/libsystem_collections.dylib
0x00007ff816b90000 	/usr/lib/system/libsystem_configuration.dylib
0x00007ff815c35000 	/usr/lib/system/libsystem_containermanager.dylib
0x00007ff818262000 	/usr/lib/system/libsystem_coreservices.dylib
0x00007ff80ed07000 	/usr/lib/system/libsystem_darwin.dylib
0x00007ff81860e000 	/usr/lib/system/libsystem_dnssd.dylib
0x00007ff80bfbf000 	/usr/lib/system/libsystem_featureflags.dylib
0x00007ff80c14f000 	/usr/lib/system/libsystem_info.dylib
0x00007ff818541000 	/usr/lib/system/libsystem_m.dylib
0x00007ff80bf4a000 	/usr/lib/system/libsystem_malloc.dylib
0x00007ff810c3a000 	/usr/lib/system/libsystem_networkextension.dylib
0x00007ff80f148000 	/usr/lib/system/libsystem_notify.dylib
0x00007ff816b94000 	/usr/lib/system/libsystem_sandbox.dylib
0x00007ff818608000 	/usr/lib/system/libsystem_secinit.dylib
0x00007ff80c0db000 	/usr/lib/system/libsystem_kernel.dylib
0x00007ff80c145000 	/usr/lib/system/libsystem_platform.dylib
0x00007ff80c115000 	/usr/lib/system/libsystem_pthread.dylib
0x00007ff8126fc000 	/usr/lib/system/libsystem_symptoms.dylib
0x00007ff80be99000 	/usr/lib/system/libsystem_trace.dylib
0x00007ff8185da000 	/usr/lib/system/libunwind.dylib
0x00007ff80be58000 	/usr/lib/system/libxpc.dylib
0x00007ff80c0c6000 	/usr/lib/libc++abi.dylib
0x00007ff80bd80000 	/usr/lib/libobjc.A.dylib
0x00007ff8185e5000 	/usr/lib/liboah.dylib
0x00007ff80c04a000 	/usr/lib/libc++.1.dylib
0x00007ff825b5f000 	/System/Library/Frameworks/Cocoa.framework/Versions/A/Cocoa
0x00007ff80f1aa000 	/System/Library/Frameworks/AppKit.framework/Versions/C/AppKit
0x00007ff811eb3000 	/System/Library/Frameworks/CoreData.framework/Versions/A/CoreData
0x00007ff80cf81000 	/System/Library/Frameworks/Foundation.framework/Versions/C/Foundation
0x00007ff8101b2000 	/System/Library/PrivateFrameworks/UIFoundation.framework/Versions/A/UIFoundation
0x00007ffb0eb5b000 	/System/Library/PrivateFrameworks/CollectionViewCore.framework/Versions/A/CollectionViewCore
0x00007ff81fa7e000 	/System/Library/PrivateFrameworks/RemoteViewServices.framework/Versions/A/RemoteViewServices
0x00007ff816416000 	/System/Library/PrivateFrameworks/XCTTargetBootstrap.framework/Versions/A/XCTTargetBootstrap
0x00007ff81b560000 	/System/Library/PrivateFrameworks/InternationalSupport.framework/Versions/A/InternationalSupport
0x00007ff81b5e9000 	/System/Library/PrivateFrameworks/UserActivity.framework/Versions/A/UserActivity
0x00007ffb25a88000 	/System/Library/PrivateFrameworks/WindowManagement.framework/Versions/A/WindowManagement
0x00007ff80cc70000 	/System/Library/Frameworks/SystemConfiguration.framework/Versions/A/SystemConfiguration
0x00007ff81a940000 	/usr/lib/libspindump.dylib
0x00007ff810380000 	/System/Library/Frameworks/UniformTypeIdentifiers.framework/Versions/A/UniformTypeIdentifiers
0x00007ff8145d2000 	/usr/lib/libapp_launch_measurement.dylib
0x00007ff81333a000 	/System/Library/PrivateFrameworks/CoreAnalytics.framework/Versions/A/CoreAnalytics
0x00007ff8145d5000 	/System/Library/PrivateFrameworks/CoreAutoLayout.framework/Versions/A/CoreAutoLayout
0x00007ff815c83000 	/System/Library/Frameworks/Metal.framework/Versions/A/Metal
0x00007ff816b9f000 	/usr/lib/liblangid.dylib
0x00007ff81641b000 	/System/Library/PrivateFrameworks/CoreSVG.framework/Versions/A/CoreSVG
0x00007ff810ce9000 	/System/Library/PrivateFrameworks/SkyLight.framework/Versions/A/SkyLight
0x00007ff8110dc000 	/System/Library/Frameworks/CoreGraphics.framework/Versions/A/CoreGraphics
0x00007ff820164000 	/System/Library/Frameworks/Accelerate.framework/Versions/A/Accelerate
0x00007ff81a3b1000 	/System/Library/PrivateFrameworks/IconServices.framework/Versions/A/IconServices
0x00007ff815c64000 	/System/Library/Frameworks/IOSurface.framework/Versions/A/IOSurface
0x00007ff813365000 	/usr/lib/libDiagnosticMessagesClient.dylib
0x00007ff82381f000 	/System/Library/Frameworks/ApplicationServices.framework/Versions/A/ApplicationServices
0x00007ff816402000 	/System/Library/PrivateFrameworks/DFRFoundation.framework/Versions/A/DFRFoundation
0x00007ff80ea76000 	/usr/lib/libicucore.A.dylib
0x00007ff81c3fd000 	/System/Library/Frameworks/AudioToolbox.framework/Versions/A/AudioToolbox
0x00007ff81b56b000 	/System/Library/PrivateFrameworks/DataDetectorsCore.framework/Versions/A/DataDetectorsCore
0x00007ff913b26000 	/System/Library/PrivateFrameworks/TextInput.framework/Versions/A/TextInput
0x00007ff810c52000 	/usr/lib/libMobileGestalt.dylib
0x00007ff81610a000 	/System/Library/Frameworks/Carbon.framework/Versions/A/Frameworks/HIToolbox.framework/Versions/A/HIToolbox
0x00007ff813f5f000 	/System/Library/Frameworks/QuartzCore.framework/Versions/A/QuartzCore
0x00007ff80e6e9000 	/System/Library/Frameworks/Security.framework/Versions/A/Security
0x00007ff81fab6000 	/System/Library/Frameworks/Carbon.framework/Versions/A/Frameworks/SpeechRecognition.framework/Versions/A/SpeechRecognition
0x00007ff814311000 	/System/Library/PrivateFrameworks/CoreUI.framework/Versions/A/CoreUI
0x00007ff80e037000 	/System/Library/Frameworks/CoreAudio.framework/Versions/A/CoreAudio
0x00007ff81343e000 	/System/Library/Frameworks/DiskArbitration.framework/Versions/A/DiskArbitration
0x00007ff81ad5c000 	/System/Library/PrivateFrameworks/MultitouchSupport.framework/Versions/A/MultitouchSupport
0x00007ff810c51000 	/usr/lib/libenergytrace.dylib
0x00007ff80f08b000 	/System/Library/Frameworks/IOKit.framework/Versions/A/IOKit
0x00007ff81feb3000 	/System/Library/Frameworks/CoreServices.framework/Versions/A/CoreServices
0x00007ff81456a000 	/System/Library/PrivateFrameworks/PerformanceAnalysis.framework/Versions/A/PerformanceAnalysis
0x00007ffa23e79000 	/System/Library/Frameworks/OpenGL.framework/Versions/A/OpenGL
0x00007ff81461d000 	/usr/lib/libxml2.2.dylib
0x00007ff8179c8000 	/System/Library/PrivateFrameworks/MobileKeyBag.framework/Versions/A/MobileKeyBag
0x00007ff8118e9000 	/System/Library/Frameworks/ColorSync.framework/Versions/A/ColorSync
0x00007ff80c17a000 	/System/Library/Frameworks/CoreFoundation.framework/Versions/A/CoreFoundation
0x00007ff81676b000 	/System/Library/Frameworks/CoreImage.framework/Versions/A/CoreImage
0x00007ff80de45000 	/System/Library/Frameworks/CoreText.framework/Versions/A/CoreText
0x00007ff816452000 	/System/Library/Frameworks/ImageIO.framework/Versions/A/ImageIO
0x00007ff818623000 	/System/Library/PrivateFrameworks/SoftLinking.framework/Versions/A/SoftLinking
0x00007ff8188a4000 	/usr/lib/libcompression.dylib
0x00007ff81b499000 	/System/Library/PrivateFrameworks/TextureIO.framework/Versions/A/TextureIO
0x00007ff819fdb000 	/usr/lib/libate.dylib
0x00007ff819d69000 	/usr/lib/liblzma.5.dylib
0x00007ff81861f000 	/usr/lib/libfakelink.dylib
0x00007ff810898000 	/System/Library/Frameworks/CFNetwork.framework/Versions/A/CFNetwork
0x00007ff81875c000 	/usr/lib/libarchive.2.dylib
0x00007ff81dd4c000 	/System/Library/Frameworks/Combine.framework/Versions/A/Combine
0x00007ff81be9a000 	/usr/lib/swift/libswiftCore.dylib
0x00007ff910afb000 	/usr/lib/swift/libswiftCoreFoundation.dylib
0x00007ff90ebbf000 	/usr/lib/swift/libswiftDarwin.dylib
0x00007ff821700000 	/usr/lib/swift/libswiftDispatch.dylib
0x00007ff910b17000 	/usr/lib/swift/libswiftIOKit.dylib
0x00007ff823c5e000 	/usr/lib/swift/libswiftObjectiveC.dylib
0x00007ff910b0c000 	/usr/lib/swift/libswiftXPC.dylib
0x00007ffc0c644000 	/usr/lib/swift/libswift_Concurrency.dylib
0x00007ffc0c781000 	/usr/lib/swift/libswift_StringProcessing.dylib
0x00007ff823c62000 	/usr/lib/swift/libswiftos.dylib
0x00007ff80f00e000 	/System/Library/PrivateFrameworks/CoreServicesInternal.framework/Versions/A/CoreServicesInternal
0x00007ff817add000 	/usr/lib/libbsm.0.dylib
0x00007ff8185b2000 	/usr/lib/system/libkxld.dylib
0x00007ff81459e000 	/System/Library/Frameworks/CoreServices.framework/Versions/A/Frameworks/FSEvents.framework/Versions/A/FSEvents
0x00007ff80ed12000 	/System/Library/Frameworks/CoreServices.framework/Versions/A/Frameworks/CarbonCore.framework/Versions/A/CarbonCore
0x00007ff8133a8000 	/System/Library/Frameworks/CoreServices.framework/Versions/A/Frameworks/Metadata.framework/Versions/A/Metadata
0x00007ff818268000 	/System/Library/Frameworks/CoreServices.framework/Versions/A/Frameworks/OSServices.framework/Versions/A/OSServices
0x00007ff8187e4000 	/System/Library/Frameworks/CoreServices.framework/Versions/A/Frameworks/SearchKit.framework/Versions/A/SearchKit
0x00007ff812680000 	/System/Library/Frameworks/CoreServices.framework/Versions/A/Frameworks/AE.framework/Versions/A/AE
0x00007ff80c615000 	/System/Library/Frameworks/CoreServices.framework/Versions/A/Frameworks/LaunchServices.framework/Versions/A/LaunchServices
0x00007ff819d1a000 	/System/Library/Frameworks/CoreServices.framework/Versions/A/Frameworks/DictionaryServices.framework/Versions/A/DictionaryServices
0x00007ff8145ab000 	/System/Library/Frameworks/CoreServices.framework/Versions/A/Frameworks/SharedFileList.framework/Versions/A/SharedFileList
0x00007ff81886e000 	/usr/lib/libapple_nghttp2.dylib
0x00007ff810894000 	/usr/lib/libnetwork.dylib
0x00007ff812332000 	/usr/lib/libsqlite3.dylib
0x00007ff812704000 	/System/Library/Frameworks/Network.framework/Versions/A/Network
0x00007ffb2b4b1000 	/usr/lib/libCoreEntitlements.dylib
0x00007ffb185cd000 	/System/Library/PrivateFrameworks/MessageSecurity.framework/Versions/A/MessageSecurity
0x00007ff812319000 	/System/Library/PrivateFrameworks/ProtocolBuffer.framework/Versions/A/ProtocolBuffer
0x00007ff818184000 	/System/Library/PrivateFrameworks/AppleFSCompression.framework/Versions/A/AppleFSCompression
0x00007ff817ac5000 	/usr/lib/libcoretls.dylib
0x00007ff819d82000 	/usr/lib/libcoretls_cfhelpers.dylib
0x00007ff81889e000 	/usr/lib/libpam.2.dylib
0x00007ff819df4000 	/usr/lib/libxar.1.dylib
0x00007ff81a38d000 	/usr/lib/libheimdal-asn1.dylib
0x00007ff818624000 	/usr/lib/libpcap.A.dylib
0x00007ff8126f3000 	/usr/lib/libdns_services.dylib
0x00007ff816b9b000 	/System/Library/PrivateFrameworks/AppleSystemInfo.framework/Versions/A/AppleSystemInfo
0x00007ff8177cf000 	/System/Library/PrivateFrameworks/IOMobileFramebuffer.framework/Versions/A/IOMobileFramebuffer
0x00007ff818253000 	/usr/lib/libbz2.1.0.dylib
0x00007ff817ab9000 	/usr/lib/libCheckFix.dylib
0x00007ff810cce000 	/System/Library/PrivateFrameworks/TCC.framework/Versions/A/TCC
0x00007ff816ba1000 	/System/Library/PrivateFrameworks/CoreNLP.framework/Versions/A/CoreNLP
0x00007ff813367000 	/System/Library/PrivateFrameworks/MetadataUtilities.framework/Versions/A/MetadataUtilities
0x00007ff817aee000 	/usr/lib/libmecab.dylib
0x00007ff80ccf0000 	/usr/lib/libCRFSuite.dylib
0x00007ff817b47000 	/usr/lib/libgermantok.dylib
0x00007ff81884a000 	/usr/lib/libThaiTokenizer.dylib
0x00007ff813446000 	/System/Library/Frameworks/Accelerate.framework/Versions/A/Frameworks/vImage.framework/Versions/A/vImage
0x00007ff81fe86000 	/System/Library/Frameworks/Accelerate.framework/Versions/A/Frameworks/vecLib.framework/Versions/A/vecLib
0x00007ff819e36000 	/System/Library/Frameworks/Accelerate.framework/Versions/A/Frameworks/vecLib.framework/Versions/A/libvMisc.dylib
0x00007ff8175ca000 	/System/Library/Frameworks/Accelerate.framework/Versions/A/Frameworks/vecLib.framework/Versions/A/libvDSP.dylib
0x00007ff80c9d3000 	/System/Library/Frameworks/Accelerate.framework/Versions/A/Frameworks/vecLib.framework/Versions/A/libBLAS.dylib
0x00007ff818982000 	/System/Library/Frameworks/Accelerate.framework/Versions/A/Frameworks/vecLib.framework/Versions/A/libLAPACK.dylib
0x00007ff817b4a000 	/System/Library/Frameworks/Accelerate.framework/Versions/A/Frameworks/vecLib.framework/Versions/A/libLinearAlgebra.dylib
0x00007ff818889000 	/System/Library/Frameworks/Accelerate.framework/Versions/A/Frameworks/vecLib.framework/Versions/A/libSparseBLAS.dylib
0x00007ff81897c000 	/System/Library/Frameworks/Accelerate.framework/Versions/A/Frameworks/vecLib.framework/Versions/A/libQuadrature.dylib
0x00007ff816c87000 	/System/Library/Frameworks/Accelerate.framework/Versions/A/Frameworks/vecLib.framework/Versions/A/libBNNS.dylib
0x00007ff80cbf9000 	/System/Library/Frameworks/Accelerate.framework/Versions/A/Frameworks/vecLib.framework/Versions/A/libSparse.dylib
0x00007ffb1780b000 	/System/Library/PrivateFrameworks/MIL.framework/Versions/A/MIL
0x00007ff818659000 	/usr/lib/libiconv.2.dylib
0x00007ff8185ac000 	/usr/lib/libcharset.1.dylib
0x00007ff814582000 	/System/Library/Frameworks/OpenDirectory.framework/Versions/A/Frameworks/CFOpenDirectory.framework/Versions/A/CFOpenDirectory
0x00007ff814576000 	/System/Library/Frameworks/OpenDirectory.framework/Versions/A/OpenDirectory
0x00007ff819d84000 	/System/Library/PrivateFrameworks/APFS.framework/Versions/A/APFS
0x00007ff8179fb000 	/System/Library/Frameworks/SecurityFoundation.framework/Versions/A/SecurityFoundation
0x00007ff819e02000 	/usr/lib/libutil.dylib
0x00007ffb16787000 	/System/Library/PrivateFrameworks/InstalledContentLibrary.framework/Versions/A/InstalledContentLibrary
0x00007ff80f04e000 	/System/Library/PrivateFrameworks/CoreServicesStore.framework/Versions/A/CoreServicesStore
0x00007ffb0d6fd000 	/System/Library/PrivateFrameworks/AppleMobileFileIntegrity.framework/Versions/A/AppleMobileFileIntegrity
0x00007ff910add000 	/usr/lib/libmis.dylib
0x00007ff91f385000 	/System/Library/PrivateFrameworks/MobileSystemServices.framework/Versions/A/MobileSystemServices
0x00007ffa1b0ed000 	/System/Library/PrivateFrameworks/ConfigProfileHelper.framework/Versions/A/ConfigProfileHelper
0x00007ff81884c000 	/System/Library/PrivateFrameworks/AppleSauce.framework/Versions/A/AppleSauce
0x00007ff80d90a000 	/System/Library/PrivateFrameworks/LanguageModeling.framework/Versions/A/LanguageModeling
0x00007ff819e06000 	/usr/lib/libxslt.1.dylib
0x00007ff81874b000 	/usr/lib/libcmph.dylib
0x00007ff8177bc000 	/System/Library/PrivateFrameworks/CoreEmoji.framework/Versions/A/CoreEmoji
0x00007ff816c82000 	/System/Library/PrivateFrameworks/LinguisticData.framework/Versions/A/LinguisticData
0x00007ff80cbb0000 	/System/Library/PrivateFrameworks/Lexicon.framework/Versions/A/Lexicon
0x00007ff817a89000 	/System/Library/PrivateFrameworks/BackgroundTaskManagement.framework/Versions/A/BackgroundTaskManagement
0x00007ffb2b5f3000 	/usr/lib/libTLE.dylib
0x00007ffc0c6ca000 	/usr/lib/swift/libswift_RegexParser.dylib
0x00007ff81ac26000 	/System/Library/PrivateFrameworks/AppleJPEG.framework/Versions/A/AppleJPEG
0x00007ff81a372000 	/usr/lib/libexpat.1.dylib
0x00007ff81b2f6000 	/System/Library/Frameworks/ImageIO.framework/Versions/A/Resources/libPng.dylib
0x00007ff81b323000 	/System/Library/Frameworks/ImageIO.framework/Versions/A/Resources/libTIFF.dylib
0x00007ff81b413000 	/System/Library/Frameworks/ImageIO.framework/Versions/A/Resources/libGIF.dylib
0x00007ff81ac71000 	/System/Library/Frameworks/ImageIO.framework/Versions/A/Resources/libJP2.dylib
0x00007ff81b3b3000 	/System/Library/Frameworks/ImageIO.framework/Versions/A/Resources/libJPEG.dylib
0x00007ff81b3aa000 	/System/Library/Frameworks/ImageIO.framework/Versions/A/Resources/libRadiance.dylib
0x00007ff815fa3000 	/System/Library/PrivateFrameworks/FontServices.framework/libFontParser.dylib
0x00007ff812625000 	/System/Library/PrivateFrameworks/RunningBoardServices.framework/Versions/A/RunningBoardServices
0x00007ff82620b000 	/System/Library/PrivateFrameworks/IOSurfaceAccelerator.framework/Versions/A/IOSurfaceAccelerator
0x00007ff81ad58000 	/System/Library/PrivateFrameworks/WatchdogClient.framework/Versions/A/WatchdogClient
0x00007ff80da70000 	/System/Library/Frameworks/CoreDisplay.framework/Versions/A/CoreDisplay
0x00007ff815e92000 	/System/Library/Frameworks/CoreMedia.framework/Versions/A/CoreMedia
0x00007ff815c7a000 	/System/Library/PrivateFrameworks/IOAccelerator.framework/Versions/A/IOAccelerator
0x00007ff8146fc000 	/System/Library/Frameworks/CoreVideo.framework/Versions/A/CoreVideo
0x00007ff81889c000 	/System/Library/Frameworks/MetalPerformanceShaders.framework/Versions/A/MetalPerformanceShaders
0x00007ff81ad97000 	/System/Library/Frameworks/VideoToolbox.framework/Versions/A/VideoToolbox
0x00007ff812563000 	/System/Library/PrivateFrameworks/BaseBoard.framework/Versions/A/BaseBoard
0x00007ff81b3a3000 	/System/Library/PrivateFrameworks/GPUWrangler.framework/Versions/A/GPUWrangler
0x00007ff81b387000 	/System/Library/PrivateFrameworks/IOPresentment.framework/Versions/A/IOPresentment
0x00007ff81b3ad000 	/System/Library/PrivateFrameworks/DSExternalDisplay.framework/Versions/A/DSExternalDisplay
0x00007ffb12c7c000 	/System/Library/PrivateFrameworks/GPUCompiler.framework/Versions/31001/Libraries/libllvm-flatbuffers.dylib
0x00007ffa23e6d000 	/System/Library/Frameworks/OpenGL.framework/Versions/A/Libraries/libCoreFSCache.dylib
0x00007ffb12c78000 	/System/Library/PrivateFrameworks/GPUCompiler.framework/Versions/31001/Libraries/libGPUCompilerUtils.dylib
0x00007ff81b419000 	/System/Library/PrivateFrameworks/CMCaptureCore.framework/Versions/A/CMCaptureCore
0x00007ffa27b25000 	/System/Library/Frameworks/ExtensionFoundation.framework/Versions/A/ExtensionFoundation
0x00007ff821e98000 	/System/Library/PrivateFrameworks/CoreTime.framework/Versions/A/CoreTime
0x00007ff81a92b000 	/System/Library/PrivateFrameworks/AppServerSupport.framework/Versions/A/AppServerSupport
0x00007ff81ccb3000 	/System/Library/PrivateFrameworks/perfdata.framework/Versions/A/perfdata
0x00007ff80db9c000 	/System/Library/PrivateFrameworks/AudioToolboxCore.framework/Versions/A/AudioToolboxCore
0x00007ff815e6d000 	/System/Library/PrivateFrameworks/caulk.framework/Versions/A/caulk
0x00007ff81c58e000 	/usr/lib/libAudioStatistics.dylib
0x00007ff90ff7f000 	/System/Library/PrivateFrameworks/SystemPolicy.framework/Versions/A/SystemPolicy
0x00007ff81c829000 	/usr/lib/libSMC.dylib
0x00007ff8259fd000 	/System/Library/Frameworks/CoreMIDI.framework/Versions/A/CoreMIDI
0x00007ff81b2c4000 	/usr/lib/libAudioToolboxUtility.dylib
0x00007ff82b390000 	/System/Library/PrivateFrameworks/OSAServicesClient.framework/Versions/A/OSAServicesClient
0x00007ff81ccc0000 	/usr/lib/libperfcheck.dylib
0x00007ff81a252000 	/System/Library/PrivateFrameworks/PlugInKit.framework/Versions/A/PlugInKit
0x00007ff8179ee000 	/System/Library/PrivateFrameworks/AssertionServices.framework/Versions/A/AssertionServices
0x00007ffa23eca000 	/System/Library/Frameworks/OpenGL.framework/Versions/A/Libraries/libGLU.dylib
0x00007ffa23e8c000 	/System/Library/Frameworks/OpenGL.framework/Versions/A/Libraries/libGFXShared.dylib
0x00007ffa2408b000 	/System/Library/Frameworks/OpenGL.framework/Versions/A/Libraries/libGL.dylib
0x00007ffa23e95000 	/System/Library/Frameworks/OpenGL.framework/Versions/A/Libraries/libGLImage.dylib
0x00007ffa23e89000 	/System/Library/Frameworks/OpenGL.framework/Versions/A/Libraries/libCVMSPluginSupport.dylib
0x00007ffb2b5d2000 	/usr/lib/libRosetta.dylib
0x00007ffa23e74000 	/System/Library/Frameworks/OpenGL.framework/Versions/A/Libraries/libCoreVMClient.dylib
0x00007ff816b10000 	/System/Library/Frameworks/MetalPerformanceShaders.framework/Versions/A/Frameworks/MPSCore.framework/Versions/A/MPSCore
0x00007ff8180ee000 	/System/Library/Frameworks/MetalPerformanceShaders.framework/Versions/A/Frameworks/MPSImage.framework/Versions/A/MPSImage
0x00007ff817b60000 	/System/Library/Frameworks/MetalPerformanceShaders.framework/Versions/A/Frameworks/MPSNeuralNetwork.framework/Versions/A/MPSNeuralNetwork
0x00007ff817fd1000 	/System/Library/Frameworks/MetalPerformanceShaders.framework/Versions/A/Frameworks/MPSMatrix.framework/Versions/A/MPSMatrix
0x00007ff817d8d000 	/System/Library/Frameworks/MetalPerformanceShaders.framework/Versions/A/Frameworks/MPSRayIntersector.framework/Versions/A/MPSRayIntersector
0x00007ff81800d000 	/System/Library/Frameworks/MetalPerformanceShaders.framework/Versions/A/Frameworks/MPSNDArray.framework/Versions/A/MPSNDArray
0x00007ffa28f0d000 	/System/Library/Frameworks/MetalPerformanceShaders.framework/Versions/A/Frameworks/MPSFunctions.framework/Versions/A/MPSFunctions
0x00007ff80c893000 	/System/Library/PrivateFrameworks/MetalTools.framework/Versions/A/MetalTools
0x00007ff816b9a000 	/System/Library/PrivateFrameworks/AggregateDictionary.framework/Versions/A/AggregateDictionary
0x00007ff81a108000 	/usr/lib/libIOReport.dylib
0x00007ffb1b0fe000 	/System/Library/PrivateFrameworks/PhotosensitivityProcessing.framework/Versions/A/PhotosensitivityProcessing
0x00007ffa24b50000 	/System/Library/Frameworks/OpenCL.framework/Versions/A/OpenCL
0x00007ff81a4ba000 	/System/Library/PrivateFrameworks/GraphVisualizer.framework/Versions/A/GraphVisualizer
0x00007ffb12b91000 	/System/Library/PrivateFrameworks/FontServices.framework/Versions/A/FontServices
0x00007ff81a8e6000 	/System/Library/PrivateFrameworks/OTSVG.framework/Versions/A/OTSVG
0x00007ff8142c5000 	/System/Library/Frameworks/ApplicationServices.framework/Versions/A/Frameworks/ATS.framework/Versions/A/Resources/libFontRegistry.dylib
0x00007ff81a935000 	/System/Library/PrivateFrameworks/FontServices.framework/libhvf.dylib
0x00007ffb12b92000 	/System/Library/PrivateFrameworks/FontServices.framework/libXTFontStaticRegistryData.dylib
0x00007ff91b988000 	/usr/lib/swift/libswiftMetal.dylib
0x00007ff913a87000 	/usr/lib/swift/libswiftsimd.dylib
0x00007ffb247d7000 	/System/Library/PrivateFrameworks/VideoToolboxParavirtualizationSupport.framework/Versions/A/VideoToolboxParavirtualizationSupport
0x00007ff81a322000 	/System/Library/PrivateFrameworks/AppleVA.framework/Versions/A/AppleVA
0x00007ff81c5ce000 	/System/Library/Frameworks/ApplicationServices.framework/Versions/A/Frameworks/ATS.framework/Versions/A/ATS
0x00007ff8119d9000 	/System/Library/Frameworks/ApplicationServices.framework/Versions/A/Frameworks/HIServices.framework/Versions/A/HIServices
0x00007ff81b425000 	/System/Library/Frameworks/ApplicationServices.framework/Versions/A/Frameworks/PrintCore.framework/Versions/A/PrintCore
0x00007ff81c97f000 	/System/Library/Frameworks/ApplicationServices.framework/Versions/A/Frameworks/QD.framework/Versions/A/QD
0x00007ff81c977000 	/System/Library/Frameworks/ApplicationServices.framework/Versions/A/Frameworks/ColorSyncLegacy.framework/Versions/A/ColorSyncLegacy
0x00007ff81c5a2000 	/System/Library/Frameworks/ApplicationServices.framework/Versions/A/Frameworks/SpeechSynthesis.framework/Versions/A/SpeechSynthesis
0x00007ff81b3e3000 	/System/Library/Frameworks/ApplicationServices.framework/Versions/A/Frameworks/ATSUI.framework/Versions/A/ATSUI
0x00007ff81c909000 	/usr/lib/libcups.2.dylib
0x00007ff81cccf000 	/System/Library/Frameworks/Kerberos.framework/Versions/A/Kerberos
0x00007ff81ccde000 	/System/Library/Frameworks/GSS.framework/Versions/A/GSS
0x00007ff81c63c000 	/usr/lib/libresolv.9.dylib
0x00007ff81a945000 	/System/Library/PrivateFrameworks/Heimdal.framework/Versions/A/Heimdal
0x00007ff823be0000 	/System/Library/Frameworks/Kerberos.framework/Versions/A/Libraries/libHeimdalProxy.dylib
0x00007ff81cd29000 	/System/Library/PrivateFrameworks/CommonAuth.framework/Versions/A/CommonAuth
0x00007ffa26dd5000 	/System/Library/Frameworks/AVFAudio.framework/Versions/A/AVFAudio
0x00007ff82b3d9000 	/System/Library/PrivateFrameworks/AXCoreUtilities.framework/Versions/A/AXCoreUtilities
0x00007ff81c520000 	/System/Library/PrivateFrameworks/AudioSession.framework/Versions/A/AudioSession
0x00007ff81db1e000 	/System/Library/Frameworks/IOBluetooth.framework/Versions/A/IOBluetooth
0x00007ff81a428000 	/System/Library/PrivateFrameworks/MediaExperience.framework/Versions/A/MediaExperience
0x00007ff81c3ca000 	/System/Library/PrivateFrameworks/AudioSession.framework/libSessionUtility.dylib
0x00007ff81c98b000 	/System/Library/PrivateFrameworks/AudioResourceArbitration.framework/Versions/A/AudioResourceArbitration
0x00007ff820aaf000 	/System/Library/PrivateFrameworks/PowerLog.framework/Versions/A/PowerLog
0x00007ff8209ee000 	/System/Library/Frameworks/CoreBluetooth.framework/Versions/A/CoreBluetooth
0x00007ff823be1000 	/System/Library/Frameworks/AudioUnit.framework/Versions/A/AudioUnit
0x00007ff817858000 	/System/Library/PrivateFrameworks/CoreUtils.framework/Versions/A/CoreUtils
0x00007ffb1165f000 	/System/Library/PrivateFrameworks/CoreUtilsExtras.framework/Versions/A/CoreUtilsExtras
0x00007ffb16616000 	/System/Library/PrivateFrameworks/IO80211.framework/Versions/A/IO80211
0x00007ff81a396000 	/System/Library/PrivateFrameworks/IconFoundation.framework/Versions/A/IconFoundation
0x00007ff81faa6000 	/System/Library/PrivateFrameworks/SpeechRecognitionCore.framework/Versions/A/SpeechRecognitionCore
0x000000010c158000 	/Applications/BlueJ.app/Contents/JDK/Home/lib/server/libjvm.dylib
0x000000010b063000 	/Applications/BlueJ.app/Contents/JDK/Home/lib/libjimage.dylib
0x000000010b0c1000 	/Applications/BlueJ.app/Contents/JDK/Home/lib/libjdwp.dylib
0x000000010b16d000 	/Applications/BlueJ.app/Contents/JDK/Home/lib/libjava.dylib
0x000000010c0fd000 	/Applications/BlueJ.app/Contents/JDK/Home/lib/libdt_socket.dylib
0x000000012b65d000 	/Applications/BlueJ.app/Contents/JDK/Home/lib/libnio.dylib
0x000000012b6aa000 	/Applications/BlueJ.app/Contents/JDK/Home/lib/libnet.dylib
0x000000012b6eb000 	/Applications/BlueJ.app/Contents/JDK/Home/lib/libzip.dylib
0x000000012dda8000 	/Applications/BlueJ.app/Contents/JDK/Home/lib/libawt.dylib
0x000000012df38000 	/Applications/BlueJ.app/Contents/JDK/Home/lib/libmlib_image.dylib
0x00007ffa280f7000 	/System/Library/Frameworks/JavaRuntimeSupport.framework/Versions/A/JavaRuntimeSupport
0x00007ff90f98c000 	/System/Library/Frameworks/Carbon.framework/Versions/A/Carbon
0x00007ff821db4000 	/System/Library/PrivateFrameworks/CoreSymbolication.framework/Versions/A/CoreSymbolication
0x00007ff827750000 	/System/Library/Frameworks/Carbon.framework/Versions/A/Frameworks/CommonPanels.framework/Versions/A/CommonPanels
0x00007ff823544000 	/System/Library/Frameworks/Carbon.framework/Versions/A/Frameworks/Help.framework/Versions/A/Help
0x00007ff827754000 	/System/Library/Frameworks/Carbon.framework/Versions/A/Frameworks/ImageCapture.framework/Versions/A/ImageCapture
0x00007ff82772c000 	/System/Library/Frameworks/Carbon.framework/Versions/A/Frameworks/OpenScripting.framework/Versions/A/OpenScripting
0x00007ff82774c000 	/System/Library/Frameworks/Carbon.framework/Versions/A/Frameworks/Ink.framework/Versions/A/Ink
0x00007ff90f988000 	/System/Library/Frameworks/Carbon.framework/Versions/A/Frameworks/Print.framework/Versions/A/Print
0x00007ff827748000 	/System/Library/Frameworks/Carbon.framework/Versions/A/Frameworks/SecurityHI.framework/Versions/A/SecurityHI
0x00007ff821d75000 	/System/Library/PrivateFrameworks/DebugSymbols.framework/Versions/A/DebugSymbols
0x000000012e1b8000 	/Applications/BlueJ.app/Contents/JDK/Home/lib/libawt_lwawt.dylib
0x000000012b7ba000 	/Applications/BlueJ.app/Contents/JDK/Home/lib/libosxapp.dylib
0x00007ff90ec31000 	/System/Library/Frameworks/ExceptionHandling.framework/Versions/A/ExceptionHandling
0x000000012e61d000 	/Applications/BlueJ.app/Contents/JDK/Home/lib/libfontmanager.dylib
0x000000012e492000 	/Applications/BlueJ.app/Contents/JDK/Home/lib/libfreetype.dylib
0x00007ff82109d000 	/System/Library/Frameworks/FileProvider.framework/Versions/A/FileProvider
0x00007ff8124ce000 	/System/Library/Frameworks/Accounts.framework/Versions/A/Accounts
0x00007ff81478b000 	/System/Library/PrivateFrameworks/UserManagement.framework/Versions/A/UserManagement
0x00007ff821237000 	/System/Library/PrivateFrameworks/GenerationalStorage.framework/Versions/A/GenerationalStorage
0x00007ff820aa4000 	/System/Library/PrivateFrameworks/SymptomDiagnosticReporter.framework/Versions/A/SymptomDiagnosticReporter
0x00007ff810396000 	/System/Library/PrivateFrameworks/DesktopServicesPriv.framework/Versions/A/DesktopServicesPriv
0x00007ff80f158000 	/usr/lib/libsandbox.1.dylib
0x00007ff81c96c000 	/System/Library/PrivateFrameworks/NetAuth.framework/Versions/A/NetAuth
0x00007ff81d99d000 	/System/Library/PrivateFrameworks/Sharing.framework/Versions/A/Sharing
0x00007ff814751000 	/System/Library/PrivateFrameworks/login.framework/Versions/A/Frameworks/loginsupport.framework/Versions/A/loginsupport
0x00007ff8230b6000 	/System/Library/PrivateFrameworks/Apple80211.framework/Versions/A/Apple80211
0x00007ff818295000 	/System/Library/PrivateFrameworks/AuthKit.framework/Versions/A/AuthKit
0x00007ff8177dd000 	/System/Library/Frameworks/CoreWLAN.framework/Versions/A/CoreWLAN
0x00007ff8230ba000 	/System/Library/PrivateFrameworks/CoreWiFi.framework/Versions/A/CoreWiFi
0x00007ffa14d05000 	/System/Library/PrivateFrameworks/WiFiPeerToPeer.framework/Versions/A/WiFiPeerToPeer
0x00007ff82191c000 	/System/Library/PrivateFrameworks/FrontBoardServices.framework/Versions/A/FrontBoardServices
0x00007ff8219b5000 	/System/Library/PrivateFrameworks/BoardServices.framework/Versions/A/BoardServices
0x00007ff823256000 	/System/Library/PrivateFrameworks/BackBoardServices.framework/Versions/A/BackBoardServices
0x00007ff81840d000 	/System/Library/Frameworks/UserNotifications.framework/Versions/A/UserNotifications
0x00007ff81ce21000 	/System/Library/PrivateFrameworks/CorePhoneNumbers.framework/Versions/A/CorePhoneNumbers
0x00007ff81c669000 	/System/Library/PrivateFrameworks/MultiverseSupport.framework/Versions/A/MultiverseSupport
0x00007ff8234d1000 	/System/Library/PrivateFrameworks/RemoteServiceDiscovery.framework/Versions/A/RemoteServiceDiscovery
0x00007ff820bbe000 	/System/Library/PrivateFrameworks/DiskManagement.framework/Versions/A/DiskManagement
0x00007ff820ad6000 	/System/Library/PrivateFrameworks/AppleIDAuthSupport.framework/Versions/A/AppleIDAuthSupport
0x00007ffa2bcd2000 	/System/Library/PrivateFrameworks/AAAFoundation.framework/Versions/A/AAAFoundation
0x00007ff81cdfa000 	/System/Library/PrivateFrameworks/KeychainCircle.framework/Versions/A/KeychainCircle
0x00007ff8234e1000 	/System/Library/PrivateFrameworks/RemoteXPC.framework/Versions/A/RemoteXPC
0x00007ff820b8a000 	/System/Library/PrivateFrameworks/MediaKit.framework/Versions/A/MediaKit
0x00007ff820ae2000 	/System/Library/Frameworks/DiscRecording.framework/Versions/A/DiscRecording
0x00007ff81a296000 	/usr/lib/libCoreStorage.dylib
0x00007ff82354c000 	/usr/lib/libcsfde.dylib
0x00007ff81dbf3000 	/System/Library/PrivateFrameworks/ProtectedCloudStorage.framework/Versions/A/ProtectedCloudStorage
0x00007ff823548000 	/System/Library/PrivateFrameworks/EFILogin.framework/Versions/A/EFILogin
0x00007ff82125d000 	/System/Library/PrivateFrameworks/OctagonTrust.framework/Versions/A/OctagonTrust
0x00007ff81a28e000 	/usr/lib/libMatch.1.dylib
0x00007ff91895d000 	/System/Library/CoreServices/RawCamera.bundle/Contents/MacOS/RawCamera
0x00007ff81cd39000 	/System/Library/PrivateFrameworks/MobileAsset.framework/Versions/A/MobileAsset
0x00007ff916232000 	/System/Library/PrivateFrameworks/SoftwareUpdateCoreSupport.framework/Versions/A/SoftwareUpdateCoreSupport
0x00007ff91c68b000 	/System/Library/PrivateFrameworks/SoftwareUpdateCoreConnect.framework/Versions/A/SoftwareUpdateCoreConnect
0x00007ff823c05000 	/System/Library/PrivateFrameworks/StreamingZip.framework/Versions/A/StreamingZip
0x00007ff915ef8000 	/System/Library/PrivateFrameworks/MSUDataAccessor.framework/Versions/A/MSUDataAccessor
0x00007ff91239e000 	/usr/lib/libbootpolicy.dylib
0x00007ff9230a6000 	/usr/lib/libpartition2_dynamic.dylib
0x00007ffb0e205000 	/System/Library/PrivateFrameworks/CMPhoto.framework/Versions/A/CMPhoto
0x00007ff821c48000 	/System/Library/PrivateFrameworks/AppleVPA.framework/Versions/A/AppleVPA
0x00007ff81b655000 	/System/Library/Frameworks/MediaToolbox.framework/Versions/A/MediaToolbox
0x00007ff82106d000 	/System/Library/PrivateFrameworks/CoreAVCHD.framework/Versions/A/CoreAVCHD
0x00007ff8201ac000 	/System/Library/Frameworks/MediaAccessibility.framework/Versions/A/MediaAccessibility
0x00007ff821069000 	/System/Library/PrivateFrameworks/Mangrove.framework/Versions/A/Mangrove
0x00007ff820cae000 	/System/Library/PrivateFrameworks/CoreAUC.framework/Versions/A/CoreAUC
0x00007ff9158e9000 	/System/Library/Frameworks/Accelerate.framework/Versions/A/Frameworks/vImage.framework/Versions/A/Libraries/libCGInterfaces.dylib
0x0000000130727000 	/usr/lib/libobjc-trampolines.dylib
0x00007ffb2b383000 	/usr/lib/libAccessibilityBaseImplementations.dylib
0x00007ff81446a000 	/System/Library/PrivateFrameworks/ViewBridge.framework/Versions/A/ViewBridge
0x0000000131e60000 	/private/var/folders/k3/_r97446n53z_26j7yydnqvtw0000gn/T/libgdxaidenfavish/d8ae55ed/libgdx64.dylib
0x00007ff9109e8000 	/usr/lib/libstdc++.6.dylib
0x0000000131e2d000 	/Applications/BlueJ.app/Contents/JDK/Home/lib/libverify.dylib
0x0000000131f80000 	/private/var/folders/k3/_r97446n53z_26j7yydnqvtw0000gn/T/libgdxaidenfavish/f7649394/liblwjgl.dylib
0x0000000131efe000 	/Applications/BlueJ.app/Contents/JDK/Home/lib/libjawt.dylib
0x0000000132136000 	/private/var/folders/k3/_r97446n53z_26j7yydnqvtw0000gn/T/libgdxaidenfavish/f7649394/openal.dylib
0x00000001324c0000 	/System/Library/Components/CoreAudio.component/Contents/MacOS/CoreAudio
0x00007ff90fd83000 	/System/Library/Frameworks/AVFoundation.framework/Versions/A/AVFoundation
0x00007ff821715000 	/System/Library/PrivateFrameworks/AVFCore.framework/Versions/A/AVFCore
0x00007ff829137000 	/System/Library/PrivateFrameworks/AVFCapture.framework/Versions/A/AVFCapture
0x00007ff90e87c000 	/System/Library/PrivateFrameworks/AirPlaySync.framework/Versions/A/AirPlaySync
0x00007ffb0e1d7000 	/System/Library/PrivateFrameworks/CMImaging.framework/Versions/A/CMImaging
0x00007ff8292b7000 	/System/Library/PrivateFrameworks/Quagga.framework/Versions/A/Quagga
0x00007ff8293a5000 	/System/Library/PrivateFrameworks/CMCapture.framework/Versions/A/CMCapture
0x00007ff81c738000 	/System/Library/Frameworks/CoreMediaIO.framework/Versions/A/CoreMediaIO
0x00007ff910a3c000 	/System/Library/PrivateFrameworks/LoggingSupport.framework/Versions/A/LoggingSupport
0x00007ffa24096000 	/System/Library/Frameworks/OpenGL.framework/Versions/A/Resources/GLEngine.bundle/GLEngine
0x00007ffa23f07000 	/System/Library/Frameworks/OpenGL.framework/Versions/A/Libraries/libGLProgrammability.dylib
0x0000000132314000 	/System/Library/Extensions/AppleMetalOpenGLRenderer.bundle/Contents/MacOS/AppleMetalOpenGLRenderer
0x00007ffa24218000 	/System/Library/Frameworks/OpenGL.framework/Versions/A/Resources/GLRendererFloat.bundle/GLRendererFloat
0x00007ffa2519a000 	/System/Library/Extensions/AGXMetal13_3.bundle/Contents/MacOS/AGXMetal13_3
0x00007ff910aef000 	/System/Library/PrivateFrameworks/GPURawCounter.framework/Versions/A/GPURawCounter
0x00007ff82a3af000 	/System/Library/PrivateFrameworks/IOGPU.framework/Versions/A/IOGPU
0x00007ff81a9fd000 	/System/Library/PrivateFrameworks/login.framework/Versions/A/login


VM Arguments:
jvm_args: -ea -agentlib:jdwp=transport=dt_socket,address=127.0.0.1:65072 -Dfile.encoding=UTF-8 
java_command: bluej.runtime.ExecServer UTF-8
java_class_path (initial): /Applications/BlueJ.app/Contents/Resources/Java/bluejcore.jar:/Applications/BlueJ.app/Contents/Resources/Java/junit-platform-console-standalone-1.5.2.jar:/Applications/BlueJ.app/Contents/Resources/Java/junit-quickcheck-core-0.9.jar:/Applications/BlueJ.app/Contents/Resources/Java/junit-jupiter-migrationsupport-5.5.2.jar:/Applications/BlueJ.app/Contents/Resources/Java/junit-platform-runner-1.5.2.jar:/Applications/BlueJ.app/Contents/Resources/Java/junit-jupiter-params-5.5.2.jar:/Applications/BlueJ.app/Contents/Resources/Java/junit-platform-testkit-1.5.2.jar:/Applications/BlueJ.app/Contents/Resources/Java/junit-jupiter-api-5.5.2.jar:/Applications/BlueJ.app/Contents/Resources/Java/junit-platform-console-1.5.2.jar:/Applications/BlueJ.app/Contents/Resources/Java/junit-jupiter-engine-5.5.2.jar:/Applications/BlueJ.app/Contents/Resources/Java/junit-platform-suite-api-1.5.2.jar:/Applications/BlueJ.app/Contents/Resources/Java/junit-vintage-engine-5.5.2.jar:/Applications/BlueJ.app/Contents/Resources/Java/junit-platform-reporting-1.5.2.jar:/Applications/BlueJ.app/Contents/Resources/Java/junit-jupiter-5.5.2.jar:/Applications/BlueJ.app/Contents/Resources/Java/junit-platform-engine-1.5.2.jar:/Applications/BlueJ.app/Contents/Resources/Java/junit-platform-launcher-1.5.2.jar:/Applications/BlueJ.app/Contents/Resources/Java/junit-platform-commons-1.5.2.jar:/Applications/BlueJ.app/Contents/Resources/Java/hamcrest-core-1.3.jar:/Applications/BlueJ.app/Contents/Resources/Java/hamcrest-library-1.3.jar:/Applications/BlueJ.app/Contents/Resources/Java/lang-stride.jar:/Applications/BlueJ.app/Contents/Resources/Java/javafx/lib/javafx.base.jar:/Applications/BlueJ.app/Contents/Resources/Java/javafx/lib/javafx.controls.jar:/Applications/BlueJ.app/Contents/Resources/Java/javafx/lib/javafx.fxml.jar:/Applications/BlueJ.app/Contents/Resources/Java/javafx/lib/javafx.graphics.jar:/Applications/BlueJ.app/Contents/Resources/Java/javafx/lib/javafx.media.jar:/Applications/BlueJ.app
Launcher Type: SUN_STANDARD

[Global flags]
     intx CICompilerCount                          = 4                                         {product} {ergonomic}
     uint ConcGCThreads                            = 2                                         {product} {ergonomic}
     uint G1ConcRefinementThreads                  = 8                                         {product} {ergonomic}
   size_t G1HeapRegionSize                         = 1048576                                   {product} {ergonomic}
    uintx GCDrainStackTargetSize                   = 64                                        {product} {ergonomic}
   size_t InitialHeapSize                          = 134217728                                 {product} {ergonomic}
   size_t MarkStackSize                            = 4194304                                   {product} {ergonomic}
   size_t MaxHeapSize                              = 2147483648                                {product} {ergonomic}
   size_t MaxNewSize                               = 1287651328                                {product} {ergonomic}
   size_t MinHeapDeltaBytes                        = 1048576                                   {product} {ergonomic}
   size_t MinHeapSize                              = 8388608                                   {product} {ergonomic}
    uintx NonNMethodCodeHeapSize                   = 5839372                                {pd product} {ergonomic}
    uintx NonProfiledCodeHeapSize                  = 122909434                              {pd product} {ergonomic}
    uintx ProfiledCodeHeapSize                     = 122909434                              {pd product} {ergonomic}
    uintx ReservedCodeCacheSize                    = 251658240                              {pd product} {ergonomic}
     bool SegmentedCodeCache                       = true                                      {product} {ergonomic}
   size_t SoftMaxHeapSize                          = 2147483648                             {manageable} {ergonomic}
     bool UseCompressedClassPointers               = true                           {product lp64_product} {ergonomic}
     bool UseCompressedOops                        = true                           {product lp64_product} {ergonomic}
     bool UseG1GC                                  = true                                      {product} {ergonomic}
     bool UseNUMA                                  = false                                     {product} {ergonomic}
     bool UseNUMAInterleaving                      = false                                     {product} {ergonomic}

Logging:
Log output configuration:
 #0: stdout all=warning uptime,level,tags
 #1: stderr all=off uptime,level,tags

Environment Variables:
PATH=/usr/bin:/bin:/usr/sbin:/sbin
SHELL=/bin/zsh
TMPDIR=/var/folders/k3/_r97446n53z_26j7yydnqvtw0000gn/T/

Signal Handlers:
   SIGSEGV: crash_handler in libjvm.dylib, mask=11100110100111111111111111111111, flags=SA_RESTART|SA_SIGINFO
    SIGBUS: crash_handler in libjvm.dylib, mask=11100110100111111111111111111111, flags=SA_RESTART|SA_SIGINFO
    SIGFPE: crash_handler in libjvm.dylib, mask=11100110100111111111111111111111, flags=SA_RESTART|SA_SIGINFO
   SIGPIPE: javaSignalHandler in libjvm.dylib, mask=11100110100111111111111111111111, flags=SA_RESTART|SA_SIGINFO
   SIGXFSZ: javaSignalHandler in libjvm.dylib, mask=11100110100111111111111111111111, flags=SA_RESTART|SA_SIGINFO
    SIGILL: crash_handler in libjvm.dylib, mask=11100110100111111111111111111111, flags=SA_RESTART|SA_SIGINFO
   SIGUSR2: SR_handler in libjvm.dylib, mask=00100000000000000000000000000000, flags=SA_RESTART|SA_SIGINFO
    SIGHUP: UserHandler in libjvm.dylib, mask=11100110100111111111111111111111, flags=SA_RESTART|SA_SIGINFO
    SIGINT: UserHandler in libjvm.dylib, mask=11100110100111111111111111111111, flags=SA_RESTART|SA_SIGINFO
   SIGTERM: UserHandler in libjvm.dylib, mask=11100110100111111111111111111111, flags=SA_RESTART|SA_SIGINFO
   SIGQUIT: UserHandler in libjvm.dylib, mask=11100110100111111111111111111111, flags=SA_RESTART|SA_SIGINFO
  *** Handler was modified!
  *** Expected: javaSignalHandler in libjvm.dylib, mask=11100110100111111111111111111111, flags=SA_RESTART|SA_SIGINFO
   SIGTRAP: crash_handler in libjvm.dylib, mask=11100110100111111111111111111111, flags=SA_RESTART|SA_SIGINFO


---------------  S Y S T E M  ---------------

OS:
uname: Darwin 22.5.0 Darwin Kernel Version 22.5.0: Mon Apr 24 20:53:44 PDT 2023; root:xnu-8796.121.2~5/RELEASE_ARM64_T8103 x86_64
OS uptime: 9 days 19:14 hours
rlimit (soft/hard): STACK 8176k/65520k , CORE 0k/infinity , NPROC 1333/2000 , NOFILE 10240/infinity , AS infinity/infinity , CPU infinity/infinity , DATA infinity/infinity , FSIZE infinity/infinity , MEMLOCK infinity/infinity , RSS infinity/infinity
load average: 2.70 1.84 1.62

CPU: (EMULATED) total 8 (initial active 8) (1 cores per cpu, 1 threads per core) family 6 model 44 stepping 0 microcode 0x0, cx8, cmov, fxsr, mmx, sse, sse2, sse3, ssse3, sse4.1, sse4.2, popcnt, tsc, tscinvbit, aes, clmul, clflush

Memory: 4k page, physical 8388608k(18784k free), swap 2097152k(1623360k free)

vm_info: OpenJDK 64-Bit Server VM (17.0.4.1+1) for bsd-amd64 JRE (17.0.4.1+1), built on Aug 17 2022 13:35:43 by "temurin" with clang 4.2.1 Compatible Apple LLVM 10.0.1 (clang-1001.0.46.4)

END.
