#
# A fatal error has been detected by the Java Runtime Environment:
#
#  SIGSEGV (0xb) at pc=0x00000001320b89dc, pid=38943, tid=30255
#
# JRE version: OpenJDK Runtime Environment Temurin-17.0.4.1+1 (17.0.4.1+1) (build 17.0.4.1+1)
# Java VM: OpenJDK 64-Bit Server VM Temurin-17.0.4.1+1 (17.0.4.1+1, mixed mode, sharing, tiered, compressed oops, compressed class ptrs, g1 gc, bsd-amd64)
# Problematic frame:
# C  [AppleMetalOpenGLRenderer+0x199dc]  GLRResourceList::makeResourcesNotBusyAndReset()+0x2e
#
# No core dump will be written. Core dumps have been disabled. To enable core dumping, try "ulimit -c unlimited" before starting Java again
#
# If you would like to submit a bug report, please visit:
#   https://github.com/adoptium/adoptium-support/issues
#

---------------  S U M M A R Y ------------

Command Line: -ea -agentlib:jdwp=transport=dt_socket,address=127.0.0.1:65110 -Dfile.encoding=UTF-8 bluej.runtime.ExecServer UTF-8

Host: "MacBookAir10,1" x86_64 (EMULATED) 2400 MHz, 8 cores, 8G, Darwin 22.5.0, macOS 10.16 (22F66)
Time: Wed May 31 10:33:44 2023 PDT elapsed time: 4160.124456 seconds (0d 1h 9m 20s)

---------------  T H R E A D  ---------------

Current thread is native thread

Stack: [0x000000030b21d000,0x000000030b2a0000],  sp=0x000000030b29f3b0,  free space=520k
Native frames: (J=compiled Java code, j=interpreted, Vv=VM code, C=native code)
C  [AppleMetalOpenGLRenderer+0x199dc]  GLRResourceList::makeResourcesNotBusyAndReset()+0x2e
C  [AppleMetalOpenGLRenderer+0x59f8a]  invocation function for block in GLDContextRec::flushContextInternal()+0xd4
C  [Metal+0x243d0]  MTLDispatchListApply+0x22
C  [Metal+0x248f6]  -[_MTLCommandBuffer didCompleteWithStartTime:endTime:error:]+0x23f
C  [IOGPU+0x2f0a]  -[IOGPUMetalCommandBuffer didCompleteWithStartTime:endTime:error:]+0xc0
C  [Metal+0x24570]  -[_MTLCommandQueue commandBufferDidComplete:startTime:completionTime:error:]+0x94
C  [IOGPU+0xc190]  IOGPUNotificationQueueDispatchAvailableCompletionNotifications+0x78
C  [IOGPU+0xc27a]  __IOGPUNotificationQueueSetDispatchQueue_block_invoke+0x34
C  [libdispatch.dylib+0x30cd]  _dispatch_client_callout4+0x9
C  [libdispatch.dylib+0x1d1a7]  _dispatch_mach_msg_invoke+0x1c7
C  [libdispatch.dylib+0x9088]  _dispatch_lane_serial_drain+0x189
C  [libdispatch.dylib+0x1dcd4]  _dispatch_mach_invoke+0x1e4
C  [libdispatch.dylib+0x9088]  _dispatch_lane_serial_drain+0x189
C  [libdispatch.dylib+0x9d6c]  _dispatch_lane_invoke+0x1a1
C  [libdispatch.dylib+0x9088]  _dispatch_lane_serial_drain+0x189
C  [libdispatch.dylib+0x9d39]  _dispatch_lane_invoke+0x16e
C  [libdispatch.dylib+0x143fc]  _dispatch_workloop_worker_thread+0x2fd
C  [libsystem_pthread.dylib+0x2c55]  _pthread_wqthread+0x147
C  [libsystem_pthread.dylib+0x1bbf]  start_wqthread+0xf


siginfo: si_signo: 11 (SIGSEGV), si_code: 1 (SEGV_MAPERR), si_addr: 0x0000000000000019

Registers:
RAX=0x0000000000000001, RBX=0x0000000000000001, RCX=0x0000000000000000, RDX=0x00000000000c9db0
RSP=0x000000030b29f3b0, RBP=0x000000030b29f3d0, RSI=0x0000000000000000, RDI=0x00007fccb9763070
R8 =0x000000000000001f, R9 =0x00007fccba000000, R10=0x00000000000010fa, R11=0x00007fccba004080
R12=0x00006000025892c0, R13=0x00007fccb9763200, R14=0x0000600000e60070, R15=0x00007fccb9763070
RIP=0x00000001320b89dc, EFLAGS=0x0000000000000202, ERR=0x0000000000000004
  TRAPNO=0x000000000000000e

Top of Stack: (sp=0x000000030b29f3b0)
0x000000030b29f3b0:   000060000273fd80 0000b125a6a33a28
0x000000030b29f3c0:   0000600000674500 00007fcca00c0000
0x000000030b29f3d0:   000000030b29f400 00000001320f8f8a
0x000000030b29f3e0:   00000000dcfdf048 000060000273fd80
0x000000030b29f3f0:   00007fccb9763200 0000000000000000
0x000000030b29f400:   000000030b29f430 00007ff815ca73d0
0x000000030b29f410:   0000000000000000 0000000000000038
0x000000030b29f420:   0000b125a6a76055 0000000000000000
0x000000030b29f430:   000000030b29f480 00007ff815ca78f6
0x000000030b29f440:   000000030b29f4c0 00007ff80bda5af9
0x000000030b29f450:   0000000000000f40 00007fccb9763200
0x000000030b29f460:   0000b125a6a33a28 00007fccb9adf400
0x000000030b29f470:   0000000000000000 0000b125a6a76055
0x000000030b29f480:   000000030b29f4d0 00007ff82a3b1f0a
0x000000030b29f490:   00007ff84f7f8580 00007fccb9763200
0x000000030b29f4a0:   00007ff84f9c4720 0000b125a6a76055
0x000000030b29f4b0:   0000000000000000 00007fccb9763200
0x000000030b29f4c0:   00007fccaa91fc00 00007ff80bd86740
0x000000030b29f4d0:   000000030b29f520 00007ff815ca7570
0x000000030b29f4e0:   0000b125a6a33a28 0000000000000000
0x000000030b29f4f0:   0000b125a6a76055 0000600002b2df20
0x000000030b29f500:   0000600000169930 000060000175d950
0x000000030b29f510:   000000030b29f538 000000030b29f55c
0x000000030b29f520:   000000030b29f580 00007ff82a3bb190
0x000000030b29f530:   22f28415cd970035 0000600002b2df20
0x000000030b29f540:   0000b125a6a33a28 0000b125a6a76055
0x000000030b29f550:   0000000000000000 000000200b29f5a7
0x000000030b29f560:   0000600002b11200 0000000000000000
0x000000030b29f570:   000060000106ae80 0000000000000002
0x000000030b29f580:   000000030b29f5b0 00007ff82a3bb27a
0x000000030b29f590:   000000030b29f5d0 000000000000005c
0x000000030b29f5a0:   0000000000000000 000060000106ae80 

Instructions: (pc=0x00000001320b89dc)
0x00000001320b88dc:   64 48 8b 07 4c 89 f6 ff 50 30 48 ff c3 49 39 dc
0x00000001320b88ec:   75 ca 48 8d 5d a0 49 c7 c6 a0 ff ff ff 48 8b 7b
0x00000001320b88fc:   20 48 39 fb 74 0d 48 85 ff 74 0e 48 8b 07 ff 50
0x00000001320b890c:   28 eb 06 48 8b 07 ff 50 20 48 83 c3 d0 49 83 c6
0x00000001320b891c:   30 75 da 48 8b 05 9a 68 05 00 48 8b 00 48 3b 45
0x00000001320b892c:   d0 75 19 48 81 c4 a8 00 00 00 5b 41 5c 41 5d 41
0x00000001320b893c:   5e 41 5f 5d c3 e8 d0 9e fe ff 0f 0b e8 ab 45 04
0x00000001320b894c:   00 49 89 c7 48 8b bd 60 ff ff ff 49 39 fe 75 08
0x00000001320b895c:   48 8b 07 ff 50 20 eb 14 48 85 ff 74 0f 48 8b 07
0x00000001320b896c:   ff 50 28 eb 07 eb 02 eb 00 49 89 c7 48 c7 c3 a0
0x00000001320b897c:   ff ff ff 49 8b 7d 20 49 39 fd 74 0d 48 85 ff 74
0x00000001320b898c:   0e 48 8b 07 ff 50 28 eb 06 48 8b 07 ff 50 20 49
0x00000001320b899c:   83 c5 d0 48 83 c3 30 75 da 4c 89 ff e8 0f 45 04
0x00000001320b89ac:   00 90 55 48 89 e5 41 57 41 56 41 54 53 49 89 fe
0x00000001320b89bc:   4c 8b 67 30 31 db 4d 85 e4 74 1e 4d 8b 7c 24 10
0x00000001320b89cc:   4c 89 ff e8 36 f0 ff ff 08 c3 49 8b 07 4c 89 ff
0x00000001320b89dc:   ff 50 18 4d 8b 24 24 eb dd 49 8d 7e 20 e8 20 04
0x00000001320b89ec:   00 00 45 8b 7e 50 4d 85 ff 74 2b 45 31 e4 49 8b
0x00000001320b89fc:   46 48 4a 8b 3c e0 e8 03 f0 ff ff 80 e3 01 08 c3
0x00000001320b8a0c:   49 8b 46 48 4a 8b 3c e0 48 8b 07 ff 50 18 49 ff
0x00000001320b8a1c:   c4 4d 39 e7 75 d8 41 c7 46 50 00 00 00 00 49 c7
0x00000001320b8a2c:   46 10 00 00 00 00 84 db 0f 95 c0 5b 41 5c 41 5e
0x00000001320b8a3c:   41 5f 5d c3 55 48 89 e5 41 56 53 49 89 f6 48 89
0x00000001320b8a4c:   fb 8b 77 50 3b 77 54 75 1b 01 f6 89 73 54 48 8b
0x00000001320b8a5c:   7b 48 48 c1 e6 03 e8 05 46 04 00 48 89 43 48 8b
0x00000001320b8a6c:   73 50 eb 04 48 8b 43 48 8d 4e 01 89 4b 50 89 f1
0x00000001320b8a7c:   4c 89 34 c8 49 8b 06 4c 89 f7 ff 50 10 31 c0 83
0x00000001320b8a8c:   7b 18 01 0f 95 c0 f0 41 ff 44 86 0c 5b 41 5e 5d
0x00000001320b8a9c:   c3 90 55 48 89 e5 41 56 53 48 83 ec 10 48 89 fb
0x00000001320b8aac:   48 8d 55 e8 48 89 32 48 83 c7 20 48 89 d6 e8 7d
0x00000001320b8abc:   05 00 00 f6 c2 01 74 28 4c 8b 75 e8 49 8b 06 4c
0x00000001320b8acc:   89 f7 ff 50 10 31 c0 83 7b 18 01 0f 95 c0 f0 41 



---------------  P R O C E S S  ---------------

VM state: not at safepoint (normal execution)

VM Mutex/Monitor currently owned by a thread: None

Heap address: 0x0000000780000000, size: 2048 MB, Compressed Oops mode: Zero based, Oop shift amount: 3

CDS archive(s) mapped at: [0x0000000800000000-0x0000000800bd4000-0x0000000800bd4000), size 12402688, SharedBaseAddress: 0x0000000800000000, ArchiveRelocationMode: 0.
Compressed class space mapped at: 0x0000000800c00000-0x0000000840c00000, reserved size: 1073741824
Narrow klass base: 0x0000000800000000, Narrow klass shift: 0, Narrow klass range: 0x100000000

GC Precious Log:
<Skipped>

Heap:
 garbage-first heap   total 133120K, used 25542K [0x0000000780000000, 0x0000000800000000)
  region size 1024K, 23 young (23552K), 0 survivors (0K)
 Metaspace       used 5260K, committed 5376K, reserved 1056768K
  class space    used 416K, committed 448K, reserved 1048576K

Heap Regions: E=young(eden), S=young(survivor), O=old, HS=humongous(starts), HC=humongous(continues), CS=collection set, F=free, OA=open archive, CA=closed archive, TAMS=top-at-mark-start (previous, next)
|   0|0x0000000780000000, 0x0000000780100000, 0x0000000780100000|100%|HS|  |TAMS 0x0000000780000000, 0x0000000780000000| Complete 
|   1|0x0000000780100000, 0x0000000780100000, 0x0000000780200000|  0%| F|  |TAMS 0x0000000780100000, 0x0000000780100000| Untracked 
|   2|0x0000000780200000, 0x0000000780200000, 0x0000000780300000|  0%| F|  |TAMS 0x0000000780200000, 0x0000000780200000| Untracked 
|   3|0x0000000780300000, 0x0000000780300000, 0x0000000780400000|  0%| F|  |TAMS 0x0000000780300000, 0x0000000780300000| Untracked 
|   4|0x0000000780400000, 0x0000000780400000, 0x0000000780500000|  0%| F|  |TAMS 0x0000000780400000, 0x0000000780400000| Untracked 
|   5|0x0000000780500000, 0x0000000780500000, 0x0000000780600000|  0%| F|  |TAMS 0x0000000780500000, 0x0000000780500000| Untracked 
|   6|0x0000000780600000, 0x0000000780600000, 0x0000000780700000|  0%| F|  |TAMS 0x0000000780600000, 0x0000000780600000| Untracked 
|   7|0x0000000780700000, 0x0000000780700000, 0x0000000780800000|  0%| F|  |TAMS 0x0000000780700000, 0x0000000780700000| Untracked 
|   8|0x0000000780800000, 0x0000000780800000, 0x0000000780900000|  0%| F|  |TAMS 0x0000000780800000, 0x0000000780800000| Untracked 
|   9|0x0000000780900000, 0x0000000780900000, 0x0000000780a00000|  0%| F|  |TAMS 0x0000000780900000, 0x0000000780900000| Untracked 
|  10|0x0000000780a00000, 0x0000000780a00000, 0x0000000780b00000|  0%| F|  |TAMS 0x0000000780a00000, 0x0000000780a00000| Untracked 
|  11|0x0000000780b00000, 0x0000000780b00000, 0x0000000780c00000|  0%| F|  |TAMS 0x0000000780b00000, 0x0000000780b00000| Untracked 
|  12|0x0000000780c00000, 0x0000000780c00000, 0x0000000780d00000|  0%| F|  |TAMS 0x0000000780c00000, 0x0000000780c00000| Untracked 
|  13|0x0000000780d00000, 0x0000000780d00000, 0x0000000780e00000|  0%| F|  |TAMS 0x0000000780d00000, 0x0000000780d00000| Untracked 
|  14|0x0000000780e00000, 0x0000000780e00000, 0x0000000780f00000|  0%| F|  |TAMS 0x0000000780e00000, 0x0000000780e00000| Untracked 
|  15|0x0000000780f00000, 0x0000000780f00000, 0x0000000781000000|  0%| F|  |TAMS 0x0000000780f00000, 0x0000000780f00000| Untracked 
|  16|0x0000000781000000, 0x0000000781000000, 0x0000000781100000|  0%| F|  |TAMS 0x0000000781000000, 0x0000000781000000| Untracked 
|  17|0x0000000781100000, 0x0000000781100000, 0x0000000781200000|  0%| F|  |TAMS 0x0000000781100000, 0x0000000781100000| Untracked 
|  18|0x0000000781200000, 0x0000000781200000, 0x0000000781300000|  0%| F|  |TAMS 0x0000000781200000, 0x0000000781200000| Untracked 
|  19|0x0000000781300000, 0x0000000781300000, 0x0000000781400000|  0%| F|  |TAMS 0x0000000781300000, 0x0000000781300000| Untracked 
|  20|0x0000000781400000, 0x0000000781400000, 0x0000000781500000|  0%| F|  |TAMS 0x0000000781400000, 0x0000000781400000| Untracked 
|  21|0x0000000781500000, 0x0000000781500000, 0x0000000781600000|  0%| F|  |TAMS 0x0000000781500000, 0x0000000781500000| Untracked 
|  22|0x0000000781600000, 0x0000000781600000, 0x0000000781700000|  0%| F|  |TAMS 0x0000000781600000, 0x0000000781600000| Untracked 
|  23|0x0000000781700000, 0x0000000781700000, 0x0000000781800000|  0%| F|  |TAMS 0x0000000781700000, 0x0000000781700000| Untracked 
|  24|0x0000000781800000, 0x0000000781800000, 0x0000000781900000|  0%| F|  |TAMS 0x0000000781800000, 0x0000000781800000| Untracked 
|  25|0x0000000781900000, 0x0000000781900000, 0x0000000781a00000|  0%| F|  |TAMS 0x0000000781900000, 0x0000000781900000| Untracked 
|  26|0x0000000781a00000, 0x0000000781a00000, 0x0000000781b00000|  0%| F|  |TAMS 0x0000000781a00000, 0x0000000781a00000| Untracked 
|  27|0x0000000781b00000, 0x0000000781b00000, 0x0000000781c00000|  0%| F|  |TAMS 0x0000000781b00000, 0x0000000781b00000| Untracked 
|  28|0x0000000781c00000, 0x0000000781c00000, 0x0000000781d00000|  0%| F|  |TAMS 0x0000000781c00000, 0x0000000781c00000| Untracked 
|  29|0x0000000781d00000, 0x0000000781d00000, 0x0000000781e00000|  0%| F|  |TAMS 0x0000000781d00000, 0x0000000781d00000| Untracked 
|  30|0x0000000781e00000, 0x0000000781e00000, 0x0000000781f00000|  0%| F|  |TAMS 0x0000000781e00000, 0x0000000781e00000| Untracked 
|  31|0x0000000781f00000, 0x0000000781f00000, 0x0000000782000000|  0%| F|  |TAMS 0x0000000781f00000, 0x0000000781f00000| Untracked 
|  32|0x0000000782000000, 0x0000000782000000, 0x0000000782100000|  0%| F|  |TAMS 0x0000000782000000, 0x0000000782000000| Untracked 
|  33|0x0000000782100000, 0x0000000782100000, 0x0000000782200000|  0%| F|  |TAMS 0x0000000782100000, 0x0000000782100000| Untracked 
|  34|0x0000000782200000, 0x0000000782200000, 0x0000000782300000|  0%| F|  |TAMS 0x0000000782200000, 0x0000000782200000| Untracked 
|  35|0x0000000782300000, 0x0000000782300000, 0x0000000782400000|  0%| F|  |TAMS 0x0000000782300000, 0x0000000782300000| Untracked 
|  36|0x0000000782400000, 0x0000000782400000, 0x0000000782500000|  0%| F|  |TAMS 0x0000000782400000, 0x0000000782400000| Untracked 
|  37|0x0000000782500000, 0x0000000782500000, 0x0000000782600000|  0%| F|  |TAMS 0x0000000782500000, 0x0000000782500000| Untracked 
|  38|0x0000000782600000, 0x0000000782600000, 0x0000000782700000|  0%| F|  |TAMS 0x0000000782600000, 0x0000000782600000| Untracked 
|  39|0x0000000782700000, 0x0000000782700000, 0x0000000782800000|  0%| F|  |TAMS 0x0000000782700000, 0x0000000782700000| Untracked 
|  40|0x0000000782800000, 0x0000000782800000, 0x0000000782900000|  0%| F|  |TAMS 0x0000000782800000, 0x0000000782800000| Untracked 
|  41|0x0000000782900000, 0x0000000782900000, 0x0000000782a00000|  0%| F|  |TAMS 0x0000000782900000, 0x0000000782900000| Untracked 
|  42|0x0000000782a00000, 0x0000000782a00000, 0x0000000782b00000|  0%| F|  |TAMS 0x0000000782a00000, 0x0000000782a00000| Untracked 
|  43|0x0000000782b00000, 0x0000000782b00000, 0x0000000782c00000|  0%| F|  |TAMS 0x0000000782b00000, 0x0000000782b00000| Untracked 
|  44|0x0000000782c00000, 0x0000000782c00000, 0x0000000782d00000|  0%| F|  |TAMS 0x0000000782c00000, 0x0000000782c00000| Untracked 
|  45|0x0000000782d00000, 0x0000000782d00000, 0x0000000782e00000|  0%| F|  |TAMS 0x0000000782d00000, 0x0000000782d00000| Untracked 
|  46|0x0000000782e00000, 0x0000000782e00000, 0x0000000782f00000|  0%| F|  |TAMS 0x0000000782e00000, 0x0000000782e00000| Untracked 
|  47|0x0000000782f00000, 0x0000000782f00000, 0x0000000783000000|  0%| F|  |TAMS 0x0000000782f00000, 0x0000000782f00000| Untracked 
|  48|0x0000000783000000, 0x0000000783000000, 0x0000000783100000|  0%| F|  |TAMS 0x0000000783000000, 0x0000000783000000| Untracked 
|  49|0x0000000783100000, 0x0000000783100000, 0x0000000783200000|  0%| F|  |TAMS 0x0000000783100000, 0x0000000783100000| Untracked 
|  50|0x0000000783200000, 0x0000000783200000, 0x0000000783300000|  0%| F|  |TAMS 0x0000000783200000, 0x0000000783200000| Untracked 
|  51|0x0000000783300000, 0x0000000783300000, 0x0000000783400000|  0%| F|  |TAMS 0x0000000783300000, 0x0000000783300000| Untracked 
|  52|0x0000000783400000, 0x0000000783400000, 0x0000000783500000|  0%| F|  |TAMS 0x0000000783400000, 0x0000000783400000| Untracked 
|  53|0x0000000783500000, 0x0000000783500000, 0x0000000783600000|  0%| F|  |TAMS 0x0000000783500000, 0x0000000783500000| Untracked 
|  54|0x0000000783600000, 0x0000000783600000, 0x0000000783700000|  0%| F|  |TAMS 0x0000000783600000, 0x0000000783600000| Untracked 
|  55|0x0000000783700000, 0x0000000783700000, 0x0000000783800000|  0%| F|  |TAMS 0x0000000783700000, 0x0000000783700000| Untracked 
|  56|0x0000000783800000, 0x0000000783800000, 0x0000000783900000|  0%| F|  |TAMS 0x0000000783800000, 0x0000000783800000| Untracked 
|  57|0x0000000783900000, 0x0000000783900000, 0x0000000783a00000|  0%| F|  |TAMS 0x0000000783900000, 0x0000000783900000| Untracked 
|  58|0x0000000783a00000, 0x0000000783a00000, 0x0000000783b00000|  0%| F|  |TAMS 0x0000000783a00000, 0x0000000783a00000| Untracked 
|  59|0x0000000783b00000, 0x0000000783b00000, 0x0000000783c00000|  0%| F|  |TAMS 0x0000000783b00000, 0x0000000783b00000| Untracked 
|  60|0x0000000783c00000, 0x0000000783c00000, 0x0000000783d00000|  0%| F|  |TAMS 0x0000000783c00000, 0x0000000783c00000| Untracked 
|  61|0x0000000783d00000, 0x0000000783d00000, 0x0000000783e00000|  0%| F|  |TAMS 0x0000000783d00000, 0x0000000783d00000| Untracked 
|  62|0x0000000783e00000, 0x0000000783e00000, 0x0000000783f00000|  0%| F|  |TAMS 0x0000000783e00000, 0x0000000783e00000| Untracked 
|  63|0x0000000783f00000, 0x0000000783f00000, 0x0000000784000000|  0%| F|  |TAMS 0x0000000783f00000, 0x0000000783f00000| Untracked 
|  64|0x0000000784000000, 0x0000000784000000, 0x0000000784100000|  0%| F|  |TAMS 0x0000000784000000, 0x0000000784000000| Untracked 
|  65|0x0000000784100000, 0x0000000784100000, 0x0000000784200000|  0%| F|  |TAMS 0x0000000784100000, 0x0000000784100000| Untracked 
|  66|0x0000000784200000, 0x0000000784200000, 0x0000000784300000|  0%| F|  |TAMS 0x0000000784200000, 0x0000000784200000| Untracked 
|  67|0x0000000784300000, 0x0000000784300000, 0x0000000784400000|  0%| F|  |TAMS 0x0000000784300000, 0x0000000784300000| Untracked 
|  68|0x0000000784400000, 0x0000000784400000, 0x0000000784500000|  0%| F|  |TAMS 0x0000000784400000, 0x0000000784400000| Untracked 
|  69|0x0000000784500000, 0x0000000784500000, 0x0000000784600000|  0%| F|  |TAMS 0x0000000784500000, 0x0000000784500000| Untracked 
|  70|0x0000000784600000, 0x0000000784600000, 0x0000000784700000|  0%| F|  |TAMS 0x0000000784600000, 0x0000000784600000| Untracked 
|  71|0x0000000784700000, 0x0000000784700000, 0x0000000784800000|  0%| F|  |TAMS 0x0000000784700000, 0x0000000784700000| Untracked 
|  72|0x0000000784800000, 0x0000000784800000, 0x0000000784900000|  0%| F|  |TAMS 0x0000000784800000, 0x0000000784800000| Untracked 
|  73|0x0000000784900000, 0x0000000784900000, 0x0000000784a00000|  0%| F|  |TAMS 0x0000000784900000, 0x0000000784900000| Untracked 
|  74|0x0000000784a00000, 0x0000000784a00000, 0x0000000784b00000|  0%| F|  |TAMS 0x0000000784a00000, 0x0000000784a00000| Untracked 
|  75|0x0000000784b00000, 0x0000000784b00000, 0x0000000784c00000|  0%| F|  |TAMS 0x0000000784b00000, 0x0000000784b00000| Untracked 
|  76|0x0000000784c00000, 0x0000000784c00000, 0x0000000784d00000|  0%| F|  |TAMS 0x0000000784c00000, 0x0000000784c00000| Untracked 
|  77|0x0000000784d00000, 0x0000000784d00000, 0x0000000784e00000|  0%| F|  |TAMS 0x0000000784d00000, 0x0000000784d00000| Untracked 
|  78|0x0000000784e00000, 0x0000000784e00000, 0x0000000784f00000|  0%| F|  |TAMS 0x0000000784e00000, 0x0000000784e00000| Untracked 
|  79|0x0000000784f00000, 0x0000000784f00000, 0x0000000785000000|  0%| F|  |TAMS 0x0000000784f00000, 0x0000000784f00000| Untracked 
|  80|0x0000000785000000, 0x0000000785000000, 0x0000000785100000|  0%| F|  |TAMS 0x0000000785000000, 0x0000000785000000| Untracked 
|  81|0x0000000785100000, 0x0000000785100000, 0x0000000785200000|  0%| F|  |TAMS 0x0000000785100000, 0x0000000785100000| Untracked 
|  82|0x0000000785200000, 0x0000000785200000, 0x0000000785300000|  0%| F|  |TAMS 0x0000000785200000, 0x0000000785200000| Untracked 
|  83|0x0000000785300000, 0x0000000785300000, 0x0000000785400000|  0%| F|  |TAMS 0x0000000785300000, 0x0000000785300000| Untracked 
|  84|0x0000000785400000, 0x0000000785400000, 0x0000000785500000|  0%| F|  |TAMS 0x0000000785400000, 0x0000000785400000| Untracked 
|  85|0x0000000785500000, 0x0000000785500000, 0x0000000785600000|  0%| F|  |TAMS 0x0000000785500000, 0x0000000785500000| Untracked 
|  86|0x0000000785600000, 0x0000000785600000, 0x0000000785700000|  0%| F|  |TAMS 0x0000000785600000, 0x0000000785600000| Untracked 
|  87|0x0000000785700000, 0x0000000785700000, 0x0000000785800000|  0%| F|  |TAMS 0x0000000785700000, 0x0000000785700000| Untracked 
|  88|0x0000000785800000, 0x0000000785800000, 0x0000000785900000|  0%| F|  |TAMS 0x0000000785800000, 0x0000000785800000| Untracked 
|  89|0x0000000785900000, 0x0000000785900000, 0x0000000785a00000|  0%| F|  |TAMS 0x0000000785900000, 0x0000000785900000| Untracked 
|  90|0x0000000785a00000, 0x0000000785a00000, 0x0000000785b00000|  0%| F|  |TAMS 0x0000000785a00000, 0x0000000785a00000| Untracked 
|  91|0x0000000785b00000, 0x0000000785b00000, 0x0000000785c00000|  0%| F|  |TAMS 0x0000000785b00000, 0x0000000785b00000| Untracked 
|  92|0x0000000785c00000, 0x0000000785c00000, 0x0000000785d00000|  0%| F|  |TAMS 0x0000000785c00000, 0x0000000785c00000| Untracked 
|  93|0x0000000785d00000, 0x0000000785d00000, 0x0000000785e00000|  0%| F|  |TAMS 0x0000000785d00000, 0x0000000785d00000| Untracked 
|  94|0x0000000785e00000, 0x0000000785e00000, 0x0000000785f00000|  0%| F|  |TAMS 0x0000000785e00000, 0x0000000785e00000| Untracked 
|  95|0x0000000785f00000, 0x0000000785f00000, 0x0000000786000000|  0%| F|  |TAMS 0x0000000785f00000, 0x0000000785f00000| Untracked 
|  96|0x0000000786000000, 0x0000000786000000, 0x0000000786100000|  0%| F|  |TAMS 0x0000000786000000, 0x0000000786000000| Untracked 
|  97|0x0000000786100000, 0x0000000786100000, 0x0000000786200000|  0%| F|  |TAMS 0x0000000786100000, 0x0000000786100000| Untracked 
|  98|0x0000000786200000, 0x0000000786200000, 0x0000000786300000|  0%| F|  |TAMS 0x0000000786200000, 0x0000000786200000| Untracked 
|  99|0x0000000786300000, 0x0000000786300000, 0x0000000786400000|  0%| F|  |TAMS 0x0000000786300000, 0x0000000786300000| Untracked 
| 100|0x0000000786400000, 0x0000000786400000, 0x0000000786500000|  0%| F|  |TAMS 0x0000000786400000, 0x0000000786400000| Untracked 
| 101|0x0000000786500000, 0x0000000786500000, 0x0000000786600000|  0%| F|  |TAMS 0x0000000786500000, 0x0000000786500000| Untracked 
| 102|0x0000000786600000, 0x0000000786600000, 0x0000000786700000|  0%| F|  |TAMS 0x0000000786600000, 0x0000000786600000| Untracked 
| 103|0x0000000786700000, 0x0000000786700000, 0x0000000786800000|  0%| F|  |TAMS 0x0000000786700000, 0x0000000786700000| Untracked 
| 104|0x0000000786800000, 0x0000000786800000, 0x0000000786900000|  0%| F|  |TAMS 0x0000000786800000, 0x0000000786800000| Untracked 
| 105|0x0000000786900000, 0x00000007869fc890, 0x0000000786a00000| 98%| E|  |TAMS 0x0000000786900000, 0x0000000786900000| Complete 
| 106|0x0000000786a00000, 0x0000000786b00000, 0x0000000786b00000|100%| E|CS|TAMS 0x0000000786a00000, 0x0000000786a00000| Complete 
| 107|0x0000000786b00000, 0x0000000786c00000, 0x0000000786c00000|100%| E|CS|TAMS 0x0000000786b00000, 0x0000000786b00000| Complete 
| 108|0x0000000786c00000, 0x0000000786d00000, 0x0000000786d00000|100%| E|CS|TAMS 0x0000000786c00000, 0x0000000786c00000| Complete 
| 109|0x0000000786d00000, 0x0000000786e00000, 0x0000000786e00000|100%| E|CS|TAMS 0x0000000786d00000, 0x0000000786d00000| Complete 
| 110|0x0000000786e00000, 0x0000000786f00000, 0x0000000786f00000|100%| E|CS|TAMS 0x0000000786e00000, 0x0000000786e00000| Complete 
| 111|0x0000000786f00000, 0x0000000787000000, 0x0000000787000000|100%| E|CS|TAMS 0x0000000786f00000, 0x0000000786f00000| Complete 
| 112|0x0000000787000000, 0x0000000787100000, 0x0000000787100000|100%| E|CS|TAMS 0x0000000787000000, 0x0000000787000000| Complete 
| 113|0x0000000787100000, 0x0000000787200000, 0x0000000787200000|100%| E|CS|TAMS 0x0000000787100000, 0x0000000787100000| Complete 
| 114|0x0000000787200000, 0x0000000787300000, 0x0000000787300000|100%| E|CS|TAMS 0x0000000787200000, 0x0000000787200000| Complete 
| 115|0x0000000787300000, 0x0000000787400000, 0x0000000787400000|100%| E|CS|TAMS 0x0000000787300000, 0x0000000787300000| Complete 
| 116|0x0000000787400000, 0x0000000787500000, 0x0000000787500000|100%| E|CS|TAMS 0x0000000787400000, 0x0000000787400000| Complete 
| 117|0x0000000787500000, 0x0000000787600000, 0x0000000787600000|100%| E|CS|TAMS 0x0000000787500000, 0x0000000787500000| Complete 
| 118|0x0000000787600000, 0x0000000787700000, 0x0000000787700000|100%| E|CS|TAMS 0x0000000787600000, 0x0000000787600000| Complete 
| 119|0x0000000787700000, 0x0000000787800000, 0x0000000787800000|100%| E|CS|TAMS 0x0000000787700000, 0x0000000787700000| Complete 
| 120|0x0000000787800000, 0x0000000787900000, 0x0000000787900000|100%| E|CS|TAMS 0x0000000787800000, 0x0000000787800000| Complete 
| 121|0x0000000787900000, 0x0000000787a00000, 0x0000000787a00000|100%| E|CS|TAMS 0x0000000787900000, 0x0000000787900000| Complete 
| 122|0x0000000787a00000, 0x0000000787b00000, 0x0000000787b00000|100%| E|CS|TAMS 0x0000000787a00000, 0x0000000787a00000| Complete 
| 123|0x0000000787b00000, 0x0000000787c00000, 0x0000000787c00000|100%| E|CS|TAMS 0x0000000787b00000, 0x0000000787b00000| Complete 
| 124|0x0000000787c00000, 0x0000000787d00000, 0x0000000787d00000|100%| E|CS|TAMS 0x0000000787c00000, 0x0000000787c00000| Complete 
| 125|0x0000000787d00000, 0x0000000787e00000, 0x0000000787e00000|100%| E|  |TAMS 0x0000000787d00000, 0x0000000787d00000| Complete 
| 126|0x0000000787e00000, 0x0000000787f00000, 0x0000000787f00000|100%| E|CS|TAMS 0x0000000787e00000, 0x0000000787e00000| Complete 
| 127|0x0000000787f00000, 0x0000000788000000, 0x0000000788000000|100%| E|CS|TAMS 0x0000000787f00000, 0x0000000787f00000| Complete 
|2046|0x00000007ffe00000, 0x00000007ffe76000, 0x00000007fff00000| 46%|OA|  |TAMS 0x00000007ffe00000, 0x00000007ffe00000| Untracked 
|2047|0x00000007fff00000, 0x00000007fff7f000, 0x0000000800000000| 49%|CA|  |TAMS 0x00000007fff00000, 0x00000007fff00000| Untracked 

Card table byte_map: [0x000000010ba32000,0x000000010be32000] _byte_map_base: 0x0000000107e32000

Marking Bits (Prev, Next): (CMBitMap*) 0x00007fccc983a210, (CMBitMap*) 0x00007fccc983a250
 Prev Bits: [0x00000001258d2000, 0x00000001278d2000)
 Next Bits: [0x00000001278d2000, 0x00000001298d2000)

Polling page: 0x0000000102c7d000

Metaspace:

Usage:
  Non-class:      4.73 MB used.
      Class:    416.54 KB used.
       Both:      5.14 MB used.

Virtual space:
  Non-class space:        8.00 MB reserved,       4.81 MB ( 60%) committed,  1 nodes.
      Class space:        1.00 GB reserved,     448.00 KB ( <1%) committed,  1 nodes.
             Both:        1.01 GB reserved,       5.25 MB ( <1%) committed. 

Chunk freelists:
   Non-Class:  1.66 MB
       Class:  3.56 MB
        Both:  5.22 MB

MaxMetaspaceSize: unlimited
CompressedClassSpaceSize: 1.00 GB
Initial GC threshold: 21.00 MB
Current GC threshold: 21.00 MB
CDS: on
MetaspaceReclaimPolicy: balanced
 - commit_granule_bytes: 65536.
 - commit_granule_words: 8192.
 - virtual_space_node_default_size: 1048576.
 - enlarge_chunks_in_place: 1.
 - new_chunks_are_fully_committed: 0.
 - uncommit_free_chunks: 1.
 - use_allocation_guard: 0.
 - handle_deallocations: 1.


Internal statistics:

num_allocs_failed_limit: 0.
num_arena_births: 52.
num_arena_deaths: 0.
num_vsnodes_births: 2.
num_vsnodes_deaths: 0.
num_space_committed: 82.
num_space_uncommitted: 0.
num_chunks_returned_to_freelist: 0.
num_chunks_taken_from_freelist: 160.
num_chunk_merges: 0.
num_chunk_splits: 113.
num_chunks_enlarged: 79.
num_purges: 0.
num_inconsistent_stats: 0.

CodeHeap 'non-profiled nmethods': size=120028Kb used=331Kb max_used=331Kb free=119697Kb
 bounds [0x000000011e39b000, 0x000000011e60b000, 0x00000001258d2000]
CodeHeap 'profiled nmethods': size=120028Kb used=1832Kb max_used=1832Kb free=118195Kb
 bounds [0x0000000116e64000, 0x00000001170d4000, 0x000000011e39b000]
CodeHeap 'non-nmethods': size=5704Kb used=1286Kb max_used=1308Kb free=4417Kb
 bounds [0x00000001168d2000, 0x0000000116b42000, 0x0000000116e64000]
 total_blobs=1624 nmethods=1071 adapters=468
 compilation: enabled
              stopped_count=0, restarted_count=0
 full_count=0

Compilation events (20 events):
Event: 4158.469 Thread 0x00007fccc98aec00 1059       3       com.badlogic.gdx.backends.lwjgl.LwjglGL20::toFloatBuffer (30 bytes)
Event: 4158.470 Thread 0x00007fccc98aec00 nmethod 1059 0x0000000117029890 code [0x0000000117029a60, 0x0000000117029dd0]
Event: 4158.470 Thread 0x00007fccc98aec00 1060       3       com.badlogic.gdx.backends.lwjgl.LwjglGL20::ensureBufferCapacity (49 bytes)
Event: 4158.470 Thread 0x00007fccc98aec00 nmethod 1060 0x0000000117029f90 code [0x000000011702a1a0, 0x000000011702a7f0]
Event: 4158.470 Thread 0x00007fccc98aec00 1061       3       java.nio.FloatBuffer::clear (5 bytes)
Event: 4158.470 Thread 0x00007fccc98aec00 nmethod 1061 0x000000011702aa10 code [0x000000011702abc0, 0x000000011702ad90]
Event: 4158.470 Thread 0x00007fccc98aec00 1062       3       java.nio.FloatBuffer::clear (7 bytes)
Event: 4158.471 Thread 0x00007fccc98aec00 nmethod 1062 0x000000011702ae90 code [0x000000011702b040, 0x000000011702b1b0]
Event: 4158.471 Thread 0x00007fccc98aec00 1063       3       org.lwjgl.opengl.GL20::glUniformMatrix4 (37 bytes)
Event: 4158.472 Thread 0x00007fccc98aec00 nmethod 1063 0x000000011702b290 code [0x000000011702b520, 0x000000011702c070]
Event: 4158.472 Thread 0x00007fccc98aec00 1065       3       org.lwjgl.opengl.GL20::glUniform1i (20 bytes)
Event: 4158.472 Thread 0x00007fccc98aec00 nmethod 1065 0x000000011702c610 code [0x000000011702c840, 0x000000011702cfb0]
Event: 4158.472 Thread 0x00007fccc98aec00 1067       3       TankGame::drawredTank (82 bytes)
Event: 4158.473 Thread 0x00007fccc98aec00 nmethod 1067 0x000000011702d290 code [0x000000011702d4a0, 0x000000011702da20]
Event: 4158.863 Thread 0x00007fccc98aec00 1069       3       jdk.internal.misc.Unsafe::toUnsignedLong (7 bytes)
Event: 4158.863 Thread 0x00007fccc98aec00 nmethod 1069 0x000000011702dd90 code [0x000000011702df20, 0x000000011702e010]
Event: 4159.029 Thread 0x00007fccc98b4800 1070   !   4       java.nio.DirectIntBufferU::get (34 bytes)
Event: 4159.032 Thread 0x00007fccc98b4800 nmethod 1070 0x000000011e3ed290 code [0x000000011e3ed420, 0x000000011e3ed518]
Event: 4159.779 Thread 0x00007fccc98b4800 1071   !   4       org.lwjgl.input.Keyboard::isKeyDown (45 bytes)
Event: 4159.783 Thread 0x00007fccc98b4800 nmethod 1071 0x000000011e3ed690 code [0x000000011e3ed820, 0x000000011e3eda58]

GC Heap History (0 events):
No events

Deoptimization events (16 events):
Event: 4094.075 Thread 0x00007fccb998b600 DEOPT PACKING pc=0x0000000116e6f96a sp=0x000000030b7c4890
Event: 4094.076 Thread 0x00007fccb998b600 DEOPT UNPACKING pc=0x0000000116924810 sp=0x000000030b7c3cd0 mode 0
Event: 4140.176 Thread 0x00007fccb998b600 DEOPT PACKING pc=0x0000000116e65e5b sp=0x000000030b7c4840
Event: 4140.176 Thread 0x00007fccb998b600 DEOPT UNPACKING pc=0x0000000116924810 sp=0x000000030b7c3cd8 mode 0
Event: 4147.793 Thread 0x00007fccb983dc00 DEOPT PACKING pc=0x0000000116f31ff4 sp=0x000000030b6c1070
Event: 4147.794 Thread 0x00007fccb983dc00 DEOPT UNPACKING pc=0x0000000116924810 sp=0x000000030b6c0540 mode 1
Event: 4151.162 Thread 0x00007fccb983dc00 DEOPT PACKING pc=0x0000000116fd007b sp=0x000000030b6c1890
Event: 4151.162 Thread 0x00007fccb983dc00 DEOPT UNPACKING pc=0x0000000116924810 sp=0x000000030b6c0e38 mode 0
Event: 4151.291 Thread 0x00007fccca023000 Uncommon trap: trap_request=0xffffff45 fr.pc=0x000000011e3a0898 relative=0x0000000000000078
Event: 4151.291 Thread 0x00007fccca023000 Uncommon trap: reason=unstable_if action=reinterpret pc=0x000000011e3a0898 method=java.lang.String.isLatin1()Z @ 10 c2
Event: 4151.291 Thread 0x00007fccca023000 DEOPT PACKING pc=0x000000011e3a0898 sp=0x0000000309abe1c0
Event: 4151.291 Thread 0x00007fccca023000 DEOPT UNPACKING pc=0x0000000116924093 sp=0x0000000309abe130 mode 2
Event: 4151.322 Thread 0x00007fccca023000 Uncommon trap: trap_request=0xffffff45 fr.pc=0x000000011e3a4380 relative=0x0000000000000060
Event: 4151.322 Thread 0x00007fccca023000 Uncommon trap: reason=unstable_if action=reinterpret pc=0x000000011e3a4380 method=java.lang.String.isLatin1()Z @ 10 c2
Event: 4151.322 Thread 0x00007fccca023000 DEOPT PACKING pc=0x000000011e3a4380 sp=0x0000000309abe170
Event: 4151.322 Thread 0x00007fccca023000 DEOPT UNPACKING pc=0x0000000116924093 sp=0x0000000309abe130 mode 2

Classes unloaded (0 events):
No events

Classes redefined (0 events):
No events

Internal exceptions (8 events):
Event: 0.508 Thread 0x00007fccc9809200 Exception <a 'java/lang/ClassNotFoundException'{0x0000000787e3ea30}: sun/awt/resources/spi/awtProvider> (0x0000000787e3ea30) 
thrown [src/hotspot/share/classfile/systemDictionary.cpp, line 256]
Event: 0.551 Thread 0x00007fccc9809200 Exception <a 'java/io/FileNotFoundException'{0x0000000787e930e8}> (0x0000000787e930e8) 
thrown [src/hotspot/share/prims/jni.cpp, line 516]
Event: 0.564 Thread 0x00007fccc9809200 Exception <a 'java/io/FileNotFoundException'{0x0000000787d1ed20}> (0x0000000787d1ed20) 
thrown [src/hotspot/share/prims/jni.cpp, line 516]
Event: 0.565 Thread 0x00007fccc9809200 Exception <a 'java/lang/NoSuchMethodError'{0x0000000787d20190}: 'java.lang.Object java.lang.invoke.DirectMethodHandle$Holder.invokeStaticInit(java.lang.Object)'> (0x0000000787d20190) 
thrown [src/hotspot/share/interpreter/linkResolver.cpp, line 759]
Event: 0.571 Thread 0x00007fccc9809200 Exception <a 'java/lang/ClassNotFoundException'{0x0000000787d29dd8}: sun/awt/resources/spi/awtosxProvider> (0x0000000787d29dd8) 
thrown [src/hotspot/share/classfile/systemDictionary.cpp, line 256]
Event: 4145.256 Thread 0x00007fccaa013a00 Exception <a 'java/lang/NoSuchMethodError'{0x00000007870a4f30}: 'void java.lang.invoke.DirectMethodHandle$Holder.invokeStatic(java.lang.Object, java.lang.Object)'> (0x00000007870a4f30) 
thrown [src/hotspot/share/interpreter/linkResolver.cpp, line 759]
Event: 4145.657 Thread 0x00007fccaa013a00 Exception <a 'java/lang/NoSuchMethodError'{0x0000000786e26918}: 'java.lang.Object java.lang.invoke.DirectMethodHandle$Holder.invokeInterface(java.lang.Object, java.lang.Object)'> (0x0000000786e26918) 
thrown [src/hotspot/share/interpreter/linkResolver.cpp, line 759]
Event: 4145.658 Thread 0x00007fccaa013a00 Exception <a 'java/lang/IncompatibleClassChangeError'{0x0000000786e2a248}: Found class java.lang.Object, but interface was expected> (0x0000000786e2a248) 
thrown [src/hotspot/share/interpreter/linkResolver.cpp, line 826]

VM Operations (20 events):
Event: 4146.295 Executing VM operation: Cleanup
Event: 4146.296 Executing VM operation: Cleanup done
Event: 4148.306 Executing VM operation: Cleanup
Event: 4148.307 Executing VM operation: Cleanup done
Event: 4149.310 Executing VM operation: Cleanup
Event: 4149.310 Executing VM operation: Cleanup done
Event: 4150.315 Executing VM operation: Cleanup
Event: 4150.316 Executing VM operation: Cleanup done
Event: 4152.321 Executing VM operation: Cleanup
Event: 4152.321 Executing VM operation: Cleanup done
Event: 4153.323 Executing VM operation: Cleanup
Event: 4153.323 Executing VM operation: Cleanup done
Event: 4154.328 Executing VM operation: Cleanup
Event: 4154.328 Executing VM operation: Cleanup done
Event: 4155.333 Executing VM operation: Cleanup
Event: 4155.334 Executing VM operation: Cleanup done
Event: 4157.341 Executing VM operation: Cleanup
Event: 4157.342 Executing VM operation: Cleanup done
Event: 4158.345 Executing VM operation: Cleanup
Event: 4158.346 Executing VM operation: Cleanup done

Events (20 events):
Event: 4147.682 loading class java/nio/DirectShortBufferU
Event: 4147.683 loading class java/nio/DirectShortBufferU done
Event: 4147.704 loading class java/io/Reader
Event: 4147.704 loading class java/io/Reader done
Event: 4147.704 loading class java/io/InputStreamReader
Event: 4147.705 loading class java/io/InputStreamReader done
Event: 4147.706 loading class java/io/BufferedReader
Event: 4147.707 loading class java/io/BufferedReader done
Event: 4147.710 loading class sun/nio/cs/StreamDecoder
Event: 4147.710 loading class sun/nio/cs/StreamDecoder done
Event: 4147.796 loading class java/util/NoSuchElementException
Event: 4147.796 loading class java/util/NoSuchElementException done
Event: 4147.804 loading class java/lang/InstantiationException
Event: 4147.804 loading class java/lang/InstantiationException done
Event: 4147.804 loading class java/lang/SecurityException
Event: 4147.804 loading class java/lang/SecurityException done
Event: 4156.448 Protecting memory [0x000000030b42e000,0x000000030b432000] with protection modes 3
Event: 4156.448 Thread 0x00007fcccb03ee00 Thread exited: 0x00007fcccb03ee00
Event: 4157.573 Thread 0x00007fccc9a14400 Thread added: 0x00007fccc9a14400
Event: 4157.573 Protecting memory [0x000000030b3b3000,0x000000030b3b7000] with protection modes 0


Dynamic libraries:
0x000000010b1fd000 	/Applications/BlueJ.app/Contents/JDK/Home/lib/libjli.dylib
0x00007ff81852e000 	/usr/lib/libz.1.dylib
0x00007ff81861d000 	/usr/lib/libSystem.B.dylib
0x00007ff818617000 	/usr/lib/system/libcache.dylib
0x00007ff8185ce000 	/usr/lib/system/libcommonCrypto.dylib
0x00007ff8185fb000 	/usr/lib/system/libcompiler_rt.dylib
0x00007ff8185ed000 	/usr/lib/system/libcopyfile.dylib
0x00007ff80beb3000 	/usr/lib/system/libcorecrypto.dylib
0x00007ff80bf77000 	/usr/lib/system/libdispatch.dylib
0x00007ff80c121000 	/usr/lib/system/libdyld.dylib
0x00007ff81860d000 	/usr/lib/system/libkeymgr.dylib
0x00007ff8185ad000 	/usr/lib/system/libmacho.dylib
0x00007ff817ab6000 	/usr/lib/system/libquarantine.dylib
0x00007ff81860b000 	/usr/lib/system/libremovefile.dylib
0x00007ff810cb7000 	/usr/lib/system/libsystem_asl.dylib
0x00007ff80be54000 	/usr/lib/system/libsystem_blocks.dylib
0x00007ff80bfc2000 	/usr/lib/system/libsystem_c.dylib
0x00007ff818603000 	/usr/lib/system/libsystem_collections.dylib
0x00007ff816b90000 	/usr/lib/system/libsystem_configuration.dylib
0x00007ff815c35000 	/usr/lib/system/libsystem_containermanager.dylib
0x00007ff818262000 	/usr/lib/system/libsystem_coreservices.dylib
0x00007ff80ed07000 	/usr/lib/system/libsystem_darwin.dylib
0x00007ff81860e000 	/usr/lib/system/libsystem_dnssd.dylib
0x00007ff80bfbf000 	/usr/lib/system/libsystem_featureflags.dylib
0x00007ff80c14f000 	/usr/lib/system/libsystem_info.dylib
0x00007ff818541000 	/usr/lib/system/libsystem_m.dylib
0x00007ff80bf4a000 	/usr/lib/system/libsystem_malloc.dylib
0x00007ff810c3a000 	/usr/lib/system/libsystem_networkextension.dylib
0x00007ff80f148000 	/usr/lib/system/libsystem_notify.dylib
0x00007ff816b94000 	/usr/lib/system/libsystem_sandbox.dylib
0x00007ff818608000 	/usr/lib/system/libsystem_secinit.dylib
0x00007ff80c0db000 	/usr/lib/system/libsystem_kernel.dylib
0x00007ff80c145000 	/usr/lib/system/libsystem_platform.dylib
0x00007ff80c115000 	/usr/lib/system/libsystem_pthread.dylib
0x00007ff8126fc000 	/usr/lib/system/libsystem_symptoms.dylib
0x00007ff80be99000 	/usr/lib/system/libsystem_trace.dylib
0x00007ff8185da000 	/usr/lib/system/libunwind.dylib
0x00007ff80be58000 	/usr/lib/system/libxpc.dylib
0x00007ff80c0c6000 	/usr/lib/libc++abi.dylib
0x00007ff80bd80000 	/usr/lib/libobjc.A.dylib
0x00007ff8185e5000 	/usr/lib/liboah.dylib
0x00007ff80c04a000 	/usr/lib/libc++.1.dylib
0x00007ff825b5f000 	/System/Library/Frameworks/Cocoa.framework/Versions/A/Cocoa
0x00007ff80f1aa000 	/System/Library/Frameworks/AppKit.framework/Versions/C/AppKit
0x00007ff811eb3000 	/System/Library/Frameworks/CoreData.framework/Versions/A/CoreData
0x00007ff80cf81000 	/System/Library/Frameworks/Foundation.framework/Versions/C/Foundation
0x00007ff8101b2000 	/System/Library/PrivateFrameworks/UIFoundation.framework/Versions/A/UIFoundation
0x00007ffb0eb5b000 	/System/Library/PrivateFrameworks/CollectionViewCore.framework/Versions/A/CollectionViewCore
0x00007ff81fa7e000 	/System/Library/PrivateFrameworks/RemoteViewServices.framework/Versions/A/RemoteViewServices
0x00007ff816416000 	/System/Library/PrivateFrameworks/XCTTargetBootstrap.framework/Versions/A/XCTTargetBootstrap
0x00007ff81b560000 	/System/Library/PrivateFrameworks/InternationalSupport.framework/Versions/A/InternationalSupport
0x00007ff81b5e9000 	/System/Library/PrivateFrameworks/UserActivity.framework/Versions/A/UserActivity
0x00007ffb25a88000 	/System/Library/PrivateFrameworks/WindowManagement.framework/Versions/A/WindowManagement
0x00007ff80cc70000 	/System/Library/Frameworks/SystemConfiguration.framework/Versions/A/SystemConfiguration
0x00007ff81a940000 	/usr/lib/libspindump.dylib
0x00007ff810380000 	/System/Library/Frameworks/UniformTypeIdentifiers.framework/Versions/A/UniformTypeIdentifiers
0x00007ff8145d2000 	/usr/lib/libapp_launch_measurement.dylib
0x00007ff81333a000 	/System/Library/PrivateFrameworks/CoreAnalytics.framework/Versions/A/CoreAnalytics
0x00007ff8145d5000 	/System/Library/PrivateFrameworks/CoreAutoLayout.framework/Versions/A/CoreAutoLayout
0x00007ff815c83000 	/System/Library/Frameworks/Metal.framework/Versions/A/Metal
0x00007ff816b9f000 	/usr/lib/liblangid.dylib
0x00007ff81641b000 	/System/Library/PrivateFrameworks/CoreSVG.framework/Versions/A/CoreSVG
0x00007ff810ce9000 	/System/Library/PrivateFrameworks/SkyLight.framework/Versions/A/SkyLight
0x00007ff8110dc000 	/System/Library/Frameworks/CoreGraphics.framework/Versions/A/CoreGraphics
0x00007ff820164000 	/System/Library/Frameworks/Accelerate.framework/Versions/A/Accelerate
0x00007ff81a3b1000 	/System/Library/PrivateFrameworks/IconServices.framework/Versions/A/IconServices
0x00007ff815c64000 	/System/Library/Frameworks/IOSurface.framework/Versions/A/IOSurface
0x00007ff813365000 	/usr/lib/libDiagnosticMessagesClient.dylib
0x00007ff82381f000 	/System/Library/Frameworks/ApplicationServices.framework/Versions/A/ApplicationServices
0x00007ff816402000 	/System/Library/PrivateFrameworks/DFRFoundation.framework/Versions/A/DFRFoundation
0x00007ff80ea76000 	/usr/lib/libicucore.A.dylib
0x00007ff81c3fd000 	/System/Library/Frameworks/AudioToolbox.framework/Versions/A/AudioToolbox
0x00007ff81b56b000 	/System/Library/PrivateFrameworks/DataDetectorsCore.framework/Versions/A/DataDetectorsCore
0x00007ff913b26000 	/System/Library/PrivateFrameworks/TextInput.framework/Versions/A/TextInput
0x00007ff810c52000 	/usr/lib/libMobileGestalt.dylib
0x00007ff81610a000 	/System/Library/Frameworks/Carbon.framework/Versions/A/Frameworks/HIToolbox.framework/Versions/A/HIToolbox
0x00007ff813f5f000 	/System/Library/Frameworks/QuartzCore.framework/Versions/A/QuartzCore
0x00007ff80e6e9000 	/System/Library/Frameworks/Security.framework/Versions/A/Security
0x00007ff81fab6000 	/System/Library/Frameworks/Carbon.framework/Versions/A/Frameworks/SpeechRecognition.framework/Versions/A/SpeechRecognition
0x00007ff814311000 	/System/Library/PrivateFrameworks/CoreUI.framework/Versions/A/CoreUI
0x00007ff80e037000 	/System/Library/Frameworks/CoreAudio.framework/Versions/A/CoreAudio
0x00007ff81343e000 	/System/Library/Frameworks/DiskArbitration.framework/Versions/A/DiskArbitration
0x00007ff81ad5c000 	/System/Library/PrivateFrameworks/MultitouchSupport.framework/Versions/A/MultitouchSupport
0x00007ff810c51000 	/usr/lib/libenergytrace.dylib
0x00007ff80f08b000 	/System/Library/Frameworks/IOKit.framework/Versions/A/IOKit
0x00007ff81feb3000 	/System/Library/Frameworks/CoreServices.framework/Versions/A/CoreServices
0x00007ff81456a000 	/System/Library/PrivateFrameworks/PerformanceAnalysis.framework/Versions/A/PerformanceAnalysis
0x00007ffa23e79000 	/System/Library/Frameworks/OpenGL.framework/Versions/A/OpenGL
0x00007ff81461d000 	/usr/lib/libxml2.2.dylib
0x00007ff8179c8000 	/System/Library/PrivateFrameworks/MobileKeyBag.framework/Versions/A/MobileKeyBag
0x00007ff8118e9000 	/System/Library/Frameworks/ColorSync.framework/Versions/A/ColorSync
0x00007ff80c17a000 	/System/Library/Frameworks/CoreFoundation.framework/Versions/A/CoreFoundation
0x00007ff81676b000 	/System/Library/Frameworks/CoreImage.framework/Versions/A/CoreImage
0x00007ff80de45000 	/System/Library/Frameworks/CoreText.framework/Versions/A/CoreText
0x00007ff816452000 	/System/Library/Frameworks/ImageIO.framework/Versions/A/ImageIO
0x00007ff818623000 	/System/Library/PrivateFrameworks/SoftLinking.framework/Versions/A/SoftLinking
0x00007ff8188a4000 	/usr/lib/libcompression.dylib
0x00007ff81b499000 	/System/Library/PrivateFrameworks/TextureIO.framework/Versions/A/TextureIO
0x00007ff819fdb000 	/usr/lib/libate.dylib
0x00007ff819d69000 	/usr/lib/liblzma.5.dylib
0x00007ff81861f000 	/usr/lib/libfakelink.dylib
0x00007ff810898000 	/System/Library/Frameworks/CFNetwork.framework/Versions/A/CFNetwork
0x00007ff81875c000 	/usr/lib/libarchive.2.dylib
0x00007ff81dd4c000 	/System/Library/Frameworks/Combine.framework/Versions/A/Combine
0x00007ff81be9a000 	/usr/lib/swift/libswiftCore.dylib
0x00007ff910afb000 	/usr/lib/swift/libswiftCoreFoundation.dylib
0x00007ff90ebbf000 	/usr/lib/swift/libswiftDarwin.dylib
0x00007ff821700000 	/usr/lib/swift/libswiftDispatch.dylib
0x00007ff910b17000 	/usr/lib/swift/libswiftIOKit.dylib
0x00007ff823c5e000 	/usr/lib/swift/libswiftObjectiveC.dylib
0x00007ff910b0c000 	/usr/lib/swift/libswiftXPC.dylib
0x00007ffc0c644000 	/usr/lib/swift/libswift_Concurrency.dylib
0x00007ffc0c781000 	/usr/lib/swift/libswift_StringProcessing.dylib
0x00007ff823c62000 	/usr/lib/swift/libswiftos.dylib
0x00007ff80f00e000 	/System/Library/PrivateFrameworks/CoreServicesInternal.framework/Versions/A/CoreServicesInternal
0x00007ff817add000 	/usr/lib/libbsm.0.dylib
0x00007ff8185b2000 	/usr/lib/system/libkxld.dylib
0x00007ff81459e000 	/System/Library/Frameworks/CoreServices.framework/Versions/A/Frameworks/FSEvents.framework/Versions/A/FSEvents
0x00007ff80ed12000 	/System/Library/Frameworks/CoreServices.framework/Versions/A/Frameworks/CarbonCore.framework/Versions/A/CarbonCore
0x00007ff8133a8000 	/System/Library/Frameworks/CoreServices.framework/Versions/A/Frameworks/Metadata.framework/Versions/A/Metadata
0x00007ff818268000 	/System/Library/Frameworks/CoreServices.framework/Versions/A/Frameworks/OSServices.framework/Versions/A/OSServices
0x00007ff8187e4000 	/System/Library/Frameworks/CoreServices.framework/Versions/A/Frameworks/SearchKit.framework/Versions/A/SearchKit
0x00007ff812680000 	/System/Library/Frameworks/CoreServices.framework/Versions/A/Frameworks/AE.framework/Versions/A/AE
0x00007ff80c615000 	/System/Library/Frameworks/CoreServices.framework/Versions/A/Frameworks/LaunchServices.framework/Versions/A/LaunchServices
0x00007ff819d1a000 	/System/Library/Frameworks/CoreServices.framework/Versions/A/Frameworks/DictionaryServices.framework/Versions/A/DictionaryServices
0x00007ff8145ab000 	/System/Library/Frameworks/CoreServices.framework/Versions/A/Frameworks/SharedFileList.framework/Versions/A/SharedFileList
0x00007ff81886e000 	/usr/lib/libapple_nghttp2.dylib
0x00007ff810894000 	/usr/lib/libnetwork.dylib
0x00007ff812332000 	/usr/lib/libsqlite3.dylib
0x00007ff812704000 	/System/Library/Frameworks/Network.framework/Versions/A/Network
0x00007ffb2b4b1000 	/usr/lib/libCoreEntitlements.dylib
0x00007ffb185cd000 	/System/Library/PrivateFrameworks/MessageSecurity.framework/Versions/A/MessageSecurity
0x00007ff812319000 	/System/Library/PrivateFrameworks/ProtocolBuffer.framework/Versions/A/ProtocolBuffer
0x00007ff818184000 	/System/Library/PrivateFrameworks/AppleFSCompression.framework/Versions/A/AppleFSCompression
0x00007ff817ac5000 	/usr/lib/libcoretls.dylib
0x00007ff819d82000 	/usr/lib/libcoretls_cfhelpers.dylib
0x00007ff81889e000 	/usr/lib/libpam.2.dylib
0x00007ff819df4000 	/usr/lib/libxar.1.dylib
0x00007ff81a38d000 	/usr/lib/libheimdal-asn1.dylib
0x00007ff818624000 	/usr/lib/libpcap.A.dylib
0x00007ff8126f3000 	/usr/lib/libdns_services.dylib
0x00007ff816b9b000 	/System/Library/PrivateFrameworks/AppleSystemInfo.framework/Versions/A/AppleSystemInfo
0x00007ff8177cf000 	/System/Library/PrivateFrameworks/IOMobileFramebuffer.framework/Versions/A/IOMobileFramebuffer
0x00007ff818253000 	/usr/lib/libbz2.1.0.dylib
0x00007ff817ab9000 	/usr/lib/libCheckFix.dylib
0x00007ff810cce000 	/System/Library/PrivateFrameworks/TCC.framework/Versions/A/TCC
0x00007ff816ba1000 	/System/Library/PrivateFrameworks/CoreNLP.framework/Versions/A/CoreNLP
0x00007ff813367000 	/System/Library/PrivateFrameworks/MetadataUtilities.framework/Versions/A/MetadataUtilities
0x00007ff817aee000 	/usr/lib/libmecab.dylib
0x00007ff80ccf0000 	/usr/lib/libCRFSuite.dylib
0x00007ff817b47000 	/usr/lib/libgermantok.dylib
0x00007ff81884a000 	/usr/lib/libThaiTokenizer.dylib
0x00007ff813446000 	/System/Library/Frameworks/Accelerate.framework/Versions/A/Frameworks/vImage.framework/Versions/A/vImage
0x00007ff81fe86000 	/System/Library/Frameworks/Accelerate.framework/Versions/A/Frameworks/vecLib.framework/Versions/A/vecLib
0x00007ff819e36000 	/System/Library/Frameworks/Accelerate.framework/Versions/A/Frameworks/vecLib.framework/Versions/A/libvMisc.dylib
0x00007ff8175ca000 	/System/Library/Frameworks/Accelerate.framework/Versions/A/Frameworks/vecLib.framework/Versions/A/libvDSP.dylib
0x00007ff80c9d3000 	/System/Library/Frameworks/Accelerate.framework/Versions/A/Frameworks/vecLib.framework/Versions/A/libBLAS.dylib
0x00007ff818982000 	/System/Library/Frameworks/Accelerate.framework/Versions/A/Frameworks/vecLib.framework/Versions/A/libLAPACK.dylib
0x00007ff817b4a000 	/System/Library/Frameworks/Accelerate.framework/Versions/A/Frameworks/vecLib.framework/Versions/A/libLinearAlgebra.dylib
0x00007ff818889000 	/System/Library/Frameworks/Accelerate.framework/Versions/A/Frameworks/vecLib.framework/Versions/A/libSparseBLAS.dylib
0x00007ff81897c000 	/System/Library/Frameworks/Accelerate.framework/Versions/A/Frameworks/vecLib.framework/Versions/A/libQuadrature.dylib
0x00007ff816c87000 	/System/Library/Frameworks/Accelerate.framework/Versions/A/Frameworks/vecLib.framework/Versions/A/libBNNS.dylib
0x00007ff80cbf9000 	/System/Library/Frameworks/Accelerate.framework/Versions/A/Frameworks/vecLib.framework/Versions/A/libSparse.dylib
0x00007ffb1780b000 	/System/Library/PrivateFrameworks/MIL.framework/Versions/A/MIL
0x00007ff818659000 	/usr/lib/libiconv.2.dylib
0x00007ff8185ac000 	/usr/lib/libcharset.1.dylib
0x00007ff814582000 	/System/Library/Frameworks/OpenDirectory.framework/Versions/A/Frameworks/CFOpenDirectory.framework/Versions/A/CFOpenDirectory
0x00007ff814576000 	/System/Library/Frameworks/OpenDirectory.framework/Versions/A/OpenDirectory
0x00007ff819d84000 	/System/Library/PrivateFrameworks/APFS.framework/Versions/A/APFS
0x00007ff8179fb000 	/System/Library/Frameworks/SecurityFoundation.framework/Versions/A/SecurityFoundation
0x00007ff819e02000 	/usr/lib/libutil.dylib
0x00007ffb16787000 	/System/Library/PrivateFrameworks/InstalledContentLibrary.framework/Versions/A/InstalledContentLibrary
0x00007ff80f04e000 	/System/Library/PrivateFrameworks/CoreServicesStore.framework/Versions/A/CoreServicesStore
0x00007ffb0d6fd000 	/System/Library/PrivateFrameworks/AppleMobileFileIntegrity.framework/Versions/A/AppleMobileFileIntegrity
0x00007ff910add000 	/usr/lib/libmis.dylib
0x00007ff91f385000 	/System/Library/PrivateFrameworks/MobileSystemServices.framework/Versions/A/MobileSystemServices
0x00007ffa1b0ed000 	/System/Library/PrivateFrameworks/ConfigProfileHelper.framework/Versions/A/ConfigProfileHelper
0x00007ff81884c000 	/System/Library/PrivateFrameworks/AppleSauce.framework/Versions/A/AppleSauce
0x00007ff80d90a000 	/System/Library/PrivateFrameworks/LanguageModeling.framework/Versions/A/LanguageModeling
0x00007ff819e06000 	/usr/lib/libxslt.1.dylib
0x00007ff81874b000 	/usr/lib/libcmph.dylib
0x00007ff8177bc000 	/System/Library/PrivateFrameworks/CoreEmoji.framework/Versions/A/CoreEmoji
0x00007ff816c82000 	/System/Library/PrivateFrameworks/LinguisticData.framework/Versions/A/LinguisticData
0x00007ff80cbb0000 	/System/Library/PrivateFrameworks/Lexicon.framework/Versions/A/Lexicon
0x00007ff817a89000 	/System/Library/PrivateFrameworks/BackgroundTaskManagement.framework/Versions/A/BackgroundTaskManagement
0x00007ffb2b5f3000 	/usr/lib/libTLE.dylib
0x00007ffc0c6ca000 	/usr/lib/swift/libswift_RegexParser.dylib
0x00007ff81ac26000 	/System/Library/PrivateFrameworks/AppleJPEG.framework/Versions/A/AppleJPEG
0x00007ff81a372000 	/usr/lib/libexpat.1.dylib
0x00007ff81b2f6000 	/System/Library/Frameworks/ImageIO.framework/Versions/A/Resources/libPng.dylib
0x00007ff81b323000 	/System/Library/Frameworks/ImageIO.framework/Versions/A/Resources/libTIFF.dylib
0x00007ff81b413000 	/System/Library/Frameworks/ImageIO.framework/Versions/A/Resources/libGIF.dylib
0x00007ff81ac71000 	/System/Library/Frameworks/ImageIO.framework/Versions/A/Resources/libJP2.dylib
0x00007ff81b3b3000 	/System/Library/Frameworks/ImageIO.framework/Versions/A/Resources/libJPEG.dylib
0x00007ff81b3aa000 	/System/Library/Frameworks/ImageIO.framework/Versions/A/Resources/libRadiance.dylib
0x00007ff815fa3000 	/System/Library/PrivateFrameworks/FontServices.framework/libFontParser.dylib
0x00007ff812625000 	/System/Library/PrivateFrameworks/RunningBoardServices.framework/Versions/A/RunningBoardServices
0x00007ff82620b000 	/System/Library/PrivateFrameworks/IOSurfaceAccelerator.framework/Versions/A/IOSurfaceAccelerator
0x00007ff81ad58000 	/System/Library/PrivateFrameworks/WatchdogClient.framework/Versions/A/WatchdogClient
0x00007ff80da70000 	/System/Library/Frameworks/CoreDisplay.framework/Versions/A/CoreDisplay
0x00007ff815e92000 	/System/Library/Frameworks/CoreMedia.framework/Versions/A/CoreMedia
0x00007ff815c7a000 	/System/Library/PrivateFrameworks/IOAccelerator.framework/Versions/A/IOAccelerator
0x00007ff8146fc000 	/System/Library/Frameworks/CoreVideo.framework/Versions/A/CoreVideo
0x00007ff81889c000 	/System/Library/Frameworks/MetalPerformanceShaders.framework/Versions/A/MetalPerformanceShaders
0x00007ff81ad97000 	/System/Library/Frameworks/VideoToolbox.framework/Versions/A/VideoToolbox
0x00007ff812563000 	/System/Library/PrivateFrameworks/BaseBoard.framework/Versions/A/BaseBoard
0x00007ff81b3a3000 	/System/Library/PrivateFrameworks/GPUWrangler.framework/Versions/A/GPUWrangler
0x00007ff81b387000 	/System/Library/PrivateFrameworks/IOPresentment.framework/Versions/A/IOPresentment
0x00007ff81b3ad000 	/System/Library/PrivateFrameworks/DSExternalDisplay.framework/Versions/A/DSExternalDisplay
0x00007ffb12c7c000 	/System/Library/PrivateFrameworks/GPUCompiler.framework/Versions/31001/Libraries/libllvm-flatbuffers.dylib
0x00007ffa23e6d000 	/System/Library/Frameworks/OpenGL.framework/Versions/A/Libraries/libCoreFSCache.dylib
0x00007ffb12c78000 	/System/Library/PrivateFrameworks/GPUCompiler.framework/Versions/31001/Libraries/libGPUCompilerUtils.dylib
0x00007ff81b419000 	/System/Library/PrivateFrameworks/CMCaptureCore.framework/Versions/A/CMCaptureCore
0x00007ffa27b25000 	/System/Library/Frameworks/ExtensionFoundation.framework/Versions/A/ExtensionFoundation
0x00007ff821e98000 	/System/Library/PrivateFrameworks/CoreTime.framework/Versions/A/CoreTime
0x00007ff81a92b000 	/System/Library/PrivateFrameworks/AppServerSupport.framework/Versions/A/AppServerSupport
0x00007ff81ccb3000 	/System/Library/PrivateFrameworks/perfdata.framework/Versions/A/perfdata
0x00007ff80db9c000 	/System/Library/PrivateFrameworks/AudioToolboxCore.framework/Versions/A/AudioToolboxCore
0x00007ff815e6d000 	/System/Library/PrivateFrameworks/caulk.framework/Versions/A/caulk
0x00007ff81c58e000 	/usr/lib/libAudioStatistics.dylib
0x00007ff90ff7f000 	/System/Library/PrivateFrameworks/SystemPolicy.framework/Versions/A/SystemPolicy
0x00007ff81c829000 	/usr/lib/libSMC.dylib
0x00007ff8259fd000 	/System/Library/Frameworks/CoreMIDI.framework/Versions/A/CoreMIDI
0x00007ff81b2c4000 	/usr/lib/libAudioToolboxUtility.dylib
0x00007ff82b390000 	/System/Library/PrivateFrameworks/OSAServicesClient.framework/Versions/A/OSAServicesClient
0x00007ff81ccc0000 	/usr/lib/libperfcheck.dylib
0x00007ff81a252000 	/System/Library/PrivateFrameworks/PlugInKit.framework/Versions/A/PlugInKit
0x00007ff8179ee000 	/System/Library/PrivateFrameworks/AssertionServices.framework/Versions/A/AssertionServices
0x00007ffa23eca000 	/System/Library/Frameworks/OpenGL.framework/Versions/A/Libraries/libGLU.dylib
0x00007ffa23e8c000 	/System/Library/Frameworks/OpenGL.framework/Versions/A/Libraries/libGFXShared.dylib
0x00007ffa2408b000 	/System/Library/Frameworks/OpenGL.framework/Versions/A/Libraries/libGL.dylib
0x00007ffa23e95000 	/System/Library/Frameworks/OpenGL.framework/Versions/A/Libraries/libGLImage.dylib
0x00007ffa23e89000 	/System/Library/Frameworks/OpenGL.framework/Versions/A/Libraries/libCVMSPluginSupport.dylib
0x00007ffb2b5d2000 	/usr/lib/libRosetta.dylib
0x00007ffa23e74000 	/System/Library/Frameworks/OpenGL.framework/Versions/A/Libraries/libCoreVMClient.dylib
0x00007ff816b10000 	/System/Library/Frameworks/MetalPerformanceShaders.framework/Versions/A/Frameworks/MPSCore.framework/Versions/A/MPSCore
0x00007ff8180ee000 	/System/Library/Frameworks/MetalPerformanceShaders.framework/Versions/A/Frameworks/MPSImage.framework/Versions/A/MPSImage
0x00007ff817b60000 	/System/Library/Frameworks/MetalPerformanceShaders.framework/Versions/A/Frameworks/MPSNeuralNetwork.framework/Versions/A/MPSNeuralNetwork
0x00007ff817fd1000 	/System/Library/Frameworks/MetalPerformanceShaders.framework/Versions/A/Frameworks/MPSMatrix.framework/Versions/A/MPSMatrix
0x00007ff817d8d000 	/System/Library/Frameworks/MetalPerformanceShaders.framework/Versions/A/Frameworks/MPSRayIntersector.framework/Versions/A/MPSRayIntersector
0x00007ff81800d000 	/System/Library/Frameworks/MetalPerformanceShaders.framework/Versions/A/Frameworks/MPSNDArray.framework/Versions/A/MPSNDArray
0x00007ffa28f0d000 	/System/Library/Frameworks/MetalPerformanceShaders.framework/Versions/A/Frameworks/MPSFunctions.framework/Versions/A/MPSFunctions
0x00007ff80c893000 	/System/Library/PrivateFrameworks/MetalTools.framework/Versions/A/MetalTools
0x00007ff816b9a000 	/System/Library/PrivateFrameworks/AggregateDictionary.framework/Versions/A/AggregateDictionary
0x00007ff81a108000 	/usr/lib/libIOReport.dylib
0x00007ffb1b0fe000 	/System/Library/PrivateFrameworks/PhotosensitivityProcessing.framework/Versions/A/PhotosensitivityProcessing
0x00007ffa24b50000 	/System/Library/Frameworks/OpenCL.framework/Versions/A/OpenCL
0x00007ff81a4ba000 	/System/Library/PrivateFrameworks/GraphVisualizer.framework/Versions/A/GraphVisualizer
0x00007ffb12b91000 	/System/Library/PrivateFrameworks/FontServices.framework/Versions/A/FontServices
0x00007ff81a8e6000 	/System/Library/PrivateFrameworks/OTSVG.framework/Versions/A/OTSVG
0x00007ff8142c5000 	/System/Library/Frameworks/ApplicationServices.framework/Versions/A/Frameworks/ATS.framework/Versions/A/Resources/libFontRegistry.dylib
0x00007ff81a935000 	/System/Library/PrivateFrameworks/FontServices.framework/libhvf.dylib
0x00007ffb12b92000 	/System/Library/PrivateFrameworks/FontServices.framework/libXTFontStaticRegistryData.dylib
0x00007ff91b988000 	/usr/lib/swift/libswiftMetal.dylib
0x00007ff913a87000 	/usr/lib/swift/libswiftsimd.dylib
0x00007ffb247d7000 	/System/Library/PrivateFrameworks/VideoToolboxParavirtualizationSupport.framework/Versions/A/VideoToolboxParavirtualizationSupport
0x00007ff81a322000 	/System/Library/PrivateFrameworks/AppleVA.framework/Versions/A/AppleVA
0x00007ff81c5ce000 	/System/Library/Frameworks/ApplicationServices.framework/Versions/A/Frameworks/ATS.framework/Versions/A/ATS
0x00007ff8119d9000 	/System/Library/Frameworks/ApplicationServices.framework/Versions/A/Frameworks/HIServices.framework/Versions/A/HIServices
0x00007ff81b425000 	/System/Library/Frameworks/ApplicationServices.framework/Versions/A/Frameworks/PrintCore.framework/Versions/A/PrintCore
0x00007ff81c97f000 	/System/Library/Frameworks/ApplicationServices.framework/Versions/A/Frameworks/QD.framework/Versions/A/QD
0x00007ff81c977000 	/System/Library/Frameworks/ApplicationServices.framework/Versions/A/Frameworks/ColorSyncLegacy.framework/Versions/A/ColorSyncLegacy
0x00007ff81c5a2000 	/System/Library/Frameworks/ApplicationServices.framework/Versions/A/Frameworks/SpeechSynthesis.framework/Versions/A/SpeechSynthesis
0x00007ff81b3e3000 	/System/Library/Frameworks/ApplicationServices.framework/Versions/A/Frameworks/ATSUI.framework/Versions/A/ATSUI
0x00007ff81c909000 	/usr/lib/libcups.2.dylib
0x00007ff81cccf000 	/System/Library/Frameworks/Kerberos.framework/Versions/A/Kerberos
0x00007ff81ccde000 	/System/Library/Frameworks/GSS.framework/Versions/A/GSS
0x00007ff81c63c000 	/usr/lib/libresolv.9.dylib
0x00007ff81a945000 	/System/Library/PrivateFrameworks/Heimdal.framework/Versions/A/Heimdal
0x00007ff823be0000 	/System/Library/Frameworks/Kerberos.framework/Versions/A/Libraries/libHeimdalProxy.dylib
0x00007ff81cd29000 	/System/Library/PrivateFrameworks/CommonAuth.framework/Versions/A/CommonAuth
0x00007ffa26dd5000 	/System/Library/Frameworks/AVFAudio.framework/Versions/A/AVFAudio
0x00007ff82b3d9000 	/System/Library/PrivateFrameworks/AXCoreUtilities.framework/Versions/A/AXCoreUtilities
0x00007ff81c520000 	/System/Library/PrivateFrameworks/AudioSession.framework/Versions/A/AudioSession
0x00007ff81db1e000 	/System/Library/Frameworks/IOBluetooth.framework/Versions/A/IOBluetooth
0x00007ff81a428000 	/System/Library/PrivateFrameworks/MediaExperience.framework/Versions/A/MediaExperience
0x00007ff81c3ca000 	/System/Library/PrivateFrameworks/AudioSession.framework/libSessionUtility.dylib
0x00007ff81c98b000 	/System/Library/PrivateFrameworks/AudioResourceArbitration.framework/Versions/A/AudioResourceArbitration
0x00007ff820aaf000 	/System/Library/PrivateFrameworks/PowerLog.framework/Versions/A/PowerLog
0x00007ff8209ee000 	/System/Library/Frameworks/CoreBluetooth.framework/Versions/A/CoreBluetooth
0x00007ff823be1000 	/System/Library/Frameworks/AudioUnit.framework/Versions/A/AudioUnit
0x00007ff817858000 	/System/Library/PrivateFrameworks/CoreUtils.framework/Versions/A/CoreUtils
0x00007ffb1165f000 	/System/Library/PrivateFrameworks/CoreUtilsExtras.framework/Versions/A/CoreUtilsExtras
0x00007ffb16616000 	/System/Library/PrivateFrameworks/IO80211.framework/Versions/A/IO80211
0x00007ff81a396000 	/System/Library/PrivateFrameworks/IconFoundation.framework/Versions/A/IconFoundation
0x00007ff81faa6000 	/System/Library/PrivateFrameworks/SpeechRecognitionCore.framework/Versions/A/SpeechRecognitionCore
0x000000010c3e2000 	/Applications/BlueJ.app/Contents/JDK/Home/lib/server/libjvm.dylib
0x000000010b2ed000 	/Applications/BlueJ.app/Contents/JDK/Home/lib/libjimage.dylib
0x000000010b34b000 	/Applications/BlueJ.app/Contents/JDK/Home/lib/libjdwp.dylib
0x000000010b3f7000 	/Applications/BlueJ.app/Contents/JDK/Home/lib/libjava.dylib
0x000000010c38a000 	/Applications/BlueJ.app/Contents/JDK/Home/lib/libdt_socket.dylib
0x000000012b8e7000 	/Applications/BlueJ.app/Contents/JDK/Home/lib/libnio.dylib
0x000000012b934000 	/Applications/BlueJ.app/Contents/JDK/Home/lib/libnet.dylib
0x000000012b975000 	/Applications/BlueJ.app/Contents/JDK/Home/lib/libzip.dylib
0x000000012e10a000 	/Applications/BlueJ.app/Contents/JDK/Home/lib/libawt.dylib
0x000000012e29a000 	/Applications/BlueJ.app/Contents/JDK/Home/lib/libmlib_image.dylib
0x00007ffa280f7000 	/System/Library/Frameworks/JavaRuntimeSupport.framework/Versions/A/JavaRuntimeSupport
0x00007ff90f98c000 	/System/Library/Frameworks/Carbon.framework/Versions/A/Carbon
0x00007ff821db4000 	/System/Library/PrivateFrameworks/CoreSymbolication.framework/Versions/A/CoreSymbolication
0x00007ff827750000 	/System/Library/Frameworks/Carbon.framework/Versions/A/Frameworks/CommonPanels.framework/Versions/A/CommonPanels
0x00007ff823544000 	/System/Library/Frameworks/Carbon.framework/Versions/A/Frameworks/Help.framework/Versions/A/Help
0x00007ff827754000 	/System/Library/Frameworks/Carbon.framework/Versions/A/Frameworks/ImageCapture.framework/Versions/A/ImageCapture
0x00007ff82772c000 	/System/Library/Frameworks/Carbon.framework/Versions/A/Frameworks/OpenScripting.framework/Versions/A/OpenScripting
0x00007ff82774c000 	/System/Library/Frameworks/Carbon.framework/Versions/A/Frameworks/Ink.framework/Versions/A/Ink
0x00007ff90f988000 	/System/Library/Frameworks/Carbon.framework/Versions/A/Frameworks/Print.framework/Versions/A/Print
0x00007ff827748000 	/System/Library/Frameworks/Carbon.framework/Versions/A/Frameworks/SecurityHI.framework/Versions/A/SecurityHI
0x00007ff821d75000 	/System/Library/PrivateFrameworks/DebugSymbols.framework/Versions/A/DebugSymbols
0x000000012e3f5000 	/Applications/BlueJ.app/Contents/JDK/Home/lib/libawt_lwawt.dylib
0x000000012ba47000 	/Applications/BlueJ.app/Contents/JDK/Home/lib/libosxapp.dylib
0x00007ff90ec31000 	/System/Library/Frameworks/ExceptionHandling.framework/Versions/A/ExceptionHandling
0x000000012e85a000 	/Applications/BlueJ.app/Contents/JDK/Home/lib/libfontmanager.dylib
0x000000012e6cf000 	/Applications/BlueJ.app/Contents/JDK/Home/lib/libfreetype.dylib
0x00007ff82109d000 	/System/Library/Frameworks/FileProvider.framework/Versions/A/FileProvider
0x00007ff8124ce000 	/System/Library/Frameworks/Accounts.framework/Versions/A/Accounts
0x00007ff81478b000 	/System/Library/PrivateFrameworks/UserManagement.framework/Versions/A/UserManagement
0x00007ff821237000 	/System/Library/PrivateFrameworks/GenerationalStorage.framework/Versions/A/GenerationalStorage
0x00007ff820aa4000 	/System/Library/PrivateFrameworks/SymptomDiagnosticReporter.framework/Versions/A/SymptomDiagnosticReporter
0x00007ff810396000 	/System/Library/PrivateFrameworks/DesktopServicesPriv.framework/Versions/A/DesktopServicesPriv
0x00007ff80f158000 	/usr/lib/libsandbox.1.dylib
0x00007ff81c96c000 	/System/Library/PrivateFrameworks/NetAuth.framework/Versions/A/NetAuth
0x00007ff81d99d000 	/System/Library/PrivateFrameworks/Sharing.framework/Versions/A/Sharing
0x00007ff814751000 	/System/Library/PrivateFrameworks/login.framework/Versions/A/Frameworks/loginsupport.framework/Versions/A/loginsupport
0x00007ff8230b6000 	/System/Library/PrivateFrameworks/Apple80211.framework/Versions/A/Apple80211
0x00007ff818295000 	/System/Library/PrivateFrameworks/AuthKit.framework/Versions/A/AuthKit
0x00007ff8177dd000 	/System/Library/Frameworks/CoreWLAN.framework/Versions/A/CoreWLAN
0x00007ff8230ba000 	/System/Library/PrivateFrameworks/CoreWiFi.framework/Versions/A/CoreWiFi
0x00007ffa14d05000 	/System/Library/PrivateFrameworks/WiFiPeerToPeer.framework/Versions/A/WiFiPeerToPeer
0x00007ff82191c000 	/System/Library/PrivateFrameworks/FrontBoardServices.framework/Versions/A/FrontBoardServices
0x00007ff8219b5000 	/System/Library/PrivateFrameworks/BoardServices.framework/Versions/A/BoardServices
0x00007ff823256000 	/System/Library/PrivateFrameworks/BackBoardServices.framework/Versions/A/BackBoardServices
0x00007ff81840d000 	/System/Library/Frameworks/UserNotifications.framework/Versions/A/UserNotifications
0x00007ff81ce21000 	/System/Library/PrivateFrameworks/CorePhoneNumbers.framework/Versions/A/CorePhoneNumbers
0x00007ff81c669000 	/System/Library/PrivateFrameworks/MultiverseSupport.framework/Versions/A/MultiverseSupport
0x00007ff8234d1000 	/System/Library/PrivateFrameworks/RemoteServiceDiscovery.framework/Versions/A/RemoteServiceDiscovery
0x00007ff820bbe000 	/System/Library/PrivateFrameworks/DiskManagement.framework/Versions/A/DiskManagement
0x00007ff820ad6000 	/System/Library/PrivateFrameworks/AppleIDAuthSupport.framework/Versions/A/AppleIDAuthSupport
0x00007ffa2bcd2000 	/System/Library/PrivateFrameworks/AAAFoundation.framework/Versions/A/AAAFoundation
0x00007ff81cdfa000 	/System/Library/PrivateFrameworks/KeychainCircle.framework/Versions/A/KeychainCircle
0x00007ff8234e1000 	/System/Library/PrivateFrameworks/RemoteXPC.framework/Versions/A/RemoteXPC
0x00007ff820b8a000 	/System/Library/PrivateFrameworks/MediaKit.framework/Versions/A/MediaKit
0x00007ff820ae2000 	/System/Library/Frameworks/DiscRecording.framework/Versions/A/DiscRecording
0x00007ff81a296000 	/usr/lib/libCoreStorage.dylib
0x00007ff82354c000 	/usr/lib/libcsfde.dylib
0x00007ff81dbf3000 	/System/Library/PrivateFrameworks/ProtectedCloudStorage.framework/Versions/A/ProtectedCloudStorage
0x00007ff823548000 	/System/Library/PrivateFrameworks/EFILogin.framework/Versions/A/EFILogin
0x00007ff82125d000 	/System/Library/PrivateFrameworks/OctagonTrust.framework/Versions/A/OctagonTrust
0x00007ff81a28e000 	/usr/lib/libMatch.1.dylib
0x00007ff91895d000 	/System/Library/CoreServices/RawCamera.bundle/Contents/MacOS/RawCamera
0x00007ff81cd39000 	/System/Library/PrivateFrameworks/MobileAsset.framework/Versions/A/MobileAsset
0x00007ff916232000 	/System/Library/PrivateFrameworks/SoftwareUpdateCoreSupport.framework/Versions/A/SoftwareUpdateCoreSupport
0x00007ff91c68b000 	/System/Library/PrivateFrameworks/SoftwareUpdateCoreConnect.framework/Versions/A/SoftwareUpdateCoreConnect
0x00007ff823c05000 	/System/Library/PrivateFrameworks/StreamingZip.framework/Versions/A/StreamingZip
0x00007ff915ef8000 	/System/Library/PrivateFrameworks/MSUDataAccessor.framework/Versions/A/MSUDataAccessor
0x00007ff91239e000 	/usr/lib/libbootpolicy.dylib
0x00007ff9230a6000 	/usr/lib/libpartition2_dynamic.dylib
0x00007ffb0e205000 	/System/Library/PrivateFrameworks/CMPhoto.framework/Versions/A/CMPhoto
0x00007ff821c48000 	/System/Library/PrivateFrameworks/AppleVPA.framework/Versions/A/AppleVPA
0x00007ff81b655000 	/System/Library/Frameworks/MediaToolbox.framework/Versions/A/MediaToolbox
0x00007ff82106d000 	/System/Library/PrivateFrameworks/CoreAVCHD.framework/Versions/A/CoreAVCHD
0x00007ff8201ac000 	/System/Library/Frameworks/MediaAccessibility.framework/Versions/A/MediaAccessibility
0x00007ff821069000 	/System/Library/PrivateFrameworks/Mangrove.framework/Versions/A/Mangrove
0x00007ff820cae000 	/System/Library/PrivateFrameworks/CoreAUC.framework/Versions/A/CoreAUC
0x00007ff9158e9000 	/System/Library/Frameworks/Accelerate.framework/Versions/A/Frameworks/vImage.framework/Versions/A/Libraries/libCGInterfaces.dylib
0x0000000130999000 	/usr/lib/libobjc-trampolines.dylib
0x00007ffb2b383000 	/usr/lib/libAccessibilityBaseImplementations.dylib
0x00007ff81446a000 	/System/Library/PrivateFrameworks/ViewBridge.framework/Versions/A/ViewBridge
0x0000000130126000 	/private/var/folders/k3/_r97446n53z_26j7yydnqvtw0000gn/T/libgdxaidenfavish/d8ae55ed/libgdx64.dylib
0x00007ff9109e8000 	/usr/lib/libstdc++.6.dylib
0x00000001301d6000 	/Applications/BlueJ.app/Contents/JDK/Home/lib/libverify.dylib
0x0000000130286000 	/private/var/folders/k3/_r97446n53z_26j7yydnqvtw0000gn/T/libgdxaidenfavish/f7649394/liblwjgl.dylib
0x00000001301c4000 	/Applications/BlueJ.app/Contents/JDK/Home/lib/libjawt.dylib
0x000000013043c000 	/private/var/folders/k3/_r97446n53z_26j7yydnqvtw0000gn/T/libgdxaidenfavish/f7649394/openal.dylib
0x0000000132386000 	/System/Library/Components/CoreAudio.component/Contents/MacOS/CoreAudio
0x00007ff90fd83000 	/System/Library/Frameworks/AVFoundation.framework/Versions/A/AVFoundation
0x00007ff821715000 	/System/Library/PrivateFrameworks/AVFCore.framework/Versions/A/AVFCore
0x00007ff829137000 	/System/Library/PrivateFrameworks/AVFCapture.framework/Versions/A/AVFCapture
0x00007ff90e87c000 	/System/Library/PrivateFrameworks/AirPlaySync.framework/Versions/A/AirPlaySync
0x00007ffb0e1d7000 	/System/Library/PrivateFrameworks/CMImaging.framework/Versions/A/CMImaging
0x00007ff8292b7000 	/System/Library/PrivateFrameworks/Quagga.framework/Versions/A/Quagga
0x00007ff8293a5000 	/System/Library/PrivateFrameworks/CMCapture.framework/Versions/A/CMCapture
0x00007ff81c738000 	/System/Library/Frameworks/CoreMediaIO.framework/Versions/A/CoreMediaIO
0x00007ff910a3c000 	/System/Library/PrivateFrameworks/LoggingSupport.framework/Versions/A/LoggingSupport
0x00007ffa24096000 	/System/Library/Frameworks/OpenGL.framework/Versions/A/Resources/GLEngine.bundle/GLEngine
0x00007ffa23f07000 	/System/Library/Frameworks/OpenGL.framework/Versions/A/Libraries/libGLProgrammability.dylib
0x000000013209f000 	/System/Library/Extensions/AppleMetalOpenGLRenderer.bundle/Contents/MacOS/AppleMetalOpenGLRenderer
0x00007ffa24218000 	/System/Library/Frameworks/OpenGL.framework/Versions/A/Resources/GLRendererFloat.bundle/GLRendererFloat
0x00007ffa2519a000 	/System/Library/Extensions/AGXMetal13_3.bundle/Contents/MacOS/AGXMetal13_3
0x00007ff910aef000 	/System/Library/PrivateFrameworks/GPURawCounter.framework/Versions/A/GPURawCounter
0x00007ff82a3af000 	/System/Library/PrivateFrameworks/IOGPU.framework/Versions/A/IOGPU
0x00007ff81a9fd000 	/System/Library/PrivateFrameworks/login.framework/Versions/A/login
0x00007ff8201e0000 	/System/Library/PrivateFrameworks/SystemAdministration.framework/Versions/A/SystemAdministration
0x00007ff81fa72000 	/System/Library/Frameworks/DirectoryService.framework/Versions/A/DirectoryService
0x00007ff8233e9000 	/System/Library/PrivateFrameworks/DiskImages.framework/Versions/A/DiskImages
0x00007ff817aac000 	/System/Library/Frameworks/ServiceManagement.framework/Versions/A/ServiceManagement
0x00007ff8235cd000 	/System/Library/PrivateFrameworks/LoginUIKit.framework/Versions/A/Frameworks/LoginUICore.framework/Versions/A/LoginUICore
0x00007ff81abb5000 	/usr/lib/libodfde.dylib
0x00007ff823558000 	/usr/lib/libcurl.4.dylib
0x00007ffb2ba7f000 	/usr/lib/libcrypto.46.dylib
0x00007ffc0c279000 	/usr/lib/libssl.48.dylib
0x00007ff823277000 	/System/Library/Frameworks/LDAP.framework/Versions/A/LDAP
0x00007ff8232b3000 	/System/Library/PrivateFrameworks/TrustEvaluationAgent.framework/Versions/A/TrustEvaluationAgent
0x00007ff81c655000 	/usr/lib/libsasl2.2.dylib
0x00007ffa1af2d000 	/System/Library/PrivateFrameworks/VoiceShortcutClient.framework/Versions/A/VoiceShortcutClient
0x00007ffb1764d000 	/System/Library/PrivateFrameworks/LinkServices.framework/Versions/A/LinkServices
0x00007ff914d62000 	/System/Library/PrivateFrameworks/IntentsCore.framework/Versions/A/IntentsCore
0x00007ff8235d5000 	/System/Library/PrivateFrameworks/AppSupport.framework/Versions/A/AppSupport
0x00007ff823c7a000 	/System/Library/PrivateFrameworks/IntentsFoundation.framework/Versions/A/IntentsFoundation
0x00007ff818452000 	/System/Library/Frameworks/CoreSpotlight.framework/Versions/A/CoreSpotlight
0x00007ff822a24000 	/System/Library/PrivateFrameworks/CoreDuetContext.framework/Versions/A/CoreDuetContext
0x00007ff81058a000 	/System/Library/PrivateFrameworks/CoreDuet.framework/Versions/A/CoreDuet
0x00007ff822a77000 	/System/Library/Frameworks/Intents.framework/Versions/A/Intents
0x00007ffb1757c000 	/System/Library/PrivateFrameworks/LinkMetadata.framework/Versions/A/LinkMetadata
0x00007ff915905000 	/usr/lib/swift/libswiftCoreLocation.dylib
0x00007ffc0c4c3000 	/usr/lib/swift/libswiftExtensionFoundation.dylib
0x00007ffc0c4f7000 	/usr/lib/swift/libswiftFileProvider.dylib
0x00007ff910b02000 	/usr/lib/swift/libswiftIntents.dylib
0x00007ffa108cd000 	/usr/lib/swift/libswiftNetwork.dylib
0x00007ffc0c59b000 	/usr/lib/swift/libswiftPrivate_BiomePubSub.dylib
0x00007ff91ef3c000 	/usr/lib/swift/libswiftQuartzCore.dylib
0x00007ff922eda000 	/usr/lib/swift/libswiftUniformTypeIdentifiers.dylib
0x00007ff815b73000 	/System/Library/Frameworks/CoreLocation.framework/Versions/A/CoreLocation
0x00007ff91c30d000 	/System/Library/PrivateFrameworks/BiomeStreams.framework/Versions/A/BiomeStreams
0x00007ffb171f7000 	/System/Library/PrivateFrameworks/Koa.framework/Versions/A/Koa
0x00007ff920a24000 	/System/Library/PrivateFrameworks/BiomeStorage.framework/Versions/A/BiomeStorage
0x00007ff9276da000 	/usr/lib/swift/libswiftOSLog.dylib
0x00007ff81de48000 	/System/Library/PrivateFrameworks/GeoServices.framework/Versions/A/GeoServices
0x00007ff81c397000 	/System/Library/PrivateFrameworks/LocationSupport.framework/Versions/A/LocationSupport
0x00007ffb13737000 	/System/Library/PrivateFrameworks/GeoServicesCore.framework/Versions/A/GeoServicesCore
0x00007ff82b3d0000 	/System/Library/PrivateFrameworks/PhoneNumbers.framework/Versions/A/PhoneNumbers
0x00007ff81a111000 	/System/Library/PrivateFrameworks/CrashReporterSupport.framework/Versions/A/CrashReporterSupport
0x00007ff91e58d000 	/System/Library/PrivateFrameworks/OSAnalytics.framework/Versions/A/OSAnalytics
0x00007ff92a736000 	/System/Library/PrivateFrameworks/Symbolication.framework/Versions/A/Symbolication
0x00007ff910aae000 	/System/Library/PrivateFrameworks/MallocStackLogging.framework/Versions/A/MallocStackLogging
0x00007ffb0dbd7000 	/System/Library/PrivateFrameworks/BiomeFlexibleStorage.framework/Versions/A/BiomeFlexibleStorage
0x00007ff91974c000 	/System/Library/PrivateFrameworks/BiomeFoundation.framework/Versions/A/BiomeFoundation
0x00007ffb0dbbe000 	/System/Library/PrivateFrameworks/BiomeDSL.framework/Versions/A/BiomeDSL
0x00007ff9209e3000 	/System/Library/PrivateFrameworks/BiomePubSub.framework/Versions/A/BiomePubSub
0x00007ff824a6c000 	/System/Library/PrivateFrameworks/ProactiveSupport.framework/Versions/A/ProactiveSupport
0x00007ff823820000 	/System/Library/PrivateFrameworks/InternationalTextSearch.framework/Versions/A/InternationalTextSearch
0x00007ff8256fd000 	/System/Library/PrivateFrameworks/RTCReporting.framework/Versions/A/RTCReporting
0x00007ffc0c18f000 	/usr/lib/libskit.dylib
0x00007ff914a3f000 	/usr/lib/libmorphun.dylib
0x00007ffb189ba000 	/System/Library/PrivateFrameworks/MorphunAssets.framework/Versions/A/MorphunAssets
0x00007ff91474c000 	/System/Library/PrivateFrameworks/PeopleSuggester.framework/Versions/A/PeopleSuggester
0x00007ffb2bc19000 	/usr/lib/libmarisa.dylib
0x00007ff821f36000 	/System/Library/PrivateFrameworks/EmbeddedAcousticRecognition.framework/Versions/A/EmbeddedAcousticRecognition
0x00007ff814b5b000 	/System/Library/Frameworks/CoreML.framework/Versions/A/CoreML
0x00007ff823d14000 	/System/Library/PrivateFrameworks/Espresso.framework/Versions/A/Espresso
0x00007ff9107da000 	/System/Library/Frameworks/NaturalLanguage.framework/Versions/A/NaturalLanguage
0x00007ff917c23000 	/System/Library/PrivateFrameworks/EmojiFoundation.framework/Versions/A/EmojiFoundation
0x00007ff91ea28000 	/System/Library/PrivateFrameworks/SDAPI.framework/Versions/A/SDAPI
0x00007ff817de9000 	/System/Library/Frameworks/MLCompute.framework/Versions/A/MLCompute
0x00007ff8147b4000 	/System/Library/Frameworks/CloudKit.framework/Versions/A/CloudKit
0x00007ffb17ab6000 	/System/Library/PrivateFrameworks/MLAssetIO.framework/Versions/A/MLAssetIO
0x00007ffa28f20000 	/System/Library/Frameworks/MetalPerformanceShadersGraph.framework/Versions/A/MetalPerformanceShadersGraph
0x00007ffa1b6ba000 	/System/Library/PrivateFrameworks/ANECompiler.framework/Versions/A/ANECompiler
0x00007ff825909000 	/System/Library/PrivateFrameworks/AppleNeuralEngine.framework/Versions/A/AppleNeuralEngine
0x00007ff914cb0000 	/usr/lib/libncurses.5.4.dylib
0x00007ff824a4c000 	/System/Library/PrivateFrameworks/ANEServices.framework/Versions/A/ANEServices
0x00007ffa2b015000 	/System/Library/Frameworks/SharedWithYouCore.framework/Versions/A/SharedWithYouCore
0x00007ffb2b49b000 	/usr/lib/libBASupport.dylib
0x00007ff8238e0000 	/System/Library/PrivateFrameworks/AppleAccount.framework/Versions/A/AppleAccount
0x00007ff814754000 	/System/Library/PrivateFrameworks/ApplePushService.framework/Versions/A/ApplePushService
0x00007ff823c92000 	/System/Library/PrivateFrameworks/C2.framework/Versions/A/C2
0x00007ffb0e55f000 	/System/Library/PrivateFrameworks/CloudKitDistributedSync.framework/Versions/A/CloudKitDistributedSync
0x00007ff823c8a000 	/System/Library/Frameworks/PushKit.framework/Versions/A/PushKit
0x00007ffa27896000 	/System/Library/Frameworks/CoreTransferable.framework/Versions/A/CoreTransferable
0x00007ffa10ad2000 	/System/Library/Frameworks/CryptoKit.framework/Versions/A/CryptoKit
0x00007ffa14c88000 	/System/Library/PrivateFrameworks/FeatureFlags.framework/Versions/A/FeatureFlags
0x00007ff92798a000 	/usr/lib/swift/libswiftAVFoundation.dylib
0x00007ff910af3000 	/usr/lib/swift/libswiftCoreAudio.dylib
0x00007ff915908000 	/usr/lib/swift/libswiftCoreMIDI.dylib
0x00007ff92637e000 	/usr/lib/swift/libswiftCoreMedia.dylib
0x00007ff81d5cc000 	/System/Library/PrivateFrameworks/IDS.framework/Versions/A/IDS
0x00007ff823a4b000 	/System/Library/PrivateFrameworks/AppleIDSSOAuthentication.framework/Versions/A/AppleIDSSOAuthentication
0x00007ff81c323000 	/System/Library/PrivateFrameworks/IMFoundation.framework/Versions/A/IMFoundation
0x00007ff82ab2b000 	/System/Library/PrivateFrameworks/Marco.framework/Versions/A/Marco
0x00007ff81d75a000 	/System/Library/PrivateFrameworks/IDSFoundation.framework/Versions/A/IDSFoundation
0x00007ff81254b000 	/System/Library/PrivateFrameworks/CommonUtilities.framework/Versions/A/CommonUtilities
0x00007ff9106ce000 	/System/Library/PrivateFrameworks/FTServices.framework/Versions/A/FTServices
0x00007ff827715000 	/System/Library/PrivateFrameworks/Engram.framework/Versions/A/Engram
0x00007ff8276b8000 	/usr/lib/libtidy.A.dylib
0x00007ff81abb9000 	/System/Library/PrivateFrameworks/Bom.framework/Versions/A/Bom
0x00007ff81c679000 	/usr/lib/libParallelCompression.dylib
0x00007ff91bf34000 	/System/Library/PrivateFrameworks/FTAWD.framework/Versions/A/FTAWD
0x00007ff823bdb000 	/System/Library/PrivateFrameworks/CryptoKitCBridging.framework/Versions/A/CryptoKitCBridging
0x00007ff821a5c000 	/System/Library/Frameworks/CryptoTokenKit.framework/Versions/A/CryptoTokenKit
0x00007ff92637c000 	/usr/lib/swift/libswiftCryptoTokenKit.dylib
0x00007ff821ab8000 	/System/Library/Frameworks/LocalAuthentication.framework/Versions/A/LocalAuthentication
0x00007ff821afd000 	/System/Library/Frameworks/LocalAuthentication.framework/Support/SharedUtils.framework/Versions/A/SharedUtils
0x00007ff90ebb8000 	/usr/lib/swift/libswiftCoreGraphics.dylib
0x00007ffb186c7000 	/System/Library/PrivateFrameworks/MilAneflow.framework/Versions/A/MilAneflow
0x00007ff811b21000 	/System/Library/PrivateFrameworks/Montreal.framework/Versions/A/Montreal
0x00007ff9188b4000 	/System/Library/PrivateFrameworks/DifferentialPrivacy.framework/Versions/A/DifferentialPrivacy
0x00007ffa0ebf9000 	/System/Library/PrivateFrameworks/InternalSwiftProtobuf.framework/Versions/A/InternalSwiftProtobuf
0x00007ff91131e000 	/System/Library/PrivateFrameworks/Trial.framework/Versions/A/Trial
0x00007ff826781000 	/System/Library/PrivateFrameworks/AssistantServices.framework/Versions/A/AssistantServices
0x00007ff9112a6000 	/System/Library/PrivateFrameworks/TrialProto.framework/Versions/A/TrialProto
0x00007ff82ae72000 	/System/Library/PrivateFrameworks/ProactiveEventTracker.framework/Versions/A/ProactiveEventTracker
0x00007ff821cb8000 	/System/Library/PrivateFrameworks/SAObjects.framework/Versions/A/SAObjects
0x00007ff826243000 	/System/Library/PrivateFrameworks/MediaRemote.framework/Versions/A/MediaRemote
0x00007ff915195000 	/System/Library/PrivateFrameworks/SiriInstrumentation.framework/Versions/A/SiriInstrumentation
0x00007ffb1c821000 	/System/Library/PrivateFrameworks/SiriAnalytics.framework/Versions/A/SiriAnalytics
0x00007ffb1fa4a000 	/System/Library/PrivateFrameworks/SiriTTSService.framework/Versions/A/SiriTTSService
0x00007ffb1cd98000 	/System/Library/PrivateFrameworks/SiriCrossDeviceArbitrationFeedback.framework/Versions/A/SiriCrossDeviceArbitrationFeedback
0x00007ff821ea2000 	/System/Library/PrivateFrameworks/Rapport.framework/Versions/A/Rapport
0x00007ff82a9fc000 	/System/Library/PrivateFrameworks/MediaServices.framework/Versions/A/MediaServices
0x00007ff81a491000 	/System/Library/PrivateFrameworks/PersistentConnection.framework/Versions/A/PersistentConnection
0x00007ff9133d1000 	/System/Library/PrivateFrameworks/FeedbackLogger.framework/Versions/A/FeedbackLogger
0x00007ff916525000 	/usr/lib/libtailspin.dylib
0x00007ffb23abb000 	/System/Library/PrivateFrameworks/UnifiedAssetFramework.framework/Versions/A/UnifiedAssetFramework
0x00007ff925df2000 	/System/Library/PrivateFrameworks/Osprey.framework/Versions/A/Osprey
0x00007ffb1f0f3000 	/System/Library/PrivateFrameworks/SiriTTS.framework/Versions/A/SiriTTS
0x00007ffb1e65e000 	/System/Library/PrivateFrameworks/SiriPowerInstrumentation.framework/Versions/A/SiriPowerInstrumentation
0x00007ff922ee9000 	/usr/lib/swift/libswiftAccelerate.dylib
0x00007ffb21206000 	/System/Library/PrivateFrameworks/TailspinSymbolication.framework/Versions/A/TailspinSymbolication
0x00007ffb1174d000 	/System/Library/PrivateFrameworks/Darwinup.framework/Versions/A/Darwinup
0x00007ff91fa00000 	/System/Library/PrivateFrameworks/SignpostSupport.framework/Versions/A/SignpostSupport
0x00007ff9106b4000 	/System/Library/PrivateFrameworks/FeatureFlagsSupport.framework/Versions/A/FeatureFlagsSupport
0x00007ff91f2ac000 	/System/Library/PrivateFrameworks/ktrace.framework/Versions/A/ktrace
0x00007ff91fc80000 	/System/Library/PrivateFrameworks/SampleAnalysis.framework/Versions/A/SampleAnalysis
0x00007ff92736e000 	/System/Library/PrivateFrameworks/kperfdata.framework/Versions/A/kperfdata
0x00007ff81dd46000 	/usr/lib/libdscsym.dylib
0x00007ff91f2a7000 	/System/Library/PrivateFrameworks/kperf.framework/Versions/A/kperf
0x00007ffa0e9e5000 	/System/Library/Frameworks/OSLog.framework/Versions/A/OSLog
0x00007ff9276ca000 	/System/Library/PrivateFrameworks/BulkSymbolication.framework/Versions/A/BulkSymbolication
0x00007ffa1349b000 	/usr/lib/libedit.3.dylib
0x00007ffb0dbf4000 	/System/Library/PrivateFrameworks/BiomeLibrary.framework/Versions/A/BiomeLibrary
0x00007ff8215f9000 	/System/Library/Frameworks/CoreTelephony.framework/Versions/A/CoreTelephony
0x00007ff824bd4000 	/System/Library/PrivateFrameworks/CoreDuetDaemonProtocol.framework/Versions/A/CoreDuetDaemonProtocol
0x00007ff81ce2a000 	/usr/lib/libTelephonyUtilDynamic.dylib


VM Arguments:
jvm_args: -ea -agentlib:jdwp=transport=dt_socket,address=127.0.0.1:65110 -Dfile.encoding=UTF-8 
java_command: bluej.runtime.ExecServer UTF-8
java_class_path (initial): /Applications/BlueJ.app/Contents/Resources/Java/bluejcore.jar:/Applications/BlueJ.app/Contents/Resources/Java/junit-platform-console-standalone-1.5.2.jar:/Applications/BlueJ.app/Contents/Resources/Java/junit-quickcheck-core-0.9.jar:/Applications/BlueJ.app/Contents/Resources/Java/junit-jupiter-migrationsupport-5.5.2.jar:/Applications/BlueJ.app/Contents/Resources/Java/junit-platform-runner-1.5.2.jar:/Applications/BlueJ.app/Contents/Resources/Java/junit-jupiter-params-5.5.2.jar:/Applications/BlueJ.app/Contents/Resources/Java/junit-platform-testkit-1.5.2.jar:/Applications/BlueJ.app/Contents/Resources/Java/junit-jupiter-api-5.5.2.jar:/Applications/BlueJ.app/Contents/Resources/Java/junit-platform-console-1.5.2.jar:/Applications/BlueJ.app/Contents/Resources/Java/junit-jupiter-engine-5.5.2.jar:/Applications/BlueJ.app/Contents/Resources/Java/junit-platform-suite-api-1.5.2.jar:/Applications/BlueJ.app/Contents/Resources/Java/junit-vintage-engine-5.5.2.jar:/Applications/BlueJ.app/Contents/Resources/Java/junit-platform-reporting-1.5.2.jar:/Applications/BlueJ.app/Contents/Resources/Java/junit-jupiter-5.5.2.jar:/Applications/BlueJ.app/Contents/Resources/Java/junit-platform-engine-1.5.2.jar:/Applications/BlueJ.app/Contents/Resources/Java/junit-platform-launcher-1.5.2.jar:/Applications/BlueJ.app/Contents/Resources/Java/junit-platform-commons-1.5.2.jar:/Applications/BlueJ.app/Contents/Resources/Java/hamcrest-core-1.3.jar:/Applications/BlueJ.app/Contents/Resources/Java/hamcrest-library-1.3.jar:/Applications/BlueJ.app/Contents/Resources/Java/lang-stride.jar:/Applications/BlueJ.app/Contents/Resources/Java/javafx/lib/javafx.base.jar:/Applications/BlueJ.app/Contents/Resources/Java/javafx/lib/javafx.controls.jar:/Applications/BlueJ.app/Contents/Resources/Java/javafx/lib/javafx.fxml.jar:/Applications/BlueJ.app/Contents/Resources/Java/javafx/lib/javafx.graphics.jar:/Applications/BlueJ.app/Contents/Resources/Java/javafx/lib/javafx.media.jar:/Applications/BlueJ.app
Launcher Type: SUN_STANDARD

[Global flags]
     intx CICompilerCount                          = 4                                         {product} {ergonomic}
     uint ConcGCThreads                            = 2                                         {product} {ergonomic}
     uint G1ConcRefinementThreads                  = 8                                         {product} {ergonomic}
   size_t G1HeapRegionSize                         = 1048576                                   {product} {ergonomic}
    uintx GCDrainStackTargetSize                   = 64                                        {product} {ergonomic}
   size_t InitialHeapSize                          = 134217728                                 {product} {ergonomic}
   size_t MarkStackSize                            = 4194304                                   {product} {ergonomic}
   size_t MaxHeapSize                              = 2147483648                                {product} {ergonomic}
   size_t MaxNewSize                               = 1287651328                                {product} {ergonomic}
   size_t MinHeapDeltaBytes                        = 1048576                                   {product} {ergonomic}
   size_t MinHeapSize                              = 8388608                                   {product} {ergonomic}
    uintx NonNMethodCodeHeapSize                   = 5839372                                {pd product} {ergonomic}
    uintx NonProfiledCodeHeapSize                  = 122909434                              {pd product} {ergonomic}
    uintx ProfiledCodeHeapSize                     = 122909434                              {pd product} {ergonomic}
    uintx ReservedCodeCacheSize                    = 251658240                              {pd product} {ergonomic}
     bool SegmentedCodeCache                       = true                                      {product} {ergonomic}
   size_t SoftMaxHeapSize                          = 2147483648                             {manageable} {ergonomic}
     bool UseCompressedClassPointers               = true                           {product lp64_product} {ergonomic}
     bool UseCompressedOops                        = true                           {product lp64_product} {ergonomic}
     bool UseG1GC                                  = true                                      {product} {ergonomic}
     bool UseNUMA                                  = false                                     {product} {ergonomic}
     bool UseNUMAInterleaving                      = false                                     {product} {ergonomic}

Logging:
Log output configuration:
 #0: stdout all=warning uptime,level,tags
 #1: stderr all=off uptime,level,tags

Environment Variables:
PATH=/usr/bin:/bin:/usr/sbin:/sbin
SHELL=/bin/zsh
TMPDIR=/var/folders/k3/_r97446n53z_26j7yydnqvtw0000gn/T/

Signal Handlers:
   SIGSEGV: crash_handler in libjvm.dylib, mask=11100110100111111111111111111111, flags=SA_RESTART|SA_SIGINFO
    SIGBUS: crash_handler in libjvm.dylib, mask=11100110100111111111111111111111, flags=SA_RESTART|SA_SIGINFO
    SIGFPE: crash_handler in libjvm.dylib, mask=11100110100111111111111111111111, flags=SA_RESTART|SA_SIGINFO
   SIGPIPE: javaSignalHandler in libjvm.dylib, mask=11100110100111111111111111111111, flags=SA_RESTART|SA_SIGINFO
   SIGXFSZ: javaSignalHandler in libjvm.dylib, mask=11100110100111111111111111111111, flags=SA_RESTART|SA_SIGINFO
    SIGILL: crash_handler in libjvm.dylib, mask=11100110100111111111111111111111, flags=SA_RESTART|SA_SIGINFO
   SIGUSR2: SR_handler in libjvm.dylib, mask=00100000000000000000000000000000, flags=SA_RESTART|SA_SIGINFO
    SIGHUP: UserHandler in libjvm.dylib, mask=11100110100111111111111111111111, flags=SA_RESTART|SA_SIGINFO
    SIGINT: UserHandler in libjvm.dylib, mask=11100110100111111111111111111111, flags=SA_RESTART|SA_SIGINFO
   SIGTERM: UserHandler in libjvm.dylib, mask=11100110100111111111111111111111, flags=SA_RESTART|SA_SIGINFO
   SIGQUIT: UserHandler in libjvm.dylib, mask=11100110100111111111111111111111, flags=SA_RESTART|SA_SIGINFO
  *** Handler was modified!
  *** Expected: javaSignalHandler in libjvm.dylib, mask=11100110100111111111111111111111, flags=SA_RESTART|SA_SIGINFO
   SIGTRAP: crash_handler in libjvm.dylib, mask=11100110100111111111111111111111, flags=SA_RESTART|SA_SIGINFO


---------------  S Y S T E M  ---------------

OS:
uname: Darwin 22.5.0 Darwin Kernel Version 22.5.0: Mon Apr 24 20:53:44 PDT 2023; root:xnu-8796.121.2~5/RELEASE_ARM64_T8103 x86_64
OS uptime: 9 days 21:14 hours
rlimit (soft/hard): STACK 8176k/65520k , CORE 0k/infinity , NPROC 1333/2000 , NOFILE 10240/infinity , AS infinity/infinity , CPU infinity/infinity , DATA infinity/infinity , FSIZE infinity/infinity , MEMLOCK infinity/infinity , RSS infinity/infinity
load average: 2.79 1.92 1.76

CPU: (EMULATED) total 8 (initial active 8) (1 cores per cpu, 1 threads per core) family 6 model 44 stepping 0 microcode 0x0, cx8, cmov, fxsr, mmx, sse, sse2, sse3, ssse3, sse4.1, sse4.2, popcnt, tsc, tscinvbit, aes, clmul, clflush

Memory: 4k page, physical 8388608k(21872k free), swap 2097152k(1631552k free)

vm_info: OpenJDK 64-Bit Server VM (17.0.4.1+1) for bsd-amd64 JRE (17.0.4.1+1), built on Aug 17 2022 13:35:43 by "temurin" with clang 4.2.1 Compatible Apple LLVM 10.0.1 (clang-1001.0.46.4)

END.
